[ 2013-10-18T20:36:44+08:00 ] 127.0.0.1 /myshop/
INFO: [ app_begin ] --START--
INFO: ReadHtmlCache Behavior ::run [ RunTime:0.003559s ]
INFO: [ app_begin ] --END-- [ RunTime:0.003695s ]
INFO: [ view_parse ] --START--
INFO: ParseTemplate Behavior ::run [ RunTime:0.032799s ]
INFO: [ view_parse ] --END-- [ RunTime:0.032938s ]
INFO: [ view_filter ] --START--
INFO: ContentReplace Behavior ::run [ RunTime:0.002380s ]
INFO: TokenBuild Behavior ::run [ RunTime:0.029147s ]
INFO: WriteHtmlCache Behavior ::run [ RunTime:0.002443s ]
INFO: ShowRuntime Behavior ::run [ RunTime:0.002795s ]
INFO: [ view_filter ] --END-- [ RunTime:0.037141s ]
INFO: [ view_end ] --START--
INFO: ShowPageTrace Behavior ::run [ RunTime:0.003119s ]
INFO: [ view_end ] --END-- [ RunTime:0.003208s ]

[ 2013-10-18T20:36:47+08:00 ] 127.0.0.1 /myshop/index.php/Catagory/getlist/id/2
INFO: [ route_check ] --START--
INFO: CheckRoute Behavior ::run [ RunTime:0.026299s ]
INFO: [ route_check ] --END-- [ RunTime:0.026593s ]
INFO: [ app_begin ] --START--
INFO: ReadHtmlCache Behavior ::run [ RunTime:0.000780s ]
INFO: [ app_begin ] --END-- [ RunTime:0.000856s ]
SQL: select * from categories c, categories_description cd where cd.categories_id=c.categories_id and c.categories_id=2 [ RunTime:0.079981s ]

[ 2013-10-18T20:46:58+08:00 ] 127.0.0.1 /myshop/
INFO: [ app_begin ] --START--
INFO: ReadHtmlCache Behavior ::run [ RunTime:0.001260s ]
INFO: [ app_begin ] --END-- [ RunTime:0.001370s ]
INFO: [ view_parse ] --START--
INFO: ParseTemplate Behavior ::run [ RunTime:0.017767s ]
INFO: [ view_parse ] --END-- [ RunTime:0.017882s ]
INFO: [ view_filter ] --START--
INFO: ContentReplace Behavior ::run [ RunTime:0.001018s ]
INFO: TokenBuild Behavior ::run [ RunTime:0.000915s ]
INFO: WriteHtmlCache Behavior ::run [ RunTime:0.000784s ]
INFO: ShowRuntime Behavior ::run [ RunTime:0.000965s ]
INFO: [ view_filter ] --END-- [ RunTime:0.003924s ]
INFO: [ view_end ] --START--
INFO: ShowPageTrace Behavior ::run [ RunTime:0.001018s ]
INFO: [ view_end ] --END-- [ RunTime:0.001099s ]

[ 2013-10-18T20:47:05+08:00 ] 127.0.0.1 /myshop/index.php/Catagory/getlist
INFO: [ route_check ] --START--
INFO: CheckRoute Behavior ::run [ RunTime:0.004410s ]
INFO: [ route_check ] --END-- [ RunTime:0.004810s ]
INFO: [ app_begin ] --START--
INFO: ReadHtmlCache Behavior ::run [ RunTime:0.002814s ]
INFO: [ app_begin ] --END-- [ RunTime:0.003050s ]
SQL: select * from categories c, categories_description cd where cd.categories_id=c.categories_id [ RunTime:0.001737s ]

[ 2013-10-18T20:47:14+08:00 ] 127.0.0.1 /myshop/index.php/Catagory/getlist/id/2
INFO: [ route_check ] --START--
INFO: CheckRoute Behavior ::run [ RunTime:0.003804s ]
INFO: [ route_check ] --END-- [ RunTime:0.004291s ]
INFO: [ app_begin ] --START--
INFO: ReadHtmlCache Behavior ::run [ RunTime:0.003290s ]
INFO: [ app_begin ] --END-- [ RunTime:0.003598s ]
SQL: select * from categories c, categories_description cd where cd.categories_id=c.categories_id and c.categories_id=2 [ RunTime:0.001990s ]

[ 2013-10-18T20:47:17+08:00 ] 127.0.0.1 /myshop/index.php/Catagory/getlist
INFO: [ route_check ] --START--
INFO: CheckRoute Behavior ::run [ RunTime:0.002751s ]
INFO: [ route_check ] --END-- [ RunTime:0.003056s ]
INFO: [ app_begin ] --START--
INFO: ReadHtmlCache Behavior ::run [ RunTime:0.002557s ]
INFO: [ app_begin ] --END-- [ RunTime:0.002786s ]
SQL: select * from categories c, categories_description cd where cd.categories_id=c.categories_id [ RunTime:0.001644s ]

[ 2013-10-18T20:47:38+08:00 ] 127.0.0.1 /myshop/index.php/Catagory/getlist/id/2
INFO: [ route_check ] --START--
INFO: CheckRoute Behavior ::run [ RunTime:0.003813s ]
INFO: [ route_check ] --END-- [ RunTime:0.004219s ]
INFO: [ app_begin ] --START--
INFO: ReadHtmlCache Behavior ::run [ RunTime:0.003044s ]
INFO: [ app_begin ] --END-- [ RunTime:0.003375s ]
SQL: select * from categories c, categories_description cd where cd.categories_id=c.categories_id and c.categories_id=2 [ RunTime:0.001937s ]

[ 2013-10-18T20:53:33+08:00 ] 127.0.0.1 /myshop/
INFO: [ app_begin ] --START--
INFO: ReadHtmlCache Behavior ::run [ RunTime:0.002689s ]
INFO: [ app_begin ] --END-- [ RunTime:0.002791s ]
INFO: [ view_parse ] --START--
INFO: ParseTemplate Behavior ::run [ RunTime:0.023163s ]
INFO: [ view_parse ] --END-- [ RunTime:0.023379s ]
INFO: [ view_filter ] --START--
INFO: ContentReplace Behavior ::run [ RunTime:0.009079s ]
INFO: TokenBuild Behavior ::run [ RunTime:0.009157s ]
INFO: WriteHtmlCache Behavior ::run [ RunTime:0.007394s ]
INFO: ShowRuntime Behavior ::run [ RunTime:0.009391s ]
INFO: [ view_filter ] --END-- [ RunTime:0.035983s ]
INFO: [ view_end ] --START--
INFO: ShowPageTrace Behavior ::run [ RunTime:0.008760s ]
INFO: [ view_end ] --END-- [ RunTime:0.009100s ]

[ 2013-10-18T20:53:34+08:00 ] 127.0.0.1 /myshop/index.php/Product/clist
INFO: [ route_check ] --START--
INFO: CheckRoute Behavior ::run [ RunTime:0.002908s ]
INFO: [ route_check ] --END-- [ RunTime:0.003103s ]
INFO: [ app_begin ] --START--
INFO: ReadHtmlCache Behavior ::run [ RunTime:0.002585s ]
INFO: [ app_begin ] --END-- [ RunTime:0.002732s ]
SQL: select * from products c, products_to_categories cd where cd.products_id=c.products_id [ RunTime:0.001591s ]

[ 2013-10-18T20:54:48+08:00 ] 127.0.0.1 /myshop/
INFO: [ app_begin ] --START--
INFO: ReadHtmlCache Behavior ::run [ RunTime:0.001810s ]
INFO: [ app_begin ] --END-- [ RunTime:0.001948s ]
INFO: [ view_parse ] --START--
INFO: ParseTemplate Behavior ::run [ RunTime:0.019643s ]
INFO: [ view_parse ] --END-- [ RunTime:0.019768s ]
INFO: [ view_filter ] --START--
INFO: ContentReplace Behavior ::run [ RunTime:0.001388s ]
INFO: TokenBuild Behavior ::run [ RunTime:0.001319s ]
INFO: WriteHtmlCache Behavior ::run [ RunTime:0.001132s ]
INFO: ShowRuntime Behavior ::run [ RunTime:0.001338s ]
INFO: [ view_filter ] --END-- [ RunTime:0.005436s ]
INFO: [ view_end ] --START--
INFO: ShowPageTrace Behavior ::run [ RunTime:0.001754s ]
INFO: [ view_end ] --END-- [ RunTime:0.001981s ]

[ 2013-10-18T20:54:50+08:00 ] 127.0.0.1 /myshop/
INFO: [ app_begin ] --START--
INFO: ReadHtmlCache Behavior ::run [ RunTime:0.002416s ]
INFO: [ app_begin ] --END-- [ RunTime:0.002590s ]
INFO: [ view_parse ] --START--
INFO: ParseTemplate Behavior ::run [ RunTime:0.027382s ]
INFO: [ view_parse ] --END-- [ RunTime:0.027520s ]
INFO: [ view_filter ] --START--
INFO: ContentReplace Behavior ::run [ RunTime:0.001180s ]
INFO: TokenBuild Behavior ::run [ RunTime:0.001068s ]
INFO: WriteHtmlCache Behavior ::run [ RunTime:0.001013s ]
INFO: ShowRuntime Behavior ::run [ RunTime:0.001157s ]
INFO: [ view_filter ] --END-- [ RunTime:0.004623s ]
INFO: [ view_end ] --START--
INFO: ShowPageTrace Behavior ::run [ RunTime:0.001207s ]
INFO: [ view_end ] --END-- [ RunTime:0.001274s ]

[ 2013-10-18T20:55:21+08:00 ] 127.0.0.1 /myshop/index.php/Product/clist/id/1
INFO: [ route_check ] --START--
INFO: CheckRoute Behavior ::run [ RunTime:0.001357s ]
INFO: [ route_check ] --END-- [ RunTime:0.001461s ]
INFO: [ app_begin ] --START--
INFO: ReadHtmlCache Behavior ::run [ RunTime:0.001313s ]
INFO: [ app_begin ] --END-- [ RunTime:0.001397s ]
SQL: select * from products c, products_to_categories cd where cd.products_id=c.products_id and c.products_id=1 [ RunTime:0.000417s ]

[ 2013-10-18T20:55:38+08:00 ] 127.0.0.1 /myshop/
INFO: [ app_begin ] --START--
INFO: ReadHtmlCache Behavior ::run [ RunTime:0.001465s ]
INFO: [ app_begin ] --END-- [ RunTime:0.001567s ]
INFO: [ view_parse ] --START--
INFO: ParseTemplate Behavior ::run [ RunTime:0.015721s ]
INFO: [ view_parse ] --END-- [ RunTime:0.016006s ]
INFO: [ view_filter ] --START--
INFO: ContentReplace Behavior ::run [ RunTime:0.001497s ]
INFO: TokenBuild Behavior ::run [ RunTime:0.001059s ]
INFO: WriteHtmlCache Behavior ::run [ RunTime:0.000983s ]
INFO: ShowRuntime Behavior ::run [ RunTime:0.001158s ]
INFO: [ view_filter ] --END-- [ RunTime:0.005085s ]
INFO: [ view_end ] --START--
INFO: ShowPageTrace Behavior ::run [ RunTime:0.001326s ]
INFO: [ view_end ] --END-- [ RunTime:0.001414s ]

[ 2013-10-18T20:55:39+08:00 ] 127.0.0.1 /myshop/index.php/Product/clist/id/1
INFO: [ route_check ] --START--
INFO: CheckRoute Behavior ::run [ RunTime:0.001292s ]
INFO: [ route_check ] --END-- [ RunTime:0.001391s ]
INFO: [ app_begin ] --START--
INFO: ReadHtmlCache Behavior ::run [ RunTime:0.001228s ]
INFO: [ app_begin ] --END-- [ RunTime:0.001310s ]
SQL: select * from products c, products_to_categories cd where cd.products_id=c.products_id and c.products_id=1 [ RunTime:0.000513s ]

[ 2013-10-18T20:55:40+08:00 ] 127.0.0.1 /myshop/index.php/Product/clist
INFO: [ route_check ] --START--
INFO: CheckRoute Behavior ::run [ RunTime:0.001231s ]
INFO: [ route_check ] --END-- [ RunTime:0.001330s ]
INFO: [ app_begin ] --START--
INFO: ReadHtmlCache Behavior ::run [ RunTime:0.001183s ]
INFO: [ app_begin ] --END-- [ RunTime:0.001270s ]
SQL: select * from products c, products_to_categories cd where cd.products_id=c.products_id [ RunTime:0.000546s ]

[ 2013-10-18T20:55:41+08:00 ] 127.0.0.1 /myshop/index.php/Catagory/clist/id/2
INFO: [ route_check ] --START--
INFO: CheckRoute Behavior ::run [ RunTime:0.001707s ]
INFO: [ route_check ] --END-- [ RunTime:0.001848s ]
INFO: [ app_begin ] --START--
INFO: ReadHtmlCache Behavior ::run [ RunTime:0.001671s ]
INFO: [ app_begin ] --END-- [ RunTime:0.001776s ]
SQL: select * from categories c, categories_description cd where cd.categories_id=c.categories_id and c.categories_id=2 [ RunTime:0.000573s ]

[ 2013-10-18T20:55:42+08:00 ] 127.0.0.1 /myshop/index.php/Catagory/clist
INFO: [ route_check ] --START--
INFO: CheckRoute Behavior ::run [ RunTime:0.006517s ]
INFO: [ route_check ] --END-- [ RunTime:0.007193s ]
INFO: [ app_begin ] --START--
INFO: ReadHtmlCache Behavior ::run [ RunTime:0.005414s ]
INFO: [ app_begin ] --END-- [ RunTime:0.005782s ]
SQL: select * from categories c, categories_description cd where cd.categories_id=c.categories_id [ RunTime:0.001401s ]

[ 2013-10-18T20:55:44+08:00 ] 127.0.0.1 /myshop/index.php/Catagory/clist/id/2
INFO: [ route_check ] --START--
INFO: CheckRoute Behavior ::run [ RunTime:0.003860s ]
INFO: [ route_check ] --END-- [ RunTime:0.004213s ]
INFO: [ app_begin ] --START--
INFO: ReadHtmlCache Behavior ::run [ RunTime:0.002113s ]
INFO: [ app_begin ] --END-- [ RunTime:0.002243s ]
SQL: select * from categories c, categories_description cd where cd.categories_id=c.categories_id and c.categories_id=2 [ RunTime:0.000499s ]

[ 2013-10-18T20:55:45+08:00 ] 127.0.0.1 /myshop/index.php/Product/clist
INFO: [ route_check ] --START--
INFO: CheckRoute Behavior ::run [ RunTime:0.001239s ]
INFO: [ route_check ] --END-- [ RunTime:0.001363s ]
INFO: [ app_begin ] --START--
INFO: ReadHtmlCache Behavior ::run [ RunTime:0.001176s ]
INFO: [ app_begin ] --END-- [ RunTime:0.001248s ]
SQL: select * from products c, products_to_categories cd where cd.products_id=c.products_id [ RunTime:0.000976s ]

[ 2013-10-18T20:55:46+08:00 ] 127.0.0.1 /myshop/index.php/Product/clist/id/1
INFO: [ route_check ] --START--
INFO: CheckRoute Behavior ::run [ RunTime:0.001731s ]
INFO: [ route_check ] --END-- [ RunTime:0.001889s ]
INFO: [ app_begin ] --START--
INFO: ReadHtmlCache Behavior ::run [ RunTime:0.001595s ]
INFO: [ app_begin ] --END-- [ RunTime:0.001692s ]
SQL: select * from products c, products_to_categories cd where cd.products_id=c.products_id and c.products_id=1 [ RunTime:0.001189s ]

[ 2013-10-18T20:56:49+08:00 ] 127.0.0.1 /myshop/index.php/Product/clist/id/1
INFO: [ route_check ] --START--
INFO: CheckRoute Behavior ::run [ RunTime:0.001507s ]
INFO: [ route_check ] --END-- [ RunTime:0.001634s ]
INFO: [ app_begin ] --START--
INFO: ReadHtmlCache Behavior ::run [ RunTime:0.001679s ]
INFO: [ app_begin ] --END-- [ RunTime:0.001781s ]
SQL: select * from products c, products_to_categories cd where cd.products_id=c.products_id and c.products_id=1 [ RunTime:0.000466s ]

[ 2013-10-18T20:56:50+08:00 ] 127.0.0.1 /myshop/index.php/Product/clist
INFO: [ route_check ] --START--
INFO: CheckRoute Behavior ::run [ RunTime:0.001429s ]
INFO: [ route_check ] --END-- [ RunTime:0.001530s ]
INFO: [ app_begin ] --START--
INFO: ReadHtmlCache Behavior ::run [ RunTime:0.001222s ]
INFO: [ app_begin ] --END-- [ RunTime:0.001296s ]
SQL: select * from products c, products_to_categories cd where cd.products_id=c.products_id [ RunTime:0.000636s ]

[ 2013-10-18T20:56:50+08:00 ] 127.0.0.1 /myshop/index.php/Catagory/clist/id/2
INFO: [ route_check ] --START--
INFO: CheckRoute Behavior ::run [ RunTime:0.001978s ]
INFO: [ route_check ] --END-- [ RunTime:0.002138s ]
INFO: [ app_begin ] --START--
INFO: ReadHtmlCache Behavior ::run [ RunTime:0.001914s ]
INFO: [ app_begin ] --END-- [ RunTime:0.002031s ]
SQL: select * from categories c, categories_description cd where cd.categories_id=c.categories_id and c.categories_id=2 [ RunTime:0.000748s ]

[ 2013-10-18T20:56:51+08:00 ] 127.0.0.1 /myshop/index.php/Catagory/clist
INFO: [ route_check ] --START--
INFO: CheckRoute Behavior ::run [ RunTime:0.001218s ]
INFO: [ route_check ] --END-- [ RunTime:0.001317s ]
INFO: [ app_begin ] --START--
INFO: ReadHtmlCache Behavior ::run [ RunTime:0.001195s ]
INFO: [ app_begin ] --END-- [ RunTime:0.001267s ]
SQL: select * from categories c, categories_description cd where cd.categories_id=c.categories_id [ RunTime:0.000670s ]

[ 2013-10-18T20:57:52+08:00 ] 127.0.0.1 /myshop/
INFO: [ app_begin ] --START--
INFO: ReadHtmlCache Behavior ::run [ RunTime:0.001349s ]
INFO: [ app_begin ] --END-- [ RunTime:0.001458s ]
INFO: [ view_parse ] --START--
INFO: ParseTemplate Behavior ::run [ RunTime:0.014307s ]
INFO: [ view_parse ] --END-- [ RunTime:0.014448s ]
INFO: [ view_filter ] --START--
INFO: ContentReplace Behavior ::run [ RunTime:0.001239s ]
INFO: TokenBuild Behavior ::run [ RunTime:0.001130s ]
INFO: WriteHtmlCache Behavior ::run [ RunTime:0.001000s ]
INFO: ShowRuntime Behavior ::run [ RunTime:0.001214s ]
INFO: [ view_filter ] --END-- [ RunTime:0.004858s ]
INFO: [ view_end ] --START--
INFO: ShowPageTrace Behavior ::run [ RunTime:0.001265s ]
INFO: [ view_end ] --END-- [ RunTime:0.001350s ]

[ 2013-10-18T20:58:20+08:00 ] 127.0.0.1 /myshop/
INFO: [ app_begin ] --START--
INFO: ReadHtmlCache Behavior ::run [ RunTime:0.004981s ]
INFO: [ app_begin ] --END-- [ RunTime:0.005369s ]
INFO: [ view_parse ] --START--
INFO: ParseTemplate Behavior ::run [ RunTime:0.037122s ]
INFO: [ view_parse ] --END-- [ RunTime:0.037455s ]
INFO: [ view_filter ] --START--
INFO: ContentReplace Behavior ::run [ RunTime:0.002949s ]
INFO: TokenBuild Behavior ::run [ RunTime:0.002650s ]
INFO: WriteHtmlCache Behavior ::run [ RunTime:0.002561s ]
INFO: ShowRuntime Behavior ::run [ RunTime:0.003134s ]
INFO: [ view_filter ] --END-- [ RunTime:0.011939s ]
INFO: [ view_end ] --START--
INFO: ShowPageTrace Behavior ::run [ RunTime:0.003413s ]
INFO: [ view_end ] --END-- [ RunTime:0.003664s ]

[ 2013-10-18T20:58:38+08:00 ] 127.0.0.1 /myshop/
INFO: [ app_begin ] --START--
INFO: ReadHtmlCache Behavior ::run [ RunTime:0.004991s ]
INFO: [ app_begin ] --END-- [ RunTime:0.005395s ]
INFO: [ view_parse ] --START--
INFO: ParseTemplate Behavior ::run [ RunTime:0.031009s ]
INFO: [ view_parse ] --END-- [ RunTime:0.031245s ]
INFO: [ view_filter ] --START--
INFO: ContentReplace Behavior ::run [ RunTime:0.001149s ]
INFO: TokenBuild Behavior ::run [ RunTime:0.001002s ]
INFO: WriteHtmlCache Behavior ::run [ RunTime:0.000968s ]
INFO: ShowRuntime Behavior ::run [ RunTime:0.002016s ]
INFO: [ view_filter ] --END-- [ RunTime:0.005422s ]
INFO: [ view_end ] --START--
INFO: ShowPageTrace Behavior ::run [ RunTime:0.004655s ]
INFO: [ view_end ] --END-- [ RunTime:0.004901s ]

[ 2013-10-18T20:58:49+08:00 ] 127.0.0.1 /myshop/testapi.html
INFO: [ route_check ] --START--
INFO: CheckRoute Behavior ::run [ RunTime:0.001439s ]
INFO: [ route_check ] --END-- [ RunTime:0.001559s ]
INFO: [ app_begin ] --START--
INFO: ReadHtmlCache Behavior ::run [ RunTime:0.001243s ]
INFO: [ app_begin ] --END-- [ RunTime:0.001334s ]
ERR: 无法加载模块:testapi

[ 2013-10-18T20:59:01+08:00 ] 127.0.0.1 /myshop/index.php/Product/clist/id/1
INFO: [ route_check ] --START--
INFO: CheckRoute Behavior ::run [ RunTime:0.003058s ]
INFO: [ route_check ] --END-- [ RunTime:0.003286s ]
INFO: [ app_begin ] --START--
INFO: ReadHtmlCache Behavior ::run [ RunTime:0.001374s ]
INFO: [ app_begin ] --END-- [ RunTime:0.001450s ]
SQL: select * from products c, products_to_categories cd where cd.products_id=c.products_id and c.products_id=1 [ RunTime:0.000419s ]

[ 2013-10-18T20:59:02+08:00 ] 127.0.0.1 /myshop/index.php/Product/clist
INFO: [ route_check ] --START--
INFO: CheckRoute Behavior ::run [ RunTime:0.002436s ]
INFO: [ route_check ] --END-- [ RunTime:0.002629s ]
INFO: [ app_begin ] --START--
INFO: ReadHtmlCache Behavior ::run [ RunTime:0.002399s ]
INFO: [ app_begin ] --END-- [ RunTime:0.002544s ]
SQL: select * from products c, products_to_categories cd where cd.products_id=c.products_id [ RunTime:0.001129s ]

[ 2013-10-18T20:59:03+08:00 ] 127.0.0.1 /myshop/index.php/Catagory/clist/id/2
INFO: [ route_check ] --START--
INFO: CheckRoute Behavior ::run [ RunTime:0.005290s ]
INFO: [ route_check ] --END-- [ RunTime:0.005567s ]
INFO: [ app_begin ] --START--
INFO: ReadHtmlCache Behavior ::run [ RunTime:0.001244s ]
INFO: [ app_begin ] --END-- [ RunTime:0.001320s ]
SQL: select * from categories c, categories_description cd where cd.categories_id=c.categories_id and c.categories_id=2 [ RunTime:0.000379s ]

[ 2013-10-18T20:59:04+08:00 ] 127.0.0.1 /myshop/index.php/Catagory/clist
INFO: [ route_check ] --START--
INFO: CheckRoute Behavior ::run [ RunTime:0.001247s ]
INFO: [ route_check ] --END-- [ RunTime:0.001348s ]
INFO: [ app_begin ] --START--
INFO: ReadHtmlCache Behavior ::run [ RunTime:0.001201s ]
INFO: [ app_begin ] --END-- [ RunTime:0.001273s ]
SQL: select * from categories c, categories_description cd where cd.categories_id=c.categories_id [ RunTime:0.001893s ]

[ 2013-10-18T21:01:45+08:00 ] 127.0.0.1 /myshop/Product/clist/id/1
INFO: [ route_check ] --START--
INFO: CheckRoute Behavior ::run [ RunTime:0.002055s ]
INFO: [ route_check ] --END-- [ RunTime:0.002181s ]
INFO: [ app_begin ] --START--
INFO: ReadHtmlCache Behavior ::run [ RunTime:0.001456s ]
INFO: [ app_begin ] --END-- [ RunTime:0.001547s ]
SQL: select * from products c, products_to_categories cd where cd.products_id=c.products_id and c.products_id=1 [ RunTime:0.000506s ]

[ 2013-10-18T21:01:46+08:00 ] 127.0.0.1 /myshop/Product/clist
INFO: [ route_check ] --START--
INFO: CheckRoute Behavior ::run [ RunTime:0.005516s ]
INFO: [ route_check ] --END-- [ RunTime:0.005945s ]
INFO: [ app_begin ] --START--
INFO: ReadHtmlCache Behavior ::run [ RunTime:0.004927s ]
INFO: [ app_begin ] --END-- [ RunTime:0.005222s ]
SQL: select * from products c, products_to_categories cd where cd.products_id=c.products_id [ RunTime:0.000596s ]

[ 2013-10-18T21:02:50+08:00 ] 127.0.0.1 /myshop/Product/clist/catagoryid/1
INFO: [ route_check ] --START--
INFO: CheckRoute Behavior ::run [ RunTime:0.001226s ]
INFO: [ route_check ] --END-- [ RunTime:0.001358s ]
INFO: [ app_begin ] --START--
INFO: ReadHtmlCache Behavior ::run [ RunTime:0.001207s ]
INFO: [ app_begin ] --END-- [ RunTime:0.001278s ]

[ 2013-10-18T21:03:07+08:00 ] 127.0.0.1 /myshop/Product/clist/catagoryid/1
INFO: [ route_check ] --START--
INFO: CheckRoute Behavior ::run [ RunTime:0.002895s ]
INFO: [ route_check ] --END-- [ RunTime:0.003121s ]
INFO: [ app_begin ] --START--
INFO: ReadHtmlCache Behavior ::run [ RunTime:0.002909s ]
INFO: [ app_begin ] --END-- [ RunTime:0.003077s ]
SQL: select * from products c, products_to_categories cd where cd.products_id=c.products_id and c.products_id=1 [ RunTime:0.002676s ]

[ 2013-10-18T21:03:08+08:00 ] 127.0.0.1 /myshop/Product/clist
INFO: [ route_check ] --START--
INFO: CheckRoute Behavior ::run [ RunTime:0.005215s ]
INFO: [ route_check ] --END-- [ RunTime:0.005633s ]
INFO: [ app_begin ] --START--
INFO: ReadHtmlCache Behavior ::run [ RunTime:0.004942s ]
INFO: [ app_begin ] --END-- [ RunTime:0.005237s ]
SQL: select * from products c, products_to_categories cd where cd.products_id=c.products_id [ RunTime:0.000547s ]

[ 2013-10-18T21:03:09+08:00 ] 127.0.0.1 /myshop/Catagory/clist/id/2
INFO: [ route_check ] --START--
INFO: CheckRoute Behavior ::run [ RunTime:0.001319s ]
INFO: [ route_check ] --END-- [ RunTime:0.001432s ]
INFO: [ app_begin ] --START--
INFO: ReadHtmlCache Behavior ::run [ RunTime:0.001350s ]
INFO: [ app_begin ] --END-- [ RunTime:0.001434s ]
SQL: select * from categories c, categories_description cd where cd.categories_id=c.categories_id and c.categories_id=2 [ RunTime:0.001213s ]

[ 2013-10-18T21:03:10+08:00 ] 127.0.0.1 /myshop/Catagory/clist
INFO: [ route_check ] --START--
INFO: CheckRoute Behavior ::run [ RunTime:0.005094s ]
INFO: [ route_check ] --END-- [ RunTime:0.005617s ]
INFO: [ app_begin ] --START--
INFO: ReadHtmlCache Behavior ::run [ RunTime:0.005106s ]
INFO: [ app_begin ] --END-- [ RunTime:0.005357s ]
SQL: select * from categories c, categories_description cd where cd.categories_id=c.categories_id [ RunTime:0.000579s ]

[ 2013-10-18T21:08:59+08:00 ] 127.0.0.1 /myshop/Product/item/id/1
INFO: [ route_check ] --START--
INFO: CheckRoute Behavior ::run [ RunTime:0.004506s ]
INFO: [ route_check ] --END-- [ RunTime:0.004775s ]
INFO: [ app_begin ] --START--
INFO: ReadHtmlCache Behavior ::run [ RunTime:0.005347s ]
INFO: [ app_begin ] --END-- [ RunTime:0.005671s ]
SQL: select * from products c, products_to_categories cd,products_description pd, products_images pi where cd.products_id=c.products_id and c.products_id=pd.products_id and c.products_id=pi.products_id and c.products_id=1  [ RunTime:0.001352s ]

[ 2013-10-18T21:09:01+08:00 ] 127.0.0.1 /myshop/Product/clist/catagoryid/1
INFO: [ route_check ] --START--
INFO: CheckRoute Behavior ::run [ RunTime:0.005651s ]
INFO: [ route_check ] --END-- [ RunTime:0.006163s ]
INFO: [ app_begin ] --START--
INFO: ReadHtmlCache Behavior ::run [ RunTime:0.005244s ]
INFO: [ app_begin ] --END-- [ RunTime:0.005596s ]
SQL: select * from products c, products_to_categories cd where cd.products_id=c.products_id and c.products_id=1 [ RunTime:0.001489s ]

[ 2013-10-18T21:09:02+08:00 ] 127.0.0.1 /myshop/Product/clist
INFO: [ route_check ] --START--
INFO: CheckRoute Behavior ::run [ RunTime:0.001217s ]
INFO: [ route_check ] --END-- [ RunTime:0.001321s ]
INFO: [ app_begin ] --START--
INFO: ReadHtmlCache Behavior ::run [ RunTime:0.001186s ]
INFO: [ app_begin ] --END-- [ RunTime:0.001256s ]
SQL: select * from products c, products_to_categories cd where cd.products_id=c.products_id [ RunTime:0.000668s ]

[ 2013-10-18T21:09:02+08:00 ] 127.0.0.1 /myshop/Catagory/clist/id/2
INFO: [ route_check ] --START--
INFO: CheckRoute Behavior ::run [ RunTime:0.001220s ]
INFO: [ route_check ] --END-- [ RunTime:0.001331s ]
INFO: [ app_begin ] --START--
INFO: ReadHtmlCache Behavior ::run [ RunTime:0.001160s ]
INFO: [ app_begin ] --END-- [ RunTime:0.001232s ]
SQL: select * from categories c, categories_description cd where cd.categories_id=c.categories_id and c.categories_id=2 [ RunTime:0.001389s ]

[ 2013-10-18T21:09:03+08:00 ] 127.0.0.1 /myshop/Catagory/clist
INFO: [ route_check ] --START--
INFO: CheckRoute Behavior ::run [ RunTime:0.001894s ]
INFO: [ route_check ] --END-- [ RunTime:0.002039s ]
INFO: [ app_begin ] --START--
INFO: ReadHtmlCache Behavior ::run [ RunTime:0.001514s ]
INFO: [ app_begin ] --END-- [ RunTime:0.001606s ]
SQL: select * from categories c, categories_description cd where cd.categories_id=c.categories_id [ RunTime:0.000665s ]

[ 2013-10-18T21:09:03+08:00 ] 127.0.0.1 /myshop/Product/item/id/1
INFO: [ route_check ] --START--
INFO: CheckRoute Behavior ::run [ RunTime:0.001223s ]
INFO: [ route_check ] --END-- [ RunTime:0.001327s ]
INFO: [ app_begin ] --START--
INFO: ReadHtmlCache Behavior ::run [ RunTime:0.001175s ]
INFO: [ app_begin ] --END-- [ RunTime:0.001249s ]
SQL: select * from products c, products_to_categories cd,products_description pd, products_images pi where cd.products_id=c.products_id and c.products_id=pd.products_id and c.products_id=pi.products_id and c.products_id=1  [ RunTime:0.000691s ]

[ 2013-10-18T21:12:50+08:00 ] 127.0.0.1 /myshop/Product/item/id/1
INFO: [ route_check ] --START--
INFO: CheckRoute Behavior ::run [ RunTime:0.003502s ]
INFO: [ route_check ] --END-- [ RunTime:0.003686s ]
INFO: [ app_begin ] --START--
INFO: ReadHtmlCache Behavior ::run [ RunTime:0.005378s ]
INFO: [ app_begin ] --END-- [ RunTime:0.005645s ]
SQL: select * from products c, products_to_categories cd,products_description pd where cd.products_id=c.products_id and c.products_id=pd.products_id and c.products_id=1 [ RunTime:0.000785s ]

[ 2013-10-18T21:13:34+08:00 ] 127.0.0.1 /myshop/Catagory/clist
INFO: [ route_check ] --START--
INFO: CheckRoute Behavior ::run [ RunTime:0.004395s ]
INFO: [ route_check ] --END-- [ RunTime:0.004659s ]
INFO: [ app_begin ] --START--
INFO: ReadHtmlCache Behavior ::run [ RunTime:0.004045s ]
INFO: [ app_begin ] --END-- [ RunTime:0.004244s ]
SQL: select * from categories c, categories_description cd where cd.categories_id=c.categories_id [ RunTime:0.001255s ]

[ 2013-10-18T21:13:35+08:00 ] 127.0.0.1 /myshop/Catagory/clist/id/2
INFO: [ route_check ] --START--
INFO: CheckRoute Behavior ::run [ RunTime:0.004154s ]
INFO: [ route_check ] --END-- [ RunTime:0.004418s ]
INFO: [ app_begin ] --START--
INFO: ReadHtmlCache Behavior ::run [ RunTime:0.004105s ]
INFO: [ app_begin ] --END-- [ RunTime:0.004308s ]
SQL: select * from categories c, categories_description cd where cd.categories_id=c.categories_id and c.categories_id=2 [ RunTime:0.000940s ]

[ 2013-10-18T21:13:36+08:00 ] 127.0.0.1 /myshop/Product/clist
INFO: [ route_check ] --START--
INFO: CheckRoute Behavior ::run [ RunTime:0.006614s ]
INFO: [ route_check ] --END-- [ RunTime:0.007066s ]
INFO: [ app_begin ] --START--
INFO: ReadHtmlCache Behavior ::run [ RunTime:0.010688s ]
INFO: [ app_begin ] --END-- [ RunTime:0.011008s ]
SQL: select * from products c, products_to_categories cd where cd.products_id=c.products_id [ RunTime:0.000700s ]

[ 2013-10-18T21:13:37+08:00 ] 127.0.0.1 /myshop/Product/clist/catagoryid/1
INFO: [ route_check ] --START--
INFO: CheckRoute Behavior ::run [ RunTime:0.001624s ]
INFO: [ route_check ] --END-- [ RunTime:0.001725s ]
INFO: [ app_begin ] --START--
INFO: ReadHtmlCache Behavior ::run [ RunTime:0.001478s ]
INFO: [ app_begin ] --END-- [ RunTime:0.001550s ]
SQL: select * from products c, products_to_categories cd where cd.products_id=c.products_id and c.products_id=1 [ RunTime:0.000666s ]

[ 2013-10-18T21:13:38+08:00 ] 127.0.0.1 /myshop/Product/item/id/1
INFO: [ route_check ] --START--
INFO: CheckRoute Behavior ::run [ RunTime:0.001553s ]
INFO: [ route_check ] --END-- [ RunTime:0.001655s ]
INFO: [ app_begin ] --START--
INFO: ReadHtmlCache Behavior ::run [ RunTime:0.001477s ]
INFO: [ app_begin ] --END-- [ RunTime:0.001556s ]
SQL: select * from products c, products_to_categories cd,products_description pd where cd.products_id=c.products_id and c.products_id=pd.products_id and c.products_id=1 [ RunTime:0.000774s ]

[ 2013-10-18T21:29:14+08:00 ] 127.0.0.1 /myshop/Basket/clist
INFO: [ route_check ] --START--
INFO: CheckRoute Behavior ::run [ RunTime:0.002997s ]
INFO: [ route_check ] --END-- [ RunTime:0.003105s ]
INFO: [ app_begin ] --START--
INFO: ReadHtmlCache Behavior ::run [ RunTime:0.010656s ]
INFO: [ app_begin ] --END-- [ RunTime:0.010878s ]
SQL: select * from products c, products_to_categories cd where cd.products_id=c.products_id [ RunTime:0.002023s ]

[ 2013-10-18T21:35:43+08:00 ] 127.0.0.1 /myshop/Basket/clist/customid/1
INFO: [ route_check ] --START--
INFO: CheckRoute Behavior ::run [ RunTime:0.001736s ]
INFO: [ route_check ] --END-- [ RunTime:0.001840s ]
INFO: [ app_begin ] --START--
INFO: ReadHtmlCache Behavior ::run [ RunTime:0.001177s ]
INFO: [ app_begin ] --END-- [ RunTime:0.001249s ]
SQL: select * from customers_basket c, products p where cd.products_id=p.products_id [ RunTime:0.000196s ]
ERR: 1054:Unknown column 'cd.products_id' in 'where clause'
 [ SQL语句 ] : select * from customers_basket c, products p where cd.products_id=p.products_id

[ 2013-10-18T21:36:03+08:00 ] 127.0.0.1 /myshop/Basket/clist/customid/1
INFO: [ route_check ] --START--
INFO: CheckRoute Behavior ::run [ RunTime:0.006989s ]
INFO: [ route_check ] --END-- [ RunTime:0.007498s ]
INFO: [ app_begin ] --START--
INFO: ReadHtmlCache Behavior ::run [ RunTime:0.007053s ]
INFO: [ app_begin ] --END-- [ RunTime:0.007453s ]
SQL: select * from customers_basket c, products p where c.products_id=p.products_id [ RunTime:0.000343s ]

[ 2013-10-18T21:37:08+08:00 ] 127.0.0.1 /myshop/Basket/clist/customid/1
INFO: [ route_check ] --START--
INFO: CheckRoute Behavior ::run [ RunTime:0.005879s ]
INFO: [ route_check ] --END-- [ RunTime:0.006339s ]
INFO: [ app_begin ] --START--
INFO: ReadHtmlCache Behavior ::run [ RunTime:0.005137s ]
INFO: [ app_begin ] --END-- [ RunTime:0.005441s ]
SQL: select * from customers_basket c, products p, products_description pd where c.products_id=p.products_id and p.products_id=pd.products_id [ RunTime:0.001523s ]

[ 2013-10-18T21:49:33+08:00 ] 127.0.0.1 /myshop/Basket/clist/customid/1
INFO: [ route_check ] --START--
INFO: CheckRoute Behavior ::run [ RunTime:0.001957s ]
INFO: [ route_check ] --END-- [ RunTime:0.002065s ]
INFO: [ app_begin ] --START--
INFO: ReadHtmlCache Behavior ::run [ RunTime:0.001666s ]
INFO: [ app_begin ] --END-- [ RunTime:0.001752s ]
SQL: select * from customers_basket c, products p, products_description pd where c.products_id=p.products_id and p.products_id=pd.products_id and c.customers_id=1 [ RunTime:0.000453s ]

[ 2013-10-18T21:57:07+08:00 ] 127.0.0.1 /myshop/Basket/clist/customid/1
INFO: [ route_check ] --START--
INFO: CheckRoute Behavior ::run [ RunTime:0.007297s ]
INFO: [ route_check ] --END-- [ RunTime:0.007705s ]
INFO: [ app_begin ] --START--
INFO: ReadHtmlCache Behavior ::run [ RunTime:0.005238s ]
INFO: [ app_begin ] --END-- [ RunTime:0.005538s ]
SQL: select * from customers_basket c, products p, products_description pd where c.products_id=p.products_id and p.products_id=pd.products_id and c.customers_id=1 [ RunTime:0.000601s ]

[ 2013-10-18T21:57:09+08:00 ] 127.0.0.1 /myshop/Product/item/id/1
INFO: [ route_check ] --START--
INFO: CheckRoute Behavior ::run [ RunTime:0.002241s ]
INFO: [ route_check ] --END-- [ RunTime:0.002441s ]
INFO: [ app_begin ] --START--
INFO: ReadHtmlCache Behavior ::run [ RunTime:0.001942s ]
INFO: [ app_begin ] --END-- [ RunTime:0.002062s ]
SQL: select * from products c, products_to_categories cd,products_description pd where cd.products_id=c.products_id and c.products_id=pd.products_id and c.products_id=1 [ RunTime:0.000975s ]

[ 2013-10-18T21:57:11+08:00 ] 127.0.0.1 /myshop/Product/clist/catagoryid/1
INFO: [ route_check ] --START--
INFO: CheckRoute Behavior ::run [ RunTime:0.007939s ]
INFO: [ route_check ] --END-- [ RunTime:0.008418s ]
INFO: [ app_begin ] --START--
INFO: ReadHtmlCache Behavior ::run [ RunTime:0.005153s ]
INFO: [ app_begin ] --END-- [ RunTime:0.005489s ]
SQL: select * from products c, products_to_categories cd where cd.products_id=c.products_id and c.products_id=1 [ RunTime:0.000401s ]

[ 2013-10-18T21:57:14+08:00 ] 127.0.0.1 /myshop/Product/clist
INFO: [ route_check ] --START--
INFO: CheckRoute Behavior ::run [ RunTime:0.005692s ]
INFO: [ route_check ] --END-- [ RunTime:0.006002s ]
INFO: [ app_begin ] --START--
INFO: ReadHtmlCache Behavior ::run [ RunTime:0.005259s ]
INFO: [ app_begin ] --END-- [ RunTime:0.005611s ]
SQL: select * from products c, products_to_categories cd where cd.products_id=c.products_id [ RunTime:0.002377s ]

[ 2013-10-18T21:57:22+08:00 ] 127.0.0.1 /myshop/Product/clist/catagoryid/1
INFO: [ route_check ] --START--
INFO: CheckRoute Behavior ::run [ RunTime:0.001816s ]
INFO: [ route_check ] --END-- [ RunTime:0.001952s ]
INFO: [ app_begin ] --START--
INFO: ReadHtmlCache Behavior ::run [ RunTime:0.001501s ]
INFO: [ app_begin ] --END-- [ RunTime:0.001617s ]
SQL: select * from products c, products_to_categories cd where cd.products_id=c.products_id and c.products_id=1 [ RunTime:0.000560s ]

[ 2013-10-18T21:58:36+08:00 ] 127.0.0.1 /myshop/Product/clist/catagoryid/1
INFO: [ route_check ] --START--
INFO: CheckRoute Behavior ::run [ RunTime:0.005442s ]
INFO: [ route_check ] --END-- [ RunTime:0.005838s ]
INFO: [ app_begin ] --START--
INFO: ReadHtmlCache Behavior ::run [ RunTime:0.005489s ]
INFO: [ app_begin ] --END-- [ RunTime:0.005789s ]
SQL: select * from products c, products_to_categories cd where cd.products_id=c.products_id and cd.catagories_id=1 [ RunTime:0.000236s ]
ERR: 1054:Unknown column 'cd.catagories_id' in 'where clause'
 [ SQL语句 ] : select * from products c, products_to_categories cd where cd.products_id=c.products_id and cd.catagories_id=1

[ 2013-10-18T21:59:11+08:00 ] 127.0.0.1 /myshop/Product/clist/catagoryid/1
INFO: [ route_check ] --START--
INFO: CheckRoute Behavior ::run [ RunTime:0.007319s ]
INFO: [ route_check ] --END-- [ RunTime:0.007762s ]
INFO: [ app_begin ] --START--
INFO: ReadHtmlCache Behavior ::run [ RunTime:0.001703s ]
INFO: [ app_begin ] --END-- [ RunTime:0.001881s ]
SQL: select * from products c, products_to_categories cd where cd.products_id=c.products_id and cd.categories_id=1 [ RunTime:0.000648s ]

[ 2013-10-18T21:59:13+08:00 ] 127.0.0.1 /myshop/Product/clist
INFO: [ route_check ] --START--
INFO: CheckRoute Behavior ::run [ RunTime:0.001357s ]
INFO: [ route_check ] --END-- [ RunTime:0.001462s ]
INFO: [ app_begin ] --START--
INFO: ReadHtmlCache Behavior ::run [ RunTime:0.001179s ]
INFO: [ app_begin ] --END-- [ RunTime:0.001250s ]
SQL: select * from products c, products_to_categories cd where cd.products_id=c.products_id [ RunTime:0.001137s ]

[ 2013-10-18T21:59:37+08:00 ] 127.0.0.1 /myshop/Product/clist/catagoryid/10
INFO: [ route_check ] --START--
INFO: CheckRoute Behavior ::run [ RunTime:0.001384s ]
INFO: [ route_check ] --END-- [ RunTime:0.001489s ]
INFO: [ app_begin ] --START--
INFO: ReadHtmlCache Behavior ::run [ RunTime:0.001189s ]
INFO: [ app_begin ] --END-- [ RunTime:0.001260s ]
SQL: select * from products c, products_to_categories cd where cd.products_id=c.products_id and cd.categories_id=10 [ RunTime:0.001554s ]

[ 2013-10-18T21:59:40+08:00 ] 127.0.0.1 /myshop/Product/clist
INFO: [ route_check ] --START--
INFO: CheckRoute Behavior ::run [ RunTime:0.004228s ]
INFO: [ route_check ] --END-- [ RunTime:0.004382s ]
INFO: [ app_begin ] --START--
INFO: ReadHtmlCache Behavior ::run [ RunTime:0.001754s ]
INFO: [ app_begin ] --END-- [ RunTime:0.001862s ]
SQL: select * from products c, products_to_categories cd where cd.products_id=c.products_id [ RunTime:0.000936s ]

[ 2013-10-18T21:59:41+08:00 ] 127.0.0.1 /myshop/Product/clist/catagoryid/10
INFO: [ route_check ] --START--
INFO: CheckRoute Behavior ::run [ RunTime:0.005417s ]
INFO: [ route_check ] --END-- [ RunTime:0.005824s ]
INFO: [ app_begin ] --START--
INFO: ReadHtmlCache Behavior ::run [ RunTime:0.004923s ]
INFO: [ app_begin ] --END-- [ RunTime:0.005235s ]
SQL: select * from products c, products_to_categories cd where cd.products_id=c.products_id and cd.categories_id=10 [ RunTime:0.000976s ]

[ 2013-10-18T21:59:46+08:00 ] 127.0.0.1 /myshop/Product/item/id/1
INFO: [ route_check ] --START--
INFO: CheckRoute Behavior ::run [ RunTime:0.001349s ]
INFO: [ route_check ] --END-- [ RunTime:0.001450s ]
INFO: [ app_begin ] --START--
INFO: ReadHtmlCache Behavior ::run [ RunTime:0.001326s ]
INFO: [ app_begin ] --END-- [ RunTime:0.001402s ]
SQL: select * from products c, products_to_categories cd,products_description pd where cd.products_id=c.products_id and c.products_id=pd.products_id and c.products_id=1 [ RunTime:0.001668s ]

[ 2013-10-18T21:59:48+08:00 ] 127.0.0.1 /myshop/Basket/clist/customid/1
INFO: [ route_check ] --START--
INFO: CheckRoute Behavior ::run [ RunTime:0.002198s ]
INFO: [ route_check ] --END-- [ RunTime:0.002369s ]
INFO: [ app_begin ] --START--
INFO: ReadHtmlCache Behavior ::run [ RunTime:0.001893s ]
INFO: [ app_begin ] --END-- [ RunTime:0.002009s ]
SQL: select * from customers_basket c, products p, products_description pd where c.products_id=p.products_id and p.products_id=pd.products_id and c.customers_id=1 [ RunTime:0.001141s ]

[ 2013-10-18T21:59:49+08:00 ] 127.0.0.1 /myshop/Product/clist
INFO: [ route_check ] --START--
INFO: CheckRoute Behavior ::run [ RunTime:0.001430s ]
INFO: [ route_check ] --END-- [ RunTime:0.001536s ]
INFO: [ app_begin ] --START--
INFO: ReadHtmlCache Behavior ::run [ RunTime:0.001185s ]
INFO: [ app_begin ] --END-- [ RunTime:0.001258s ]
SQL: select * from products c, products_to_categories cd where cd.products_id=c.products_id [ RunTime:0.001179s ]

[ 2013-10-18T21:59:50+08:00 ] 127.0.0.1 /myshop/Catagory/clist/id/2
INFO: [ route_check ] --START--
INFO: CheckRoute Behavior ::run [ RunTime:0.007307s ]
INFO: [ route_check ] --END-- [ RunTime:0.007710s ]
INFO: [ app_begin ] --START--
INFO: ReadHtmlCache Behavior ::run [ RunTime:0.001321s ]
INFO: [ app_begin ] --END-- [ RunTime:0.001405s ]
SQL: select * from categories c, categories_description cd where cd.categories_id=c.categories_id and c.categories_id=2 [ RunTime:0.001225s ]

[ 2013-10-18T21:59:50+08:00 ] 127.0.0.1 /myshop/Catagory/clist
INFO: [ route_check ] --START--
INFO: CheckRoute Behavior ::run [ RunTime:0.005197s ]
INFO: [ route_check ] --END-- [ RunTime:0.005588s ]
INFO: [ app_begin ] --START--
INFO: ReadHtmlCache Behavior ::run [ RunTime:0.004935s ]
INFO: [ app_begin ] --END-- [ RunTime:0.005229s ]
SQL: select * from categories c, categories_description cd where cd.categories_id=c.categories_id [ RunTime:0.000734s ]

[ 2013-10-18T21:59:51+08:00 ] 127.0.0.1 /myshop/Basket/clist/customid/1
INFO: [ route_check ] --START--
INFO: CheckRoute Behavior ::run [ RunTime:0.001377s ]
INFO: [ route_check ] --END-- [ RunTime:0.001485s ]
INFO: [ app_begin ] --START--
INFO: ReadHtmlCache Behavior ::run [ RunTime:0.001175s ]
INFO: [ app_begin ] --END-- [ RunTime:0.001246s ]
SQL: select * from customers_basket c, products p, products_description pd where c.products_id=p.products_id and p.products_id=pd.products_id and c.customers_id=1 [ RunTime:0.001052s ]

[ 2013-10-18T22:06:57+08:00 ] 127.0.0.1 /myshop/Order/clist/customid/1
INFO: [ route_check ] --START--
INFO: CheckRoute Behavior ::run [ RunTime:0.001938s ]
INFO: [ route_check ] --END-- [ RunTime:0.002056s ]
INFO: [ app_begin ] --START--
INFO: ReadHtmlCache Behavior ::run [ RunTime:0.001504s ]
INFO: [ app_begin ] --END-- [ RunTime:0.001577s ]
SQL: select * from orders c, orders_products op, products_description pd where c.orders_id=op.orders_id and op.products_id=pd.products_id and c.customers_id=1 [ RunTime:0.001236s ]

[ 2013-10-18T22:06:58+08:00 ] 127.0.0.1 /myshop/Basket/clist/customid/1
INFO: [ route_check ] --START--
INFO: CheckRoute Behavior ::run [ RunTime:0.008580s ]
INFO: [ route_check ] --END-- [ RunTime:0.008982s ]
INFO: [ app_begin ] --START--
INFO: ReadHtmlCache Behavior ::run [ RunTime:0.008048s ]
INFO: [ app_begin ] --END-- [ RunTime:0.008482s ]
SQL: select * from customers_basket c, products p, products_description pd where c.products_id=p.products_id and p.products_id=pd.products_id and c.customers_id=1 [ RunTime:0.000459s ]

[ 2013-10-18T22:06:59+08:00 ] 127.0.0.1 /myshop/Product/item/id/1
INFO: [ route_check ] --START--
INFO: CheckRoute Behavior ::run [ RunTime:0.003959s ]
INFO: [ route_check ] --END-- [ RunTime:0.004189s ]
INFO: [ app_begin ] --START--
INFO: ReadHtmlCache Behavior ::run [ RunTime:0.003452s ]
INFO: [ app_begin ] --END-- [ RunTime:0.003623s ]
SQL: select * from products c, products_to_categories cd,products_description pd where cd.products_id=c.products_id and c.products_id=pd.products_id and c.products_id=1 [ RunTime:0.001745s ]

[ 2013-10-18T22:07:00+08:00 ] 127.0.0.1 /myshop/Product/clist/catagoryid/10
INFO: [ route_check ] --START--
INFO: CheckRoute Behavior ::run [ RunTime:0.001655s ]
INFO: [ route_check ] --END-- [ RunTime:0.001760s ]
INFO: [ app_begin ] --START--
INFO: ReadHtmlCache Behavior ::run [ RunTime:0.001484s ]
INFO: [ app_begin ] --END-- [ RunTime:0.001582s ]
SQL: select * from products c, products_to_categories cd where cd.products_id=c.products_id and cd.categories_id=10 [ RunTime:0.001640s ]

[ 2013-10-18T22:07:00+08:00 ] 127.0.0.1 /myshop/Product/clist
INFO: [ route_check ] --START--
INFO: CheckRoute Behavior ::run [ RunTime:0.002705s ]
INFO: [ route_check ] --END-- [ RunTime:0.002912s ]
INFO: [ app_begin ] --START--
INFO: ReadHtmlCache Behavior ::run [ RunTime:0.002427s ]
INFO: [ app_begin ] --END-- [ RunTime:0.002545s ]
SQL: select * from products c, products_to_categories cd where cd.products_id=c.products_id [ RunTime:0.001530s ]

[ 2013-10-18T22:07:01+08:00 ] 127.0.0.1 /myshop/Catagory/clist/id/2
INFO: [ route_check ] --START--
INFO: CheckRoute Behavior ::run [ RunTime:0.002958s ]
INFO: [ route_check ] --END-- [ RunTime:0.003137s ]
INFO: [ app_begin ] --START--
INFO: ReadHtmlCache Behavior ::run [ RunTime:0.002792s ]
INFO: [ app_begin ] --END-- [ RunTime:0.002935s ]
SQL: select * from categories c, categories_description cd where cd.categories_id=c.categories_id and c.categories_id=2 [ RunTime:0.000812s ]

[ 2013-10-18T22:07:01+08:00 ] 127.0.0.1 /myshop/Catagory/clist
INFO: [ route_check ] --START--
INFO: CheckRoute Behavior ::run [ RunTime:0.003808s ]
INFO: [ route_check ] --END-- [ RunTime:0.004035s ]
INFO: [ app_begin ] --START--
INFO: ReadHtmlCache Behavior ::run [ RunTime:0.003633s ]
INFO: [ app_begin ] --END-- [ RunTime:0.003800s ]
SQL: select * from categories c, categories_description cd where cd.categories_id=c.categories_id [ RunTime:0.001171s ]

[ 2013-10-18T22:07:02+08:00 ] 127.0.0.1 /myshop/Catagory/clist/id/2
INFO: [ route_check ] --START--
INFO: CheckRoute Behavior ::run [ RunTime:0.005161s ]
INFO: [ route_check ] --END-- [ RunTime:0.005493s ]
INFO: [ app_begin ] --START--
INFO: ReadHtmlCache Behavior ::run [ RunTime:0.008170s ]
INFO: [ app_begin ] --END-- [ RunTime:0.008480s ]
SQL: select * from categories c, categories_description cd where cd.categories_id=c.categories_id and c.categories_id=2 [ RunTime:0.000493s ]

[ 2013-10-18T22:07:03+08:00 ] 127.0.0.1 /myshop/Basket/clist/customid/1
INFO: [ route_check ] --START--
INFO: CheckRoute Behavior ::run [ RunTime:0.004383s ]
INFO: [ route_check ] --END-- [ RunTime:0.004705s ]
INFO: [ app_begin ] --START--
INFO: ReadHtmlCache Behavior ::run [ RunTime:0.009185s ]
INFO: [ app_begin ] --END-- [ RunTime:0.009607s ]
SQL: select * from customers_basket c, products p, products_description pd where c.products_id=p.products_id and p.products_id=pd.products_id and c.customers_id=1 [ RunTime:0.000405s ]

[ 2013-10-18T22:07:04+08:00 ] 127.0.0.1 /myshop/Order/clist/customid/1
INFO: [ route_check ] --START--
INFO: CheckRoute Behavior ::run [ RunTime:0.001684s ]
INFO: [ route_check ] --END-- [ RunTime:0.001794s ]
INFO: [ app_begin ] --START--
INFO: ReadHtmlCache Behavior ::run [ RunTime:0.001603s ]
INFO: [ app_begin ] --END-- [ RunTime:0.001701s ]
SQL: select * from orders c, orders_products op, products_description pd where c.orders_id=op.orders_id and op.products_id=pd.products_id and c.customers_id=1 [ RunTime:0.000541s ]

[ 2013-10-18T22:07:05+08:00 ] 127.0.0.1 /myshop/Basket/clist/customid/1
INFO: [ route_check ] --START--
INFO: CheckRoute Behavior ::run [ RunTime:0.001707s ]
INFO: [ route_check ] --END-- [ RunTime:0.001808s ]
INFO: [ app_begin ] --START--
INFO: ReadHtmlCache Behavior ::run [ RunTime:0.001481s ]
INFO: [ app_begin ] --END-- [ RunTime:0.001552s ]
SQL: select * from customers_basket c, products p, products_description pd where c.products_id=p.products_id and p.products_id=pd.products_id and c.customers_id=1 [ RunTime:0.000739s ]

[ 2013-10-18T22:07:06+08:00 ] 127.0.0.1 /myshop/Product/item/id/1
INFO: [ route_check ] --START--
INFO: CheckRoute Behavior ::run [ RunTime:0.001729s ]
INFO: [ route_check ] --END-- [ RunTime:0.001833s ]
INFO: [ app_begin ] --START--
INFO: ReadHtmlCache Behavior ::run [ RunTime:0.001486s ]
INFO: [ app_begin ] --END-- [ RunTime:0.001558s ]
SQL: select * from products c, products_to_categories cd,products_description pd where cd.products_id=c.products_id and c.products_id=pd.products_id and c.products_id=1 [ RunTime:0.001439s ]

[ 2013-10-18T22:07:11+08:00 ] 127.0.0.1 /myshop/Order/clist/customid/1
INFO: [ route_check ] --START--
INFO: CheckRoute Behavior ::run [ RunTime:0.001709s ]
INFO: [ route_check ] --END-- [ RunTime:0.001816s ]
INFO: [ app_begin ] --START--
INFO: ReadHtmlCache Behavior ::run [ RunTime:0.001512s ]
INFO: [ app_begin ] --END-- [ RunTime:0.001606s ]
SQL: select * from orders c, orders_products op, products_description pd where c.orders_id=op.orders_id and op.products_id=pd.products_id and c.customers_id=1 [ RunTime:0.001132s ]

[ 2013-10-18T22:07:13+08:00 ] 127.0.0.1 /myshop/Product/item/id/1
INFO: [ route_check ] --START--
INFO: CheckRoute Behavior ::run [ RunTime:0.001614s ]
INFO: [ route_check ] --END-- [ RunTime:0.001719s ]
INFO: [ app_begin ] --START--
INFO: ReadHtmlCache Behavior ::run [ RunTime:0.001489s ]
INFO: [ app_begin ] --END-- [ RunTime:0.001561s ]
SQL: select * from products c, products_to_categories cd,products_description pd where cd.products_id=c.products_id and c.products_id=pd.products_id and c.products_id=1 [ RunTime:0.001071s ]

[ 2013-10-18T22:07:15+08:00 ] 127.0.0.1 /myshop/Product/clist/catagoryid/10
INFO: [ route_check ] --START--
INFO: CheckRoute Behavior ::run [ RunTime:0.008481s ]
INFO: [ route_check ] --END-- [ RunTime:0.008774s ]
INFO: [ app_begin ] --START--
INFO: ReadHtmlCache Behavior ::run [ RunTime:0.006137s ]
INFO: [ app_begin ] --END-- [ RunTime:0.006463s ]
SQL: select * from products c, products_to_categories cd where cd.products_id=c.products_id and cd.categories_id=10 [ RunTime:0.001056s ]

[ 2013-10-18T22:07:16+08:00 ] 127.0.0.1 /myshop/Product/item/id/1
INFO: [ route_check ] --START--
INFO: CheckRoute Behavior ::run [ RunTime:0.002558s ]
INFO: [ route_check ] --END-- [ RunTime:0.002723s ]
INFO: [ app_begin ] --START--
INFO: ReadHtmlCache Behavior ::run [ RunTime:0.002139s ]
INFO: [ app_begin ] --END-- [ RunTime:0.002273s ]
SQL: select * from products c, products_to_categories cd,products_description pd where cd.products_id=c.products_id and c.products_id=pd.products_id and c.products_id=1 [ RunTime:0.000609s ]

[ 2013-10-18T22:07:17+08:00 ] 127.0.0.1 /myshop/Basket/clist/customid/1
INFO: [ route_check ] --START--
INFO: CheckRoute Behavior ::run [ RunTime:0.002676s ]
INFO: [ route_check ] --END-- [ RunTime:0.002839s ]
INFO: [ app_begin ] --START--
INFO: ReadHtmlCache Behavior ::run [ RunTime:0.002462s ]
INFO: [ app_begin ] --END-- [ RunTime:0.002579s ]
SQL: select * from customers_basket c, products p, products_description pd where c.products_id=p.products_id and p.products_id=pd.products_id and c.customers_id=1 [ RunTime:0.000569s ]

[ 2013-10-18T22:07:17+08:00 ] 127.0.0.1 /myshop/Order/clist/customid/1
INFO: [ route_check ] --START--
INFO: CheckRoute Behavior ::run [ RunTime:0.003755s ]
INFO: [ route_check ] --END-- [ RunTime:0.003983s ]
INFO: [ app_begin ] --START--
INFO: ReadHtmlCache Behavior ::run [ RunTime:0.003484s ]
INFO: [ app_begin ] --END-- [ RunTime:0.003654s ]
SQL: select * from orders c, orders_products op, products_description pd where c.orders_id=op.orders_id and op.products_id=pd.products_id and c.customers_id=1 [ RunTime:0.001821s ]

[ 2013-10-18T22:07:19+08:00 ] 127.0.0.1 /myshop/Catagory/clist
INFO: [ route_check ] --START--
INFO: CheckRoute Behavior ::run [ RunTime:0.003120s ]
INFO: [ route_check ] --END-- [ RunTime:0.003302s ]
INFO: [ app_begin ] --START--
INFO: ReadHtmlCache Behavior ::run [ RunTime:0.002685s ]
INFO: [ app_begin ] --END-- [ RunTime:0.002816s ]
SQL: select * from categories c, categories_description cd where cd.categories_id=c.categories_id [ RunTime:0.000956s ]

[ 2013-10-18T22:09:12+08:00 ] 127.0.0.1 /myshop/Order/clist/customid/1
INFO: [ route_check ] --START--
INFO: CheckRoute Behavior ::run [ RunTime:0.001823s ]
INFO: [ route_check ] --END-- [ RunTime:0.001925s ]
INFO: [ app_begin ] --START--
INFO: ReadHtmlCache Behavior ::run [ RunTime:0.001473s ]
INFO: [ app_begin ] --END-- [ RunTime:0.001544s ]
SQL: select * from orders c, orders_products op, products_description pd where c.orders_id=op.orders_id and op.products_id=pd.products_id and c.customers_id=1 [ RunTime:0.000582s ]

[ 2013-10-18T22:09:13+08:00 ] 127.0.0.1 /myshop/Product/item/id/1
INFO: [ route_check ] --START--
INFO: CheckRoute Behavior ::run [ RunTime:0.001741s ]
INFO: [ route_check ] --END-- [ RunTime:0.001852s ]
INFO: [ app_begin ] --START--
INFO: ReadHtmlCache Behavior ::run [ RunTime:0.001490s ]
INFO: [ app_begin ] --END-- [ RunTime:0.001563s ]
SQL: select * from products c, products_to_categories cd,products_description pd where cd.products_id=c.products_id and c.products_id=pd.products_id and c.products_id=1 [ RunTime:0.000671s ]

