[ 2013-10-17T23:05:41+08:00 ] 127.0.0.1 /myshop/index.php/Catagory/getlist
INFO: [ route_check ] --START--
INFO: CheckRoute Behavior ::run [ RunTime:0.001272s ]
INFO: [ route_check ] --END-- [ RunTime:0.001374s ]
INFO: [ app_begin ] --START--
INFO: ReadHtmlCache Behavior ::run [ RunTime:0.000843s ]
INFO: [ app_begin ] --END-- [ RunTime:0.000929s ]
SQL: SHOW COLUMNS FROM `categories` [ RunTime:0.003100s ]
SQL: SELECT * FROM `categories`  [ RunTime:0.000556s ]
NOTIC: [8] Array to string conversion D:\wamp\www\myshop\Lib\Action\CatagoryAction.class.php 第 14 行.

[ 2013-10-17T23:05:44+08:00 ] 127.0.0.1 /myshop/index.php/Catagory/getlist
INFO: [ route_check ] --START--
INFO: CheckRoute Behavior ::run [ RunTime:0.000737s ]
INFO: [ route_check ] --END-- [ RunTime:0.000860s ]
INFO: [ app_begin ] --START--
INFO: ReadHtmlCache Behavior ::run [ RunTime:0.000604s ]
INFO: [ app_begin ] --END-- [ RunTime:0.000684s ]
SQL: SHOW COLUMNS FROM `categories` [ RunTime:0.003387s ]
SQL: SELECT * FROM `categories`  [ RunTime:0.001411s ]
NOTIC: [8] Array to string conversion D:\wamp\www\myshop\Lib\Action\CatagoryAction.class.php 第 14 行.

[ 2013-10-17T23:06:04+08:00 ] 127.0.0.1 /myshop/index.php/Catagory/getlist
INFO: [ route_check ] --START--
INFO: CheckRoute Behavior ::run [ RunTime:0.001688s ]
INFO: [ route_check ] --END-- [ RunTime:0.001929s ]
INFO: [ app_begin ] --START--
INFO: ReadHtmlCache Behavior ::run [ RunTime:0.002856s ]
INFO: [ app_begin ] --END-- [ RunTime:0.003058s ]
SQL: SHOW COLUMNS FROM `categories` [ RunTime:0.010006s ]
SQL: SELECT * FROM `categories`  [ RunTime:0.000926s ]

[ 2013-10-17T23:06:12+08:00 ] 127.0.0.1 /myshop/
INFO: [ app_begin ] --START--
INFO: ReadHtmlCache Behavior ::run [ RunTime:0.000808s ]
INFO: [ app_begin ] --END-- [ RunTime:0.000941s ]
INFO: [ view_parse ] --START--
INFO: ParseTemplate Behavior ::run [ RunTime:0.011461s ]
INFO: [ view_parse ] --END-- [ RunTime:0.011617s ]
INFO: [ view_filter ] --START--
INFO: ContentReplace Behavior ::run [ RunTime:0.001135s ]
INFO: TokenBuild Behavior ::run [ RunTime:0.001113s ]
INFO: WriteHtmlCache Behavior ::run [ RunTime:0.000965s ]
INFO: ShowRuntime Behavior ::run [ RunTime:0.001233s ]
INFO: [ view_filter ] --END-- [ RunTime:0.004834s ]
INFO: [ view_end ] --START--
INFO: ShowPageTrace Behavior ::run [ RunTime:0.001328s ]
INFO: [ view_end ] --END-- [ RunTime:0.001463s ]

[ 2013-10-17T23:06:14+08:00 ] 127.0.0.1 /myshop/index.php/Catagory/getlist
INFO: [ route_check ] --START--
INFO: CheckRoute Behavior ::run [ RunTime:0.001132s ]
INFO: [ route_check ] --END-- [ RunTime:0.001278s ]
INFO: [ app_begin ] --START--
INFO: ReadHtmlCache Behavior ::run [ RunTime:0.000931s ]
INFO: [ app_begin ] --END-- [ RunTime:0.001041s ]
SQL: SHOW COLUMNS FROM `categories` [ RunTime:0.003956s ]
SQL: SELECT * FROM `categories`  [ RunTime:0.000344s ]

[ 2013-10-17T23:07:09+08:00 ] 127.0.0.1 /myshop/
INFO: [ app_begin ] --START--
INFO: ReadHtmlCache Behavior ::run [ RunTime:0.000830s ]
INFO: [ app_begin ] --END-- [ RunTime:0.000965s ]
INFO: [ view_parse ] --START--
INFO: ParseTemplate Behavior ::run [ RunTime:0.012977s ]
INFO: [ view_parse ] --END-- [ RunTime:0.013279s ]
INFO: [ view_filter ] --START--
INFO: ContentReplace Behavior ::run [ RunTime:0.002063s ]
INFO: TokenBuild Behavior ::run [ RunTime:0.002003s ]
INFO: WriteHtmlCache Behavior ::run [ RunTime:0.001449s ]
INFO: ShowRuntime Behavior ::run [ RunTime:0.002355s ]
INFO: [ view_filter ] --END-- [ RunTime:0.008855s ]
INFO: [ view_end ] --START--
INFO: ShowPageTrace Behavior ::run [ RunTime:0.002099s ]
INFO: [ view_end ] --END-- [ RunTime:0.002475s ]

[ 2013-10-17T23:07:11+08:00 ] 127.0.0.1 /myshop/
INFO: [ app_begin ] --START--
INFO: ReadHtmlCache Behavior ::run [ RunTime:0.000624s ]
INFO: [ app_begin ] --END-- [ RunTime:0.000726s ]
INFO: [ view_parse ] --START--
INFO: ParseTemplate Behavior ::run [ RunTime:0.009993s ]
INFO: [ view_parse ] --END-- [ RunTime:0.010316s ]
INFO: [ view_filter ] --START--
INFO: ContentReplace Behavior ::run [ RunTime:0.000562s ]
INFO: TokenBuild Behavior ::run [ RunTime:0.002197s ]
INFO: WriteHtmlCache Behavior ::run [ RunTime:0.001038s ]
INFO: ShowRuntime Behavior ::run [ RunTime:0.002361s ]
INFO: [ view_filter ] --END-- [ RunTime:0.006933s ]
INFO: [ view_end ] --START--
INFO: ShowPageTrace Behavior ::run [ RunTime:0.002591s ]
INFO: [ view_end ] --END-- [ RunTime:0.002916s ]

[ 2013-10-17T23:07:14+08:00 ] 127.0.0.1 /myshop/index.php/Catagory/getlist
INFO: [ route_check ] --START--
INFO: CheckRoute Behavior ::run [ RunTime:0.000752s ]
INFO: [ route_check ] --END-- [ RunTime:0.000852s ]
INFO: [ app_begin ] --START--
INFO: ReadHtmlCache Behavior ::run [ RunTime:0.000603s ]
INFO: [ app_begin ] --END-- [ RunTime:0.000672s ]
SQL: SHOW COLUMNS FROM `categories` [ RunTime:0.006307s ]
SQL: SELECT * FROM `categories`  [ RunTime:0.000484s ]

[ 2013-10-17T23:07:48+08:00 ] 127.0.0.1 /myshop/
INFO: [ app_begin ] --START--
INFO: ReadHtmlCache Behavior ::run [ RunTime:0.001261s ]
INFO: [ app_begin ] --END-- [ RunTime:0.001361s ]
INFO: [ view_parse ] --START--
INFO: ParseTemplate Behavior ::run [ RunTime:0.015367s ]
INFO: [ view_parse ] --END-- [ RunTime:0.015489s ]
INFO: [ view_filter ] --START--
INFO: ContentReplace Behavior ::run [ RunTime:0.000536s ]
INFO: TokenBuild Behavior ::run [ RunTime:0.000505s ]
INFO: WriteHtmlCache Behavior ::run [ RunTime:0.000377s ]
INFO: ShowRuntime Behavior ::run [ RunTime:0.000588s ]
INFO: [ view_filter ] --END-- [ RunTime:0.002250s ]
INFO: [ view_end ] --START--
INFO: ShowPageTrace Behavior ::run [ RunTime:0.000646s ]
INFO: [ view_end ] --END-- [ RunTime:0.000729s ]

[ 2013-10-17T23:07:49+08:00 ] 127.0.0.1 /myshop/index.php/Catagory/getlist
INFO: [ route_check ] --START--
INFO: CheckRoute Behavior ::run [ RunTime:0.001443s ]
INFO: [ route_check ] --END-- [ RunTime:0.001586s ]
INFO: [ app_begin ] --START--
INFO: ReadHtmlCache Behavior ::run [ RunTime:0.000884s ]
INFO: [ app_begin ] --END-- [ RunTime:0.000986s ]
SQL: SHOW COLUMNS FROM `categories` [ RunTime:0.008524s ]
SQL: SELECT * FROM `categories`  [ RunTime:0.000872s ]

[ 2013-10-17T23:19:35+08:00 ] 127.0.0.1 /myshop/
INFO: [ app_begin ] --START--
INFO: ReadHtmlCache Behavior ::run [ RunTime:0.002435s ]
INFO: [ app_begin ] --END-- [ RunTime:0.002538s ]
INFO: [ view_parse ] --START--
INFO: ParseTemplate Behavior ::run [ RunTime:0.017620s ]
INFO: [ view_parse ] --END-- [ RunTime:0.017901s ]
INFO: [ view_filter ] --START--
INFO: ContentReplace Behavior ::run [ RunTime:0.007843s ]
INFO: TokenBuild Behavior ::run [ RunTime:0.008955s ]
INFO: WriteHtmlCache Behavior ::run [ RunTime:0.009920s ]
INFO: ShowRuntime Behavior ::run [ RunTime:0.009230s ]
INFO: [ view_filter ] --END-- [ RunTime:0.036814s ]
INFO: [ view_end ] --START--
INFO: ShowPageTrace Behavior ::run [ RunTime:0.008536s ]
INFO: [ view_end ] --END-- [ RunTime:0.008911s ]

[ 2013-10-17T23:19:37+08:00 ] 127.0.0.1 /myshop/index.php/Catagory/getlist
INFO: [ route_check ] --START--
INFO: CheckRoute Behavior ::run [ RunTime:0.007346s ]
INFO: [ route_check ] --END-- [ RunTime:0.007623s ]
INFO: [ app_begin ] --START--
INFO: ReadHtmlCache Behavior ::run [ RunTime:0.009142s ]
INFO: [ app_begin ] --END-- [ RunTime:0.009595s ]
SQL: select * from categories c, categories_description cd where cd.categories_id=c.categories_id [ RunTime:0.001182s ]

[ 2013-10-17T23:21:46+08:00 ] 127.0.0.1 /myshop/
INFO: [ app_begin ] --START--
INFO: ReadHtmlCache Behavior ::run [ RunTime:0.005832s ]
INFO: [ app_begin ] --END-- [ RunTime:0.006321s ]
INFO: [ view_parse ] --START--
INFO: ParseTemplate Behavior ::run [ RunTime:0.019916s ]
INFO: [ view_parse ] --END-- [ RunTime:0.020246s ]
INFO: [ view_filter ] --START--
INFO: ContentReplace Behavior ::run [ RunTime:0.006486s ]
INFO: TokenBuild Behavior ::run [ RunTime:0.006160s ]
INFO: WriteHtmlCache Behavior ::run [ RunTime:0.005160s ]
INFO: ShowRuntime Behavior ::run [ RunTime:0.004973s ]
INFO: [ view_filter ] --END-- [ RunTime:0.023688s ]
INFO: [ view_end ] --START--
INFO: ShowPageTrace Behavior ::run [ RunTime:0.004692s ]
INFO: [ view_end ] --END-- [ RunTime:0.005115s ]

[ 2013-10-17T23:21:47+08:00 ] 127.0.0.1 /myshop/index.php/Catagory/getlist
INFO: [ route_check ] --START--
INFO: CheckRoute Behavior ::run [ RunTime:0.001244s ]
INFO: [ route_check ] --END-- [ RunTime:0.001343s ]
INFO: [ app_begin ] --START--
INFO: ReadHtmlCache Behavior ::run [ RunTime:0.001070s ]
INFO: [ app_begin ] --END-- [ RunTime:0.001143s ]
ERR: 参数错误或者未定义:id

[ 2013-10-17T23:22:49+08:00 ] 127.0.0.1 /myshop/
INFO: [ app_begin ] --START--
INFO: ReadHtmlCache Behavior ::run [ RunTime:0.001936s ]
INFO: [ app_begin ] --END-- [ RunTime:0.002081s ]
INFO: [ view_parse ] --START--
INFO: ParseTemplate Behavior ::run [ RunTime:0.031910s ]
INFO: [ view_parse ] --END-- [ RunTime:0.032319s ]
INFO: [ view_filter ] --START--
INFO: ContentReplace Behavior ::run [ RunTime:0.003926s ]
INFO: TokenBuild Behavior ::run [ RunTime:0.003533s ]
INFO: WriteHtmlCache Behavior ::run [ RunTime:0.001830s ]
INFO: ShowRuntime Behavior ::run [ RunTime:0.004047s ]
INFO: [ view_filter ] --END-- [ RunTime:0.014284s ]
INFO: [ view_end ] --START--
INFO: ShowPageTrace Behavior ::run [ RunTime:0.002908s ]
INFO: [ view_end ] --END-- [ RunTime:0.003232s ]

[ 2013-10-17T23:22:51+08:00 ] 127.0.0.1 /myshop/index.php/Catagory/getlist
INFO: [ route_check ] --START--
INFO: CheckRoute Behavior ::run [ RunTime:0.001122s ]
INFO: [ route_check ] --END-- [ RunTime:0.001220s ]
INFO: [ app_begin ] --START--
INFO: ReadHtmlCache Behavior ::run [ RunTime:0.001096s ]
INFO: [ app_begin ] --END-- [ RunTime:0.001177s ]
ERR: 参数错误或者未定义:id

[ 2013-10-17T23:22:57+08:00 ] 127.0.0.1 /myshop/
INFO: [ app_begin ] --START--
INFO: ReadHtmlCache Behavior ::run [ RunTime:0.003029s ]
INFO: [ app_begin ] --END-- [ RunTime:0.003296s ]
INFO: [ view_parse ] --START--
INFO: ParseTemplate Behavior ::run [ RunTime:0.017712s ]
INFO: [ view_parse ] --END-- [ RunTime:0.017872s ]
INFO: [ view_filter ] --START--
INFO: ContentReplace Behavior ::run [ RunTime:0.001233s ]
INFO: TokenBuild Behavior ::run [ RunTime:0.001210s ]
INFO: WriteHtmlCache Behavior ::run [ RunTime:0.000886s ]
INFO: ShowRuntime Behavior ::run [ RunTime:0.001073s ]
INFO: [ view_filter ] --END-- [ RunTime:0.004654s ]
INFO: [ view_end ] --START--
INFO: ShowPageTrace Behavior ::run [ RunTime:0.000734s ]
INFO: [ view_end ] --END-- [ RunTime:0.000844s ]

[ 2013-10-17T23:22:59+08:00 ] 127.0.0.1 /myshop/index.php/Catagory/getlist
INFO: [ route_check ] --START--
INFO: CheckRoute Behavior ::run [ RunTime:0.002377s ]
INFO: [ route_check ] --END-- [ RunTime:0.002592s ]
INFO: [ app_begin ] --START--
INFO: ReadHtmlCache Behavior ::run [ RunTime:0.001522s ]
INFO: [ app_begin ] --END-- [ RunTime:0.001631s ]
SQL: select * from categories c, categories_description cd where cd.categories_id=c.categories_id [ RunTime:0.000768s ]

[ 2013-10-17T23:23:15+08:00 ] 127.0.0.1 /myshop/
INFO: [ app_begin ] --START--
INFO: ReadHtmlCache Behavior ::run [ RunTime:0.001250s ]
INFO: [ app_begin ] --END-- [ RunTime:0.001365s ]
INFO: [ view_parse ] --START--
INFO: ParseTemplate Behavior ::run [ RunTime:0.047277s ]
INFO: [ view_parse ] --END-- [ RunTime:0.047560s ]
INFO: [ view_filter ] --START--
INFO: ContentReplace Behavior ::run [ RunTime:0.003743s ]
INFO: TokenBuild Behavior ::run [ RunTime:0.003543s ]
INFO: WriteHtmlCache Behavior ::run [ RunTime:0.001373s ]
INFO: ShowRuntime Behavior ::run [ RunTime:0.001420s ]
INFO: [ view_filter ] --END-- [ RunTime:0.010563s ]
INFO: [ view_end ] --START--
INFO: ShowPageTrace Behavior ::run [ RunTime:0.003046s ]
INFO: [ view_end ] --END-- [ RunTime:0.003319s ]

[ 2013-10-17T23:23:17+08:00 ] 127.0.0.1 /myshop/index.php/Catagory/getlist/1
INFO: [ route_check ] --START--
INFO: CheckRoute Behavior ::run [ RunTime:0.004648s ]
INFO: [ route_check ] --END-- [ RunTime:0.005030s ]
INFO: [ app_begin ] --START--
INFO: ReadHtmlCache Behavior ::run [ RunTime:0.003979s ]
INFO: [ app_begin ] --END-- [ RunTime:0.004274s ]
ERR: 参数错误或者未定义:id

[ 2013-10-17T23:23:27+08:00 ] 127.0.0.1 /myshop/
INFO: [ app_begin ] --START--
INFO: ReadHtmlCache Behavior ::run [ RunTime:0.004469s ]
INFO: [ app_begin ] --END-- [ RunTime:0.004900s ]
INFO: [ view_parse ] --START--
INFO: ParseTemplate Behavior ::run [ RunTime:0.039910s ]
INFO: [ view_parse ] --END-- [ RunTime:0.040183s ]
INFO: [ view_filter ] --START--
INFO: ContentReplace Behavior ::run [ RunTime:0.001078s ]
INFO: TokenBuild Behavior ::run [ RunTime:0.001006s ]
INFO: WriteHtmlCache Behavior ::run [ RunTime:0.000913s ]
INFO: ShowRuntime Behavior ::run [ RunTime:0.001049s ]
INFO: [ view_filter ] --END-- [ RunTime:0.004288s ]
INFO: [ view_end ] --START--
INFO: ShowPageTrace Behavior ::run [ RunTime:0.000841s ]
INFO: [ view_end ] --END-- [ RunTime:0.000921s ]

[ 2013-10-17T23:23:28+08:00 ] 127.0.0.1 /myshop/index.php/Catagory/getlist/id/1
INFO: [ route_check ] --START--
INFO: CheckRoute Behavior ::run [ RunTime:0.001158s ]
INFO: [ route_check ] --END-- [ RunTime:0.001262s ]
INFO: [ app_begin ] --START--
INFO: ReadHtmlCache Behavior ::run [ RunTime:0.001214s ]
INFO: [ app_begin ] --END-- [ RunTime:0.001314s ]
SQL: select * from categories c, categories_description cd where cd.categories_id=c.categories_id [ RunTime:0.000587s ]

[ 2013-10-17T23:23:55+08:00 ] 127.0.0.1 /myshop/
INFO: [ app_begin ] --START--
INFO: ReadHtmlCache Behavior ::run [ RunTime:0.001907s ]
INFO: [ app_begin ] --END-- [ RunTime:0.002024s ]
INFO: [ view_parse ] --START--
INFO: ParseTemplate Behavior ::run [ RunTime:0.013204s ]
INFO: [ view_parse ] --END-- [ RunTime:0.013354s ]
INFO: [ view_filter ] --START--
INFO: ContentReplace Behavior ::run [ RunTime:0.001287s ]
INFO: TokenBuild Behavior ::run [ RunTime:0.001145s ]
INFO: WriteHtmlCache Behavior ::run [ RunTime:0.001008s ]
INFO: ShowRuntime Behavior ::run [ RunTime:0.001290s ]
INFO: [ view_filter ] --END-- [ RunTime:0.005060s ]
INFO: [ view_end ] --START--
INFO: ShowPageTrace Behavior ::run [ RunTime:0.001089s ]
INFO: [ view_end ] --END-- [ RunTime:0.001197s ]

[ 2013-10-17T23:23:56+08:00 ] 127.0.0.1 /myshop/index.php/Catagory/getlist/id/1
INFO: [ route_check ] --START--
INFO: CheckRoute Behavior ::run [ RunTime:0.001314s ]
INFO: [ route_check ] --END-- [ RunTime:0.001425s ]
INFO: [ app_begin ] --START--
INFO: ReadHtmlCache Behavior ::run [ RunTime:0.004547s ]
INFO: [ app_begin ] --END-- [ RunTime:0.004867s ]
SQL: select * from categories c, categories_description cd where cd.categories_id=c.categories_id and c.categories_id=1 [ RunTime:0.000449s ]

[ 2013-10-17T23:24:27+08:00 ] 127.0.0.1 /myshop/
INFO: [ app_begin ] --START--
INFO: ReadHtmlCache Behavior ::run [ RunTime:0.002573s ]
INFO: [ app_begin ] --END-- [ RunTime:0.003119s ]
INFO: [ view_parse ] --START--
INFO: ParseTemplate Behavior ::run [ RunTime:0.016076s ]
INFO: [ view_parse ] --END-- [ RunTime:0.016194s ]
INFO: [ view_filter ] --START--
INFO: ContentReplace Behavior ::run [ RunTime:0.001017s ]
INFO: TokenBuild Behavior ::run [ RunTime:0.000974s ]
INFO: WriteHtmlCache Behavior ::run [ RunTime:0.000837s ]
INFO: ShowRuntime Behavior ::run [ RunTime:0.001087s ]
INFO: [ view_filter ] --END-- [ RunTime:0.004171s ]
INFO: [ view_end ] --START--
INFO: ShowPageTrace Behavior ::run [ RunTime:0.003526s ]
INFO: [ view_end ] --END-- [ RunTime:0.003854s ]

[ 2013-10-17T23:24:28+08:00 ] 127.0.0.1 /myshop/index.php/Catagory/getlist/id/1
INFO: [ route_check ] --START--
INFO: CheckRoute Behavior ::run [ RunTime:0.004495s ]
INFO: [ route_check ] --END-- [ RunTime:0.004919s ]
INFO: [ app_begin ] --START--
INFO: ReadHtmlCache Behavior ::run [ RunTime:0.003376s ]
INFO: [ app_begin ] --END-- [ RunTime:0.003588s ]
SQL: select * from categories c, categories_description cd where cd.categories_id=c.categories_id and c.categories_id=1 [ RunTime:0.000547s ]

[ 2013-10-17T23:24:44+08:00 ] 127.0.0.1 /myshop/
INFO: [ app_begin ] --START--
INFO: ReadHtmlCache Behavior ::run [ RunTime:0.001417s ]
INFO: [ app_begin ] --END-- [ RunTime:0.001532s ]
INFO: [ view_parse ] --START--
INFO: ParseTemplate Behavior ::run [ RunTime:0.017032s ]
INFO: [ view_parse ] --END-- [ RunTime:0.017311s ]
INFO: [ view_filter ] --START--
INFO: ContentReplace Behavior ::run [ RunTime:0.001978s ]
INFO: TokenBuild Behavior ::run [ RunTime:0.001029s ]
INFO: WriteHtmlCache Behavior ::run [ RunTime:0.000892s ]
INFO: ShowRuntime Behavior ::run [ RunTime:0.001077s ]
INFO: [ view_filter ] --END-- [ RunTime:0.005332s ]
INFO: [ view_end ] --START--
INFO: ShowPageTrace Behavior ::run [ RunTime:0.000765s ]
INFO: [ view_end ] --END-- [ RunTime:0.000844s ]

[ 2013-10-17T23:24:45+08:00 ] 127.0.0.1 /myshop/index.php/Catagory/getlist
INFO: [ route_check ] --START--
INFO: CheckRoute Behavior ::run [ RunTime:0.001101s ]
INFO: [ route_check ] --END-- [ RunTime:0.001201s ]
INFO: [ app_begin ] --START--
INFO: ReadHtmlCache Behavior ::run [ RunTime:0.001226s ]
INFO: [ app_begin ] --END-- [ RunTime:0.001297s ]
SQL: select * from categories c, categories_description cd where cd.categories_id=c.categories_id and c.categories_id=-1 [ RunTime:0.000303s ]

[ 2013-10-17T23:25:41+08:00 ] 127.0.0.1 /myshop/
INFO: [ app_begin ] --START--
INFO: ReadHtmlCache Behavior ::run [ RunTime:0.003929s ]
INFO: [ app_begin ] --END-- [ RunTime:0.004316s ]
INFO: [ view_parse ] --START--
INFO: ParseTemplate Behavior ::run [ RunTime:0.015970s ]
INFO: [ view_parse ] --END-- [ RunTime:0.016121s ]
INFO: [ view_filter ] --START--
INFO: ContentReplace Behavior ::run [ RunTime:0.001378s ]
INFO: TokenBuild Behavior ::run [ RunTime:0.001163s ]
INFO: WriteHtmlCache Behavior ::run [ RunTime:0.001177s ]
INFO: ShowRuntime Behavior ::run [ RunTime:0.001511s ]
INFO: [ view_filter ] --END-- [ RunTime:0.005579s ]
INFO: [ view_end ] --START--
INFO: ShowPageTrace Behavior ::run [ RunTime:0.001045s ]
INFO: [ view_end ] --END-- [ RunTime:0.001159s ]

[ 2013-10-17T23:25:43+08:00 ] 127.0.0.1 /myshop/index.php/Catagory/getlist
INFO: [ route_check ] --START--
INFO: CheckRoute Behavior ::run [ RunTime:0.001662s ]
INFO: [ route_check ] --END-- [ RunTime:0.001807s ]
INFO: [ app_begin ] --START--
INFO: ReadHtmlCache Behavior ::run [ RunTime:0.001620s ]
INFO: [ app_begin ] --END-- [ RunTime:0.001727s ]
SQL: select * from categories c, categories_description cd where cd.categories_id=c.categories_id [ RunTime:0.001568s ]

[ 2013-10-17T23:25:56+08:00 ] 127.0.0.1 /myshop/
INFO: [ app_begin ] --START--
INFO: ReadHtmlCache Behavior ::run [ RunTime:0.002262s ]
INFO: [ app_begin ] --END-- [ RunTime:0.002422s ]
INFO: [ view_parse ] --START--
INFO: ParseTemplate Behavior ::run [ RunTime:0.037582s ]
INFO: [ view_parse ] --END-- [ RunTime:0.037818s ]
INFO: [ view_filter ] --START--
INFO: ContentReplace Behavior ::run [ RunTime:0.002160s ]
INFO: TokenBuild Behavior ::run [ RunTime:0.001951s ]
INFO: WriteHtmlCache Behavior ::run [ RunTime:0.001697s ]
INFO: ShowRuntime Behavior ::run [ RunTime:0.001827s ]
INFO: [ view_filter ] --END-- [ RunTime:0.008093s ]
INFO: [ view_end ] --START--
INFO: ShowPageTrace Behavior ::run [ RunTime:0.001566s ]
INFO: [ view_end ] --END-- [ RunTime:0.001706s ]

[ 2013-10-17T23:25:58+08:00 ] 127.0.0.1 /myshop/index.php/Catagory/getlist/id/1
INFO: [ route_check ] --START--
INFO: CheckRoute Behavior ::run [ RunTime:0.001279s ]
INFO: [ route_check ] --END-- [ RunTime:0.001388s ]
INFO: [ app_begin ] --START--
INFO: ReadHtmlCache Behavior ::run [ RunTime:0.001069s ]
INFO: [ app_begin ] --END-- [ RunTime:0.001149s ]
SQL: select * from categories c, categories_description cd where cd.categories_id=c.categories_id and c.categories_id=1 [ RunTime:0.000445s ]

[ 2013-10-17T23:26:05+08:00 ] 127.0.0.1 /myshop/
INFO: [ app_begin ] --START--
INFO: ReadHtmlCache Behavior ::run [ RunTime:0.001112s ]
INFO: [ app_begin ] --END-- [ RunTime:0.001231s ]
INFO: [ view_parse ] --START--
INFO: ParseTemplate Behavior ::run [ RunTime:0.028267s ]
INFO: [ view_parse ] --END-- [ RunTime:0.028394s ]
INFO: [ view_filter ] --START--
INFO: ContentReplace Behavior ::run [ RunTime:0.001456s ]
INFO: TokenBuild Behavior ::run [ RunTime:0.001024s ]
INFO: WriteHtmlCache Behavior ::run [ RunTime:0.000968s ]
INFO: ShowRuntime Behavior ::run [ RunTime:0.001091s ]
INFO: [ view_filter ] --END-- [ RunTime:0.004798s ]
INFO: [ view_end ] --START--
INFO: ShowPageTrace Behavior ::run [ RunTime:0.000790s ]
INFO: [ view_end ] --END-- [ RunTime:0.000871s ]

[ 2013-10-17T23:26:06+08:00 ] 127.0.0.1 /myshop/index.php/Catagory/getlist/id/2
INFO: [ route_check ] --START--
INFO: CheckRoute Behavior ::run [ RunTime:0.001554s ]
INFO: [ route_check ] --END-- [ RunTime:0.001689s ]
INFO: [ app_begin ] --START--
INFO: ReadHtmlCache Behavior ::run [ RunTime:0.001511s ]
INFO: [ app_begin ] --END-- [ RunTime:0.001608s ]
SQL: select * from categories c, categories_description cd where cd.categories_id=c.categories_id and c.categories_id=2 [ RunTime:0.000373s ]

