[ 2013-10-19T09:51:30+08:00 ] 127.0.0.1 /myshop/
INFO: [ app_begin ] --START--
INFO: ReadHtmlCache Behavior ::run [ RunTime:0.005477s ]
INFO: [ app_begin ] --END-- [ RunTime:0.005870s ]
INFO: [ view_parse ] --START--
INFO: ParseTemplate Behavior ::run [ RunTime:0.036294s ]
INFO: [ view_parse ] --END-- [ RunTime:0.036693s ]
INFO: [ view_filter ] --START--
INFO: ContentReplace Behavior ::run [ RunTime:0.003584s ]
INFO: TokenBuild Behavior ::run [ RunTime:0.003526s ]
INFO: WriteHtmlCache Behavior ::run [ RunTime:0.003148s ]
INFO: ShowRuntime Behavior ::run [ RunTime:0.003840s ]
INFO: [ view_filter ] --END-- [ RunTime:0.015035s ]
INFO: [ view_end ] --START--
INFO: ShowPageTrace Behavior ::run [ RunTime:0.002665s ]
INFO: [ view_end ] --END-- [ RunTime:0.002874s ]

[ 2013-10-19T09:51:55+08:00 ] 127.0.0.1 /myshop/Catagory/clist
INFO: [ route_check ] --START--
INFO: CheckRoute Behavior ::run [ RunTime:0.005874s ]
INFO: [ route_check ] --END-- [ RunTime:0.006263s ]
INFO: [ app_begin ] --START--
INFO: ReadHtmlCache Behavior ::run [ RunTime:0.002723s ]
INFO: [ app_begin ] --END-- [ RunTime:0.002942s ]
SQL: select * from categories c, categories_description cd where cd.categories_id=c.categories_id [ RunTime:0.080090s ]

[ 2013-10-19T09:51:56+08:00 ] 127.0.0.1 /myshop/Catagory/clist/id/2
INFO: [ route_check ] --START--
INFO: CheckRoute Behavior ::run [ RunTime:0.005342s ]
INFO: [ route_check ] --END-- [ RunTime:0.005947s ]
INFO: [ app_begin ] --START--
INFO: ReadHtmlCache Behavior ::run [ RunTime:0.003341s ]
INFO: [ app_begin ] --END-- [ RunTime:0.003547s ]
SQL: select * from categories c, categories_description cd where cd.categories_id=c.categories_id and c.categories_id=2 [ RunTime:0.000926s ]

[ 2013-10-19T09:51:57+08:00 ] 127.0.0.1 /myshop/Product/clist
INFO: [ route_check ] --START--
INFO: CheckRoute Behavior ::run [ RunTime:0.003782s ]
INFO: [ route_check ] --END-- [ RunTime:0.004160s ]
INFO: [ app_begin ] --START--
INFO: ReadHtmlCache Behavior ::run [ RunTime:0.004442s ]
INFO: [ app_begin ] --END-- [ RunTime:0.004916s ]
SQL: select * from products c, products_to_categories cd where cd.products_id=c.products_id [ RunTime:0.089637s ]

[ 2013-10-19T09:51:58+08:00 ] 127.0.0.1 /myshop/Product/clist/catagoryid/10
INFO: [ route_check ] --START--
INFO: CheckRoute Behavior ::run [ RunTime:0.000897s ]
INFO: [ route_check ] --END-- [ RunTime:0.000997s ]
INFO: [ app_begin ] --START--
INFO: ReadHtmlCache Behavior ::run [ RunTime:0.000710s ]
INFO: [ app_begin ] --END-- [ RunTime:0.000789s ]
SQL: select * from products c, products_to_categories cd where cd.products_id=c.products_id and cd.categories_id=10 [ RunTime:0.001426s ]

[ 2013-10-19T09:51:58+08:00 ] 127.0.0.1 /myshop/Product/item/id/1
INFO: [ route_check ] --START--
INFO: CheckRoute Behavior ::run [ RunTime:0.001093s ]
INFO: [ route_check ] --END-- [ RunTime:0.001218s ]
INFO: [ app_begin ] --START--
INFO: ReadHtmlCache Behavior ::run [ RunTime:0.000892s ]
INFO: [ app_begin ] --END-- [ RunTime:0.000981s ]
SQL: select * from products c, products_to_categories cd,products_description pd where cd.products_id=c.products_id and c.products_id=pd.products_id and c.products_id=1 [ RunTime:0.048309s ]

[ 2013-10-19T09:51:59+08:00 ] 127.0.0.1 /myshop/Basket/clist/customid/1
INFO: [ route_check ] --START--
INFO: CheckRoute Behavior ::run [ RunTime:0.001074s ]
INFO: [ route_check ] --END-- [ RunTime:0.001198s ]
INFO: [ app_begin ] --START--
INFO: ReadHtmlCache Behavior ::run [ RunTime:0.000882s ]
INFO: [ app_begin ] --END-- [ RunTime:0.001014s ]
SQL: select * from customers_basket c, products p, products_description pd where c.products_id=p.products_id and p.products_id=pd.products_id and c.customers_id=1 [ RunTime:0.060264s ]

[ 2013-10-19T09:52:00+08:00 ] 127.0.0.1 /myshop/Order/clist/customid/1
INFO: [ route_check ] --START--
INFO: CheckRoute Behavior ::run [ RunTime:0.003602s ]
INFO: [ route_check ] --END-- [ RunTime:0.003985s ]
INFO: [ app_begin ] --START--
INFO: ReadHtmlCache Behavior ::run [ RunTime:0.002945s ]
INFO: [ app_begin ] --END-- [ RunTime:0.003414s ]
SQL: select * from orders c, orders_products op, products_description pd where c.orders_id=op.orders_id and op.products_id=pd.products_id and c.customers_id=1 [ RunTime:0.108409s ]

[ 2013-10-19T09:52:02+08:00 ] 127.0.0.1 /myshop/Catagory/clist
INFO: [ route_check ] --START--
INFO: CheckRoute Behavior ::run [ RunTime:0.000911s ]
INFO: [ route_check ] --END-- [ RunTime:0.001009s ]
INFO: [ app_begin ] --START--
INFO: ReadHtmlCache Behavior ::run [ RunTime:0.000726s ]
INFO: [ app_begin ] --END-- [ RunTime:0.000796s ]
SQL: select * from categories c, categories_description cd where cd.categories_id=c.categories_id [ RunTime:0.000822s ]

[ 2013-10-19T10:21:27+08:00 ] 127.0.0.1 /myshop/
INFO: [ app_begin ] --START--
INFO: ReadHtmlCache Behavior ::run [ RunTime:0.001278s ]
INFO: [ app_begin ] --END-- [ RunTime:0.001378s ]
INFO: [ view_parse ] --START--
INFO: ParseTemplate Behavior ::run [ RunTime:0.014937s ]
INFO: [ view_parse ] --END-- [ RunTime:0.015073s ]
INFO: [ view_filter ] --START--
INFO: ContentReplace Behavior ::run [ RunTime:0.000937s ]
INFO: TokenBuild Behavior ::run [ RunTime:0.002661s ]
INFO: WriteHtmlCache Behavior ::run [ RunTime:0.003230s ]
INFO: ShowRuntime Behavior ::run [ RunTime:0.003915s ]
INFO: [ view_filter ] --END-- [ RunTime:0.011533s ]
INFO: [ view_end ] --START--
INFO: ShowPageTrace Behavior ::run [ RunTime:0.005883s ]
INFO: [ view_end ] --END-- [ RunTime:0.007538s ]

[ 2013-10-19T10:21:45+08:00 ] 127.0.0.1 /myshop/
INFO: [ app_begin ] --START--
INFO: ReadHtmlCache Behavior ::run [ RunTime:0.001278s ]
INFO: [ app_begin ] --END-- [ RunTime:0.001376s ]
INFO: [ view_parse ] --START--
INFO: ParseTemplate Behavior ::run [ RunTime:0.013179s ]
INFO: [ view_parse ] --END-- [ RunTime:0.013289s ]
INFO: [ view_filter ] --START--
INFO: ContentReplace Behavior ::run [ RunTime:0.000910s ]
INFO: TokenBuild Behavior ::run [ RunTime:0.000879s ]
INFO: WriteHtmlCache Behavior ::run [ RunTime:0.000748s ]
INFO: ShowRuntime Behavior ::run [ RunTime:0.000927s ]
INFO: [ view_filter ] --END-- [ RunTime:0.003698s ]
INFO: [ view_end ] --START--
INFO: ShowPageTrace Behavior ::run [ RunTime:0.000988s ]
INFO: [ view_end ] --END-- [ RunTime:0.001068s ]

[ 2013-10-19T10:22:12+08:00 ] 127.0.0.1 /myshop/
INFO: [ app_begin ] --START--
INFO: ReadHtmlCache Behavior ::run [ RunTime:0.005210s ]
INFO: [ app_begin ] --END-- [ RunTime:0.005691s ]
INFO: [ view_parse ] --START--
INFO: ParseTemplate Behavior ::run [ RunTime:0.015922s ]
INFO: [ view_parse ] --END-- [ RunTime:0.016329s ]
INFO: [ view_filter ] --START--
INFO: ContentReplace Behavior ::run [ RunTime:0.003466s ]
INFO: TokenBuild Behavior ::run [ RunTime:0.003282s ]
INFO: WriteHtmlCache Behavior ::run [ RunTime:0.003075s ]
INFO: ShowRuntime Behavior ::run [ RunTime:0.003906s ]
INFO: [ view_filter ] --END-- [ RunTime:0.014505s ]
INFO: [ view_end ] --START--
INFO: ShowPageTrace Behavior ::run [ RunTime:0.004151s ]
INFO: [ view_end ] --END-- [ RunTime:0.004478s ]

[ 2013-10-19T10:24:21+08:00 ] 127.0.0.1 /myshop/
INFO: [ app_begin ] --START--
INFO: ReadHtmlCache Behavior ::run [ RunTime:0.001236s ]
INFO: [ app_begin ] --END-- [ RunTime:0.001333s ]
INFO: [ view_parse ] --START--
INFO: ParseTemplate Behavior ::run [ RunTime:0.010249s ]
INFO: [ view_parse ] --END-- [ RunTime:0.010360s ]
INFO: [ view_filter ] --START--
INFO: ContentReplace Behavior ::run [ RunTime:0.000890s ]
INFO: TokenBuild Behavior ::run [ RunTime:0.000897s ]
INFO: WriteHtmlCache Behavior ::run [ RunTime:0.000764s ]
INFO: ShowRuntime Behavior ::run [ RunTime:0.000951s ]
INFO: [ view_filter ] --END-- [ RunTime:0.003739s ]
INFO: [ view_end ] --START--
INFO: ShowPageTrace Behavior ::run [ RunTime:0.001000s ]
INFO: [ view_end ] --END-- [ RunTime:0.001082s ]

[ 2013-10-19T10:29:56+08:00 ] 127.0.0.1 /myshop/
INFO: [ app_begin ] --START--
INFO: ReadHtmlCache Behavior ::run [ RunTime:0.001241s ]
INFO: [ app_begin ] --END-- [ RunTime:0.001340s ]
INFO: [ view_parse ] --START--
INFO: ParseTemplate Behavior ::run [ RunTime:0.025256s ]
INFO: [ view_parse ] --END-- [ RunTime:0.025630s ]
INFO: [ view_filter ] --START--
INFO: ContentReplace Behavior ::run [ RunTime:0.003474s ]
INFO: TokenBuild Behavior ::run [ RunTime:0.005239s ]
INFO: WriteHtmlCache Behavior ::run [ RunTime:0.004571s ]
INFO: ShowRuntime Behavior ::run [ RunTime:0.005806s ]
INFO: [ view_filter ] --END-- [ RunTime:0.020309s ]
INFO: [ view_end ] --START--
INFO: ShowPageTrace Behavior ::run [ RunTime:0.004747s ]
INFO: [ view_end ] --END-- [ RunTime:0.004984s ]

[ 2013-10-19T10:31:00+08:00 ] 127.0.0.1 /myshop/
INFO: [ app_begin ] --START--
INFO: ReadHtmlCache Behavior ::run [ RunTime:0.000751s ]
INFO: [ app_begin ] --END-- [ RunTime:0.000851s ]
INFO: [ view_parse ] --START--
INFO: ParseTemplate Behavior ::run [ RunTime:0.008626s ]
INFO: [ view_parse ] --END-- [ RunTime:0.008733s ]
INFO: [ view_filter ] --START--
INFO: ContentReplace Behavior ::run [ RunTime:0.000628s ]
INFO: TokenBuild Behavior ::run [ RunTime:0.000626s ]
INFO: WriteHtmlCache Behavior ::run [ RunTime:0.000515s ]
INFO: ShowRuntime Behavior ::run [ RunTime:0.000709s ]
INFO: [ view_filter ] --END-- [ RunTime:0.002712s ]
INFO: [ view_end ] --START--
INFO: ShowPageTrace Behavior ::run [ RunTime:0.000783s ]
INFO: [ view_end ] --END-- [ RunTime:0.000867s ]

[ 2013-10-19T10:31:56+08:00 ] 127.0.0.1 /myshop/
INFO: [ app_begin ] --START--
INFO: ReadHtmlCache Behavior ::run [ RunTime:0.001272s ]
INFO: [ app_begin ] --END-- [ RunTime:0.001373s ]
INFO: [ view_parse ] --START--
INFO: ParseTemplate Behavior ::run [ RunTime:0.012804s ]
INFO: [ view_parse ] --END-- [ RunTime:0.012929s ]
INFO: [ view_filter ] --START--
INFO: ContentReplace Behavior ::run [ RunTime:0.000928s ]
INFO: TokenBuild Behavior ::run [ RunTime:0.000970s ]
INFO: WriteHtmlCache Behavior ::run [ RunTime:0.000742s ]
INFO: ShowRuntime Behavior ::run [ RunTime:0.000929s ]
INFO: [ view_filter ] --END-- [ RunTime:0.003793s ]
INFO: [ view_end ] --START--
INFO: ShowPageTrace Behavior ::run [ RunTime:0.000991s ]
INFO: [ view_end ] --END-- [ RunTime:0.001070s ]

[ 2013-10-19T10:32:35+08:00 ] 127.0.0.1 /myshop/
INFO: [ app_begin ] --START--
INFO: ReadHtmlCache Behavior ::run [ RunTime:0.000807s ]
INFO: [ app_begin ] --END-- [ RunTime:0.000912s ]
INFO: [ view_parse ] --START--
INFO: ParseTemplate Behavior ::run [ RunTime:0.010167s ]
INFO: [ view_parse ] --END-- [ RunTime:0.010277s ]
INFO: [ view_filter ] --START--
INFO: ContentReplace Behavior ::run [ RunTime:0.000651s ]
INFO: TokenBuild Behavior ::run [ RunTime:0.000627s ]
INFO: WriteHtmlCache Behavior ::run [ RunTime:0.000516s ]
INFO: ShowRuntime Behavior ::run [ RunTime:0.000719s ]
INFO: [ view_filter ] --END-- [ RunTime:0.002749s ]
INFO: [ view_end ] --START--
INFO: ShowPageTrace Behavior ::run [ RunTime:0.000767s ]
INFO: [ view_end ] --END-- [ RunTime:0.000849s ]

[ 2013-10-19T10:33:42+08:00 ] 127.0.0.1 /myshop/
INFO: [ app_begin ] --START--
INFO: ReadHtmlCache Behavior ::run [ RunTime:0.001258s ]
INFO: [ app_begin ] --END-- [ RunTime:0.001358s ]
INFO: [ view_parse ] --START--
INFO: ParseTemplate Behavior ::run [ RunTime:0.014578s ]
INFO: [ view_parse ] --END-- [ RunTime:0.014880s ]
INFO: [ view_filter ] --START--
INFO: ContentReplace Behavior ::run [ RunTime:0.003597s ]
INFO: TokenBuild Behavior ::run [ RunTime:0.003467s ]
INFO: WriteHtmlCache Behavior ::run [ RunTime:0.003029s ]
INFO: ShowRuntime Behavior ::run [ RunTime:0.003786s ]
INFO: [ view_filter ] --END-- [ RunTime:0.014808s ]
INFO: [ view_end ] --START--
INFO: ShowPageTrace Behavior ::run [ RunTime:0.004130s ]
INFO: [ view_end ] --END-- [ RunTime:0.004487s ]

[ 2013-10-19T10:34:18+08:00 ] 127.0.0.1 /myshop/
INFO: [ app_begin ] --START--
INFO: ReadHtmlCache Behavior ::run [ RunTime:0.003097s ]
INFO: [ app_begin ] --END-- [ RunTime:0.003488s ]
INFO: [ view_parse ] --START--
INFO: ParseTemplate Behavior ::run [ RunTime:0.033067s ]
INFO: [ view_parse ] --END-- [ RunTime:0.033409s ]
INFO: [ view_filter ] --START--
INFO: ContentReplace Behavior ::run [ RunTime:0.001088s ]
INFO: TokenBuild Behavior ::run [ RunTime:0.002148s ]
INFO: WriteHtmlCache Behavior ::run [ RunTime:0.002164s ]
INFO: ShowRuntime Behavior ::run [ RunTime:0.002782s ]
INFO: [ view_filter ] --END-- [ RunTime:0.008865s ]
INFO: [ view_end ] --START--
INFO: ShowPageTrace Behavior ::run [ RunTime:0.002935s ]
INFO: [ view_end ] --END-- [ RunTime:0.003274s ]

[ 2013-10-19T10:38:14+08:00 ] 127.0.0.1 /myshop/
INFO: [ app_begin ] --START--
INFO: ReadHtmlCache Behavior ::run [ RunTime:0.001445s ]
INFO: [ app_begin ] --END-- [ RunTime:0.001555s ]
INFO: [ view_parse ] --START--
INFO: ParseTemplate Behavior ::run [ RunTime:0.011098s ]
INFO: [ view_parse ] --END-- [ RunTime:0.011244s ]
INFO: [ view_filter ] --START--
INFO: ContentReplace Behavior ::run [ RunTime:0.000947s ]
INFO: TokenBuild Behavior ::run [ RunTime:0.000894s ]
INFO: WriteHtmlCache Behavior ::run [ RunTime:0.000760s ]
INFO: ShowRuntime Behavior ::run [ RunTime:0.001010s ]
INFO: [ view_filter ] --END-- [ RunTime:0.003852s ]
INFO: [ view_end ] --START--
INFO: ShowPageTrace Behavior ::run [ RunTime:0.001059s ]
INFO: [ view_end ] --END-- [ RunTime:0.001139s ]

[ 2013-10-19T10:39:22+08:00 ] 127.0.0.1 /myshop/
INFO: [ app_begin ] --START--
INFO: ReadHtmlCache Behavior ::run [ RunTime:0.001302s ]
INFO: [ app_begin ] --END-- [ RunTime:0.001407s ]
INFO: [ view_parse ] --START--
INFO: ParseTemplate Behavior ::run [ RunTime:0.010748s ]
INFO: [ view_parse ] --END-- [ RunTime:0.010860s ]
INFO: [ view_filter ] --START--
INFO: ContentReplace Behavior ::run [ RunTime:0.000918s ]
INFO: TokenBuild Behavior ::run [ RunTime:0.000889s ]
INFO: WriteHtmlCache Behavior ::run [ RunTime:0.000779s ]
INFO: ShowRuntime Behavior ::run [ RunTime:0.000973s ]
INFO: [ view_filter ] --END-- [ RunTime:0.003794s ]
INFO: [ view_end ] --START--
INFO: ShowPageTrace Behavior ::run [ RunTime:0.001003s ]
INFO: [ view_end ] --END-- [ RunTime:0.001083s ]

[ 2013-10-19T10:40:19+08:00 ] 127.0.0.1 /myshop/
INFO: [ app_begin ] --START--
INFO: ReadHtmlCache Behavior ::run [ RunTime:0.001359s ]
INFO: [ app_begin ] --END-- [ RunTime:0.001465s ]
INFO: [ view_parse ] --START--
INFO: ParseTemplate Behavior ::run [ RunTime:0.010833s ]
INFO: [ view_parse ] --END-- [ RunTime:0.011150s ]
INFO: [ view_filter ] --START--
INFO: ContentReplace Behavior ::run [ RunTime:0.003398s ]
INFO: TokenBuild Behavior ::run [ RunTime:0.003614s ]
INFO: WriteHtmlCache Behavior ::run [ RunTime:0.003175s ]
INFO: ShowRuntime Behavior ::run [ RunTime:0.003952s ]
INFO: [ view_filter ] --END-- [ RunTime:0.015094s ]
INFO: [ view_end ] --START--
INFO: ShowPageTrace Behavior ::run [ RunTime:0.004505s ]
INFO: [ view_end ] --END-- [ RunTime:0.004899s ]

[ 2013-10-19T10:41:59+08:00 ] 127.0.0.1 /myshop/
INFO: [ app_begin ] --START--
INFO: ReadHtmlCache Behavior ::run [ RunTime:0.001157s ]
INFO: [ app_begin ] --END-- [ RunTime:0.001498s ]
INFO: [ view_parse ] --START--
INFO: ParseTemplate Behavior ::run [ RunTime:0.024091s ]
INFO: [ view_parse ] --END-- [ RunTime:0.024384s ]
INFO: [ view_filter ] --START--
INFO: ContentReplace Behavior ::run [ RunTime:0.003288s ]
INFO: TokenBuild Behavior ::run [ RunTime:0.002510s ]
INFO: WriteHtmlCache Behavior ::run [ RunTime:0.002059s ]
INFO: ShowRuntime Behavior ::run [ RunTime:0.003095s ]
INFO: [ view_filter ] --END-- [ RunTime:0.012150s ]
INFO: [ view_end ] --START--
INFO: ShowPageTrace Behavior ::run [ RunTime:0.001349s ]
INFO: [ view_end ] --END-- [ RunTime:0.001711s ]

[ 2013-10-19T10:44:14+08:00 ] 127.0.0.1 /myshop/
INFO: [ app_begin ] --START--
INFO: ReadHtmlCache Behavior ::run [ RunTime:0.005367s ]
INFO: [ app_begin ] --END-- [ RunTime:0.005792s ]
INFO: [ view_parse ] --START--
INFO: ParseTemplate Behavior ::run [ RunTime:0.039455s ]
INFO: [ view_parse ] --END-- [ RunTime:0.039700s ]
INFO: [ view_filter ] --START--
INFO: ContentReplace Behavior ::run [ RunTime:0.000924s ]
INFO: TokenBuild Behavior ::run [ RunTime:0.000853s ]
INFO: WriteHtmlCache Behavior ::run [ RunTime:0.000747s ]
INFO: ShowRuntime Behavior ::run [ RunTime:0.000923s ]
INFO: [ view_filter ] --END-- [ RunTime:0.003675s ]
INFO: [ view_end ] --START--
INFO: ShowPageTrace Behavior ::run [ RunTime:0.000978s ]
INFO: [ view_end ] --END-- [ RunTime:0.001056s ]

[ 2013-10-19T10:44:42+08:00 ] 127.0.0.1 /myshop/
INFO: [ app_begin ] --START--
INFO: ReadHtmlCache Behavior ::run [ RunTime:0.008760s ]
INFO: [ app_begin ] --END-- [ RunTime:0.009287s ]
INFO: [ view_parse ] --START--
INFO: ParseTemplate Behavior ::run [ RunTime:0.029853s ]
INFO: [ view_parse ] --END-- [ RunTime:0.030201s ]
INFO: [ view_filter ] --START--
INFO: ContentReplace Behavior ::run [ RunTime:0.000878s ]
INFO: TokenBuild Behavior ::run [ RunTime:0.000843s ]
INFO: WriteHtmlCache Behavior ::run [ RunTime:0.000802s ]
INFO: ShowRuntime Behavior ::run [ RunTime:0.001178s ]
INFO: [ view_filter ] --END-- [ RunTime:0.003966s ]
INFO: [ view_end ] --START--
INFO: ShowPageTrace Behavior ::run [ RunTime:0.000993s ]
INFO: [ view_end ] --END-- [ RunTime:0.001073s ]

[ 2013-10-19T10:45:01+08:00 ] 127.0.0.1 /myshop/
INFO: [ app_begin ] --START--
INFO: ReadHtmlCache Behavior ::run [ RunTime:0.000884s ]
INFO: [ app_begin ] --END-- [ RunTime:0.001037s ]
INFO: [ view_parse ] --START--
INFO: ParseTemplate Behavior ::run [ RunTime:0.014561s ]
INFO: [ view_parse ] --END-- [ RunTime:0.014845s ]
INFO: [ view_filter ] --START--
INFO: ContentReplace Behavior ::run [ RunTime:0.002601s ]
INFO: TokenBuild Behavior ::run [ RunTime:0.002451s ]
INFO: WriteHtmlCache Behavior ::run [ RunTime:0.001962s ]
INFO: ShowRuntime Behavior ::run [ RunTime:0.001195s ]
INFO: [ view_filter ] --END-- [ RunTime:0.009002s ]
INFO: [ view_end ] --START--
INFO: ShowPageTrace Behavior ::run [ RunTime:0.000801s ]
INFO: [ view_end ] --END-- [ RunTime:0.000886s ]

[ 2013-10-19T10:45:17+08:00 ] 127.0.0.1 /myshop/
INFO: [ app_begin ] --START--
INFO: ReadHtmlCache Behavior ::run [ RunTime:0.001241s ]
INFO: [ app_begin ] --END-- [ RunTime:0.001342s ]
INFO: [ view_parse ] --START--
INFO: ParseTemplate Behavior ::run [ RunTime:0.013900s ]
INFO: [ view_parse ] --END-- [ RunTime:0.014012s ]
INFO: [ view_filter ] --START--
INFO: ContentReplace Behavior ::run [ RunTime:0.000895s ]
INFO: TokenBuild Behavior ::run [ RunTime:0.000877s ]
INFO: WriteHtmlCache Behavior ::run [ RunTime:0.000759s ]
INFO: ShowRuntime Behavior ::run [ RunTime:0.000957s ]
INFO: [ view_filter ] --END-- [ RunTime:0.003725s ]
INFO: [ view_end ] --START--
INFO: ShowPageTrace Behavior ::run [ RunTime:0.001017s ]
INFO: [ view_end ] --END-- [ RunTime:0.001097s ]

[ 2013-10-19T10:45:30+08:00 ] 127.0.0.1 /myshop/
INFO: [ app_begin ] --START--
INFO: ReadHtmlCache Behavior ::run [ RunTime:0.000789s ]
INFO: [ app_begin ] --END-- [ RunTime:0.000905s ]
INFO: [ view_parse ] --START--
INFO: ParseTemplate Behavior ::run [ RunTime:0.021640s ]
INFO: [ view_parse ] --END-- [ RunTime:0.021755s ]
INFO: [ view_filter ] --START--
INFO: ContentReplace Behavior ::run [ RunTime:0.000676s ]
INFO: TokenBuild Behavior ::run [ RunTime:0.000630s ]
INFO: WriteHtmlCache Behavior ::run [ RunTime:0.000507s ]
INFO: ShowRuntime Behavior ::run [ RunTime:0.000681s ]
INFO: [ view_filter ] --END-- [ RunTime:0.002726s ]
INFO: [ view_end ] --START--
INFO: ShowPageTrace Behavior ::run [ RunTime:0.000741s ]
INFO: [ view_end ] --END-- [ RunTime:0.000819s ]

[ 2013-10-19T10:46:41+08:00 ] 127.0.0.1 /myshop/
INFO: [ app_begin ] --START--
INFO: ReadHtmlCache Behavior ::run [ RunTime:0.001258s ]
INFO: [ app_begin ] --END-- [ RunTime:0.001359s ]
INFO: [ view_parse ] --START--
INFO: ParseTemplate Behavior ::run [ RunTime:0.029260s ]
INFO: [ view_parse ] --END-- [ RunTime:0.029376s ]
INFO: [ view_filter ] --START--
INFO: ContentReplace Behavior ::run [ RunTime:0.000920s ]
INFO: TokenBuild Behavior ::run [ RunTime:0.000872s ]
INFO: WriteHtmlCache Behavior ::run [ RunTime:0.000731s ]
INFO: ShowRuntime Behavior ::run [ RunTime:0.000920s ]
INFO: [ view_filter ] --END-- [ RunTime:0.003672s ]
INFO: [ view_end ] --START--
INFO: ShowPageTrace Behavior ::run [ RunTime:0.000994s ]
INFO: [ view_end ] --END-- [ RunTime:0.001073s ]

[ 2013-10-19T10:51:25+08:00 ] 127.0.0.1 /myshop/
INFO: [ app_begin ] --START--
INFO: ReadHtmlCache Behavior ::run [ RunTime:0.004208s ]
INFO: [ app_begin ] --END-- [ RunTime:0.004464s ]
INFO: [ view_parse ] --START--
INFO: ParseTemplate Behavior ::run [ RunTime:0.038755s ]
INFO: [ view_parse ] --END-- [ RunTime:0.039158s ]
INFO: [ view_filter ] --START--
INFO: ContentReplace Behavior ::run [ RunTime:0.003106s ]
INFO: TokenBuild Behavior ::run [ RunTime:0.003609s ]
INFO: WriteHtmlCache Behavior ::run [ RunTime:0.003132s ]
INFO: ShowRuntime Behavior ::run [ RunTime:0.003826s ]
INFO: [ view_filter ] --END-- [ RunTime:0.014631s ]
INFO: [ view_end ] --START--
INFO: ShowPageTrace Behavior ::run [ RunTime:0.003934s ]
INFO: [ view_end ] --END-- [ RunTime:0.004264s ]

[ 2013-10-19T10:51:48+08:00 ] 127.0.0.1 /myshop/
INFO: [ app_begin ] --START--
INFO: ReadHtmlCache Behavior ::run [ RunTime:0.001309s ]
INFO: [ app_begin ] --END-- [ RunTime:0.001410s ]
INFO: [ view_parse ] --START--
INFO: ParseTemplate Behavior ::run [ RunTime:0.011361s ]
INFO: [ view_parse ] --END-- [ RunTime:0.011482s ]
INFO: [ view_filter ] --START--
INFO: ContentReplace Behavior ::run [ RunTime:0.001075s ]
INFO: TokenBuild Behavior ::run [ RunTime:0.001045s ]
INFO: WriteHtmlCache Behavior ::run [ RunTime:0.000918s ]
INFO: ShowRuntime Behavior ::run [ RunTime:0.001148s ]
INFO: [ view_filter ] --END-- [ RunTime:0.004467s ]
INFO: [ view_end ] --START--
INFO: ShowPageTrace Behavior ::run [ RunTime:0.001324s ]
INFO: [ view_end ] --END-- [ RunTime:0.001428s ]

[ 2013-10-19T10:52:56+08:00 ] 127.0.0.1 /myshop/
INFO: [ app_begin ] --START--
INFO: ReadHtmlCache Behavior ::run [ RunTime:0.000729s ]
INFO: [ app_begin ] --END-- [ RunTime:0.000826s ]
INFO: [ view_parse ] --START--
INFO: ParseTemplate Behavior ::run [ RunTime:0.021676s ]
INFO: [ view_parse ] --END-- [ RunTime:0.021795s ]
INFO: [ view_filter ] --START--
INFO: ContentReplace Behavior ::run [ RunTime:0.002563s ]
INFO: TokenBuild Behavior ::run [ RunTime:0.002416s ]
INFO: WriteHtmlCache Behavior ::run [ RunTime:0.002004s ]
INFO: ShowRuntime Behavior ::run [ RunTime:0.002732s ]
INFO: [ view_filter ] --END-- [ RunTime:0.010538s ]
INFO: [ view_end ] --START--
INFO: ShowPageTrace Behavior ::run [ RunTime:0.001501s ]
INFO: [ view_end ] --END-- [ RunTime:0.001775s ]

[ 2013-10-19T10:53:22+08:00 ] 127.0.0.1 /myshop/
INFO: [ app_begin ] --START--
INFO: ReadHtmlCache Behavior ::run [ RunTime:0.001697s ]
INFO: [ app_begin ] --END-- [ RunTime:0.001827s ]
INFO: [ view_parse ] --START--
INFO: ParseTemplate Behavior ::run [ RunTime:0.012320s ]
INFO: [ view_parse ] --END-- [ RunTime:0.012480s ]
INFO: [ view_filter ] --START--
INFO: ContentReplace Behavior ::run [ RunTime:0.001233s ]
INFO: TokenBuild Behavior ::run [ RunTime:0.000917s ]
INFO: WriteHtmlCache Behavior ::run [ RunTime:0.000766s ]
INFO: ShowRuntime Behavior ::run [ RunTime:0.000967s ]
INFO: [ view_filter ] --END-- [ RunTime:0.004150s ]
INFO: [ view_end ] --START--
INFO: ShowPageTrace Behavior ::run [ RunTime:0.001024s ]
INFO: [ view_end ] --END-- [ RunTime:0.001103s ]

[ 2013-10-19T10:53:50+08:00 ] 127.0.0.1 /myshop/
INFO: [ app_begin ] --START--
INFO: ReadHtmlCache Behavior ::run [ RunTime:0.003029s ]
INFO: [ app_begin ] --END-- [ RunTime:0.003492s ]
INFO: [ view_parse ] --START--
INFO: ParseTemplate Behavior ::run [ RunTime:0.031631s ]
INFO: [ view_parse ] --END-- [ RunTime:0.032035s ]
INFO: [ view_filter ] --START--
INFO: ContentReplace Behavior ::run [ RunTime:0.002444s ]
INFO: TokenBuild Behavior ::run [ RunTime:0.002563s ]
INFO: WriteHtmlCache Behavior ::run [ RunTime:0.002026s ]
INFO: ShowRuntime Behavior ::run [ RunTime:0.001411s ]
INFO: [ view_filter ] --END-- [ RunTime:0.009337s ]
INFO: [ view_end ] --START--
INFO: ShowPageTrace Behavior ::run [ RunTime:0.000867s ]
INFO: [ view_end ] --END-- [ RunTime:0.000957s ]

[ 2013-10-19T10:54:49+08:00 ] 127.0.0.1 /myshop/
INFO: [ app_begin ] --START--
INFO: ReadHtmlCache Behavior ::run [ RunTime:0.002965s ]
INFO: [ app_begin ] --END-- [ RunTime:0.003344s ]
INFO: [ view_parse ] --START--
INFO: ParseTemplate Behavior ::run [ RunTime:0.030285s ]
INFO: [ view_parse ] --END-- [ RunTime:0.030530s ]
INFO: [ view_filter ] --START--
INFO: ContentReplace Behavior ::run [ RunTime:0.000667s ]
INFO: TokenBuild Behavior ::run [ RunTime:0.000647s ]
INFO: WriteHtmlCache Behavior ::run [ RunTime:0.000516s ]
INFO: ShowRuntime Behavior ::run [ RunTime:0.000713s ]
INFO: [ view_filter ] --END-- [ RunTime:0.002779s ]
INFO: [ view_end ] --START--
INFO: ShowPageTrace Behavior ::run [ RunTime:0.000754s ]
INFO: [ view_end ] --END-- [ RunTime:0.000837s ]

[ 2013-10-19T10:55:20+08:00 ] 127.0.0.1 /myshop/
INFO: [ app_begin ] --START--
INFO: ReadHtmlCache Behavior ::run [ RunTime:0.005359s ]
INFO: [ app_begin ] --END-- [ RunTime:0.005929s ]
INFO: [ view_parse ] --START--
INFO: ParseTemplate Behavior ::run [ RunTime:0.035498s ]
INFO: [ view_parse ] --END-- [ RunTime:0.035896s ]
INFO: [ view_filter ] --START--
INFO: ContentReplace Behavior ::run [ RunTime:0.003446s ]
INFO: TokenBuild Behavior ::run [ RunTime:0.005221s ]
INFO: WriteHtmlCache Behavior ::run [ RunTime:0.003147s ]
INFO: ShowRuntime Behavior ::run [ RunTime:0.003985s ]
INFO: [ view_filter ] --END-- [ RunTime:0.016528s ]
INFO: [ view_end ] --START--
INFO: ShowPageTrace Behavior ::run [ RunTime:0.004367s ]
INFO: [ view_end ] --END-- [ RunTime:0.004732s ]

[ 2013-10-19T10:55:37+08:00 ] 127.0.0.1 /myshop/
INFO: [ app_begin ] --START--
INFO: ReadHtmlCache Behavior ::run [ RunTime:0.001173s ]
INFO: [ app_begin ] --END-- [ RunTime:0.001331s ]
INFO: [ view_parse ] --START--
INFO: ParseTemplate Behavior ::run [ RunTime:0.012418s ]
INFO: [ view_parse ] --END-- [ RunTime:0.012809s ]
INFO: [ view_filter ] --START--
INFO: ContentReplace Behavior ::run [ RunTime:0.003540s ]
INFO: TokenBuild Behavior ::run [ RunTime:0.002569s ]
INFO: WriteHtmlCache Behavior ::run [ RunTime:0.001342s ]
INFO: ShowRuntime Behavior ::run [ RunTime:0.002087s ]
INFO: [ view_filter ] --END-- [ RunTime:0.010554s ]
INFO: [ view_end ] --START--
INFO: ShowPageTrace Behavior ::run [ RunTime:0.001499s ]
INFO: [ view_end ] --END-- [ RunTime:0.001721s ]

[ 2013-10-19T10:55:45+08:00 ] 127.0.0.1 /myshop/
INFO: [ app_begin ] --START--
INFO: ReadHtmlCache Behavior ::run [ RunTime:0.001446s ]
INFO: [ app_begin ] --END-- [ RunTime:0.001568s ]
INFO: [ view_parse ] --START--
INFO: ParseTemplate Behavior ::run [ RunTime:0.023968s ]
INFO: [ view_parse ] --END-- [ RunTime:0.024236s ]
INFO: [ view_filter ] --START--
INFO: ContentReplace Behavior ::run [ RunTime:0.001257s ]
INFO: TokenBuild Behavior ::run [ RunTime:0.001257s ]
INFO: WriteHtmlCache Behavior ::run [ RunTime:0.001107s ]
INFO: ShowRuntime Behavior ::run [ RunTime:0.001372s ]
INFO: [ view_filter ] --END-- [ RunTime:0.005375s ]
INFO: [ view_end ] --START--
INFO: ShowPageTrace Behavior ::run [ RunTime:0.001505s ]
INFO: [ view_end ] --END-- [ RunTime:0.001640s ]

[ 2013-10-19T10:56:06+08:00 ] 127.0.0.1 /myshop/
INFO: [ app_begin ] --START--
INFO: ReadHtmlCache Behavior ::run [ RunTime:0.002171s ]
INFO: [ app_begin ] --END-- [ RunTime:0.002412s ]
INFO: [ view_parse ] --START--
INFO: ParseTemplate Behavior ::run [ RunTime:0.020083s ]
INFO: [ view_parse ] --END-- [ RunTime:0.020338s ]
INFO: [ view_filter ] --START--
INFO: ContentReplace Behavior ::run [ RunTime:0.000861s ]
INFO: TokenBuild Behavior ::run [ RunTime:0.000840s ]
INFO: WriteHtmlCache Behavior ::run [ RunTime:0.000704s ]
INFO: ShowRuntime Behavior ::run [ RunTime:0.000853s ]
INFO: [ view_filter ] --END-- [ RunTime:0.003609s ]
INFO: [ view_end ] --START--
INFO: ShowPageTrace Behavior ::run [ RunTime:0.000786s ]
INFO: [ view_end ] --END-- [ RunTime:0.000866s ]

[ 2013-10-19T10:56:49+08:00 ] 127.0.0.1 /myshop/
INFO: [ app_begin ] --START--
INFO: ReadHtmlCache Behavior ::run [ RunTime:0.000731s ]
INFO: [ app_begin ] --END-- [ RunTime:0.000829s ]
INFO: [ view_parse ] --START--
INFO: ParseTemplate Behavior ::run [ RunTime:0.009351s ]
INFO: [ view_parse ] --END-- [ RunTime:0.009476s ]
INFO: [ view_filter ] --START--
INFO: ContentReplace Behavior ::run [ RunTime:0.002515s ]
INFO: TokenBuild Behavior ::run [ RunTime:0.002341s ]
INFO: WriteHtmlCache Behavior ::run [ RunTime:0.002063s ]
INFO: ShowRuntime Behavior ::run [ RunTime:0.002859s ]
INFO: [ view_filter ] --END-- [ RunTime:0.010639s ]
INFO: [ view_end ] --START--
INFO: ShowPageTrace Behavior ::run [ RunTime:0.003176s ]
INFO: [ view_end ] --END-- [ RunTime:0.003601s ]

[ 2013-10-19T11:00:56+08:00 ] 127.0.0.1 /myshop/
INFO: [ app_begin ] --START--
INFO: ReadHtmlCache Behavior ::run [ RunTime:0.001318s ]
INFO: [ app_begin ] --END-- [ RunTime:0.001425s ]
INFO: [ view_parse ] --START--
INFO: ParseTemplate Behavior ::run [ RunTime:0.029548s ]
INFO: [ view_parse ] --END-- [ RunTime:0.029664s ]
INFO: [ view_filter ] --START--
INFO: ContentReplace Behavior ::run [ RunTime:0.000910s ]
INFO: TokenBuild Behavior ::run [ RunTime:0.000904s ]
INFO: WriteHtmlCache Behavior ::run [ RunTime:0.000766s ]
INFO: ShowRuntime Behavior ::run [ RunTime:0.000927s ]
INFO: [ view_filter ] --END-- [ RunTime:0.003739s ]
INFO: [ view_end ] --START--
INFO: ShowPageTrace Behavior ::run [ RunTime:0.000990s ]
INFO: [ view_end ] --END-- [ RunTime:0.001069s ]

[ 2013-10-19T11:10:33+08:00 ] 127.0.0.1 /myshop/
INFO: [ app_begin ] --START--
INFO: ReadHtmlCache Behavior ::run [ RunTime:0.001843s ]
INFO: [ app_begin ] --END-- [ RunTime:0.001989s ]
INFO: [ view_parse ] --START--
INFO: ParseTemplate Behavior ::run [ RunTime:0.014128s ]
INFO: [ view_parse ] --END-- [ RunTime:0.014259s ]
INFO: [ view_filter ] --START--
INFO: ContentReplace Behavior ::run [ RunTime:0.000884s ]
INFO: TokenBuild Behavior ::run [ RunTime:0.003106s ]
INFO: WriteHtmlCache Behavior ::run [ RunTime:0.003101s ]
INFO: ShowRuntime Behavior ::run [ RunTime:0.002223s ]
INFO: [ view_filter ] --END-- [ RunTime:0.009863s ]
INFO: [ view_end ] --START--
INFO: ShowPageTrace Behavior ::run [ RunTime:0.001035s ]
INFO: [ view_end ] --END-- [ RunTime:0.001120s ]

[ 2013-10-19T11:11:27+08:00 ] 127.0.0.1 /myshop/
INFO: [ app_begin ] --START--
INFO: ReadHtmlCache Behavior ::run [ RunTime:0.001678s ]
INFO: [ app_begin ] --END-- [ RunTime:0.001802s ]
INFO: [ view_parse ] --START--
INFO: ParseTemplate Behavior ::run [ RunTime:0.014406s ]
INFO: [ view_parse ] --END-- [ RunTime:0.014540s ]
INFO: [ view_filter ] --START--
INFO: ContentReplace Behavior ::run [ RunTime:0.000889s ]
INFO: TokenBuild Behavior ::run [ RunTime:0.000878s ]
INFO: WriteHtmlCache Behavior ::run [ RunTime:0.000733s ]
INFO: ShowRuntime Behavior ::run [ RunTime:0.000998s ]
INFO: [ view_filter ] --END-- [ RunTime:0.003731s ]
INFO: [ view_end ] --START--
INFO: ShowPageTrace Behavior ::run [ RunTime:0.001005s ]
INFO: [ view_end ] --END-- [ RunTime:0.001093s ]

[ 2013-10-19T11:12:57+08:00 ] 127.0.0.1 /myshop/
INFO: [ app_begin ] --START--
INFO: ReadHtmlCache Behavior ::run [ RunTime:0.001549s ]
INFO: [ app_begin ] --END-- [ RunTime:0.001672s ]
INFO: [ view_parse ] --START--
INFO: ParseTemplate Behavior ::run [ RunTime:0.013202s ]
INFO: [ view_parse ] --END-- [ RunTime:0.013329s ]
INFO: [ view_filter ] --START--
INFO: ContentReplace Behavior ::run [ RunTime:0.000911s ]
INFO: TokenBuild Behavior ::run [ RunTime:0.000883s ]
INFO: WriteHtmlCache Behavior ::run [ RunTime:0.000753s ]
INFO: ShowRuntime Behavior ::run [ RunTime:0.001008s ]
INFO: [ view_filter ] --END-- [ RunTime:0.003803s ]
INFO: [ view_end ] --START--
INFO: ShowPageTrace Behavior ::run [ RunTime:0.000989s ]
INFO: [ view_end ] --END-- [ RunTime:0.001069s ]

[ 2013-10-19T11:13:48+08:00 ] 127.0.0.1 /myshop/
INFO: [ app_begin ] --START--
INFO: ReadHtmlCache Behavior ::run [ RunTime:0.001010s ]
INFO: [ app_begin ] --END-- [ RunTime:0.001150s ]
INFO: [ view_parse ] --START--
INFO: ParseTemplate Behavior ::run [ RunTime:0.011763s ]
INFO: [ view_parse ] --END-- [ RunTime:0.012072s ]
INFO: [ view_filter ] --START--
INFO: ContentReplace Behavior ::run [ RunTime:0.000672s ]
INFO: TokenBuild Behavior ::run [ RunTime:0.000636s ]
INFO: WriteHtmlCache Behavior ::run [ RunTime:0.000515s ]
INFO: ShowRuntime Behavior ::run [ RunTime:0.000716s ]
INFO: [ view_filter ] --END-- [ RunTime:0.002805s ]
INFO: [ view_end ] --START--
INFO: ShowPageTrace Behavior ::run [ RunTime:0.000800s ]
INFO: [ view_end ] --END-- [ RunTime:0.000880s ]

[ 2013-10-19T11:17:22+08:00 ] 127.0.0.1 /myshop/
INFO: [ app_begin ] --START--
INFO: ReadHtmlCache Behavior ::run [ RunTime:0.001278s ]
INFO: [ app_begin ] --END-- [ RunTime:0.001381s ]
INFO: [ view_parse ] --START--
INFO: ParseTemplate Behavior ::run [ RunTime:0.029028s ]
INFO: [ view_parse ] --END-- [ RunTime:0.029155s ]
INFO: [ view_filter ] --START--
INFO: ContentReplace Behavior ::run [ RunTime:0.001075s ]
INFO: TokenBuild Behavior ::run [ RunTime:0.001042s ]
INFO: WriteHtmlCache Behavior ::run [ RunTime:0.000906s ]
INFO: ShowRuntime Behavior ::run [ RunTime:0.001164s ]
INFO: [ view_filter ] --END-- [ RunTime:0.004469s ]
INFO: [ view_end ] --START--
INFO: ShowPageTrace Behavior ::run [ RunTime:0.001232s ]
INFO: [ view_end ] --END-- [ RunTime:0.001330s ]

[ 2013-10-19T11:18:19+08:00 ] 127.0.0.1 /myshop/
INFO: [ app_begin ] --START--
INFO: ReadHtmlCache Behavior ::run [ RunTime:0.005209s ]
INFO: [ app_begin ] --END-- [ RunTime:0.005608s ]
INFO: [ view_parse ] --START--
INFO: ParseTemplate Behavior ::run [ RunTime:0.038344s ]
INFO: [ view_parse ] --END-- [ RunTime:0.038764s ]
INFO: [ view_filter ] --START--
INFO: ContentReplace Behavior ::run [ RunTime:0.004808s ]
INFO: TokenBuild Behavior ::run [ RunTime:0.003947s ]
INFO: WriteHtmlCache Behavior ::run [ RunTime:0.003180s ]
INFO: ShowRuntime Behavior ::run [ RunTime:0.003840s ]
INFO: [ view_filter ] --END-- [ RunTime:0.016688s ]
INFO: [ view_end ] --START--
INFO: ShowPageTrace Behavior ::run [ RunTime:0.005223s ]
INFO: [ view_end ] --END-- [ RunTime:0.005551s ]

[ 2013-10-19T11:19:18+08:00 ] 127.0.0.1 /myshop/
INFO: [ app_begin ] --START--
INFO: ReadHtmlCache Behavior ::run [ RunTime:0.001248s ]
INFO: [ app_begin ] --END-- [ RunTime:0.001348s ]
INFO: [ view_parse ] --START--
INFO: ParseTemplate Behavior ::run [ RunTime:0.010682s ]
INFO: [ view_parse ] --END-- [ RunTime:0.010970s ]
INFO: [ view_filter ] --START--
INFO: ContentReplace Behavior ::run [ RunTime:0.003430s ]
INFO: TokenBuild Behavior ::run [ RunTime:0.003448s ]
INFO: WriteHtmlCache Behavior ::run [ RunTime:0.003146s ]
INFO: ShowRuntime Behavior ::run [ RunTime:0.003448s ]
INFO: [ view_filter ] --END-- [ RunTime:0.014424s ]
INFO: [ view_end ] --START--
INFO: ShowPageTrace Behavior ::run [ RunTime:0.004090s ]
INFO: [ view_end ] --END-- [ RunTime:0.004441s ]

[ 2013-10-19T11:23:25+08:00 ] 127.0.0.1 /myshop/
INFO: [ app_begin ] --START--
INFO: ReadHtmlCache Behavior ::run [ RunTime:0.001271s ]
INFO: [ app_begin ] --END-- [ RunTime:0.001381s ]
INFO: [ view_parse ] --START--
INFO: ParseTemplate Behavior ::run [ RunTime:0.015327s ]
INFO: [ view_parse ] --END-- [ RunTime:0.015583s ]
INFO: [ view_filter ] --START--
INFO: ContentReplace Behavior ::run [ RunTime:0.003647s ]
INFO: TokenBuild Behavior ::run [ RunTime:0.004305s ]
INFO: WriteHtmlCache Behavior ::run [ RunTime:0.000864s ]
INFO: ShowRuntime Behavior ::run [ RunTime:0.001012s ]
INFO: [ view_filter ] --END-- [ RunTime:0.010441s ]
INFO: [ view_end ] --START--
INFO: ShowPageTrace Behavior ::run [ RunTime:0.001000s ]
INFO: [ view_end ] --END-- [ RunTime:0.001080s ]

[ 2013-10-19T11:24:23+08:00 ] 127.0.0.1 /myshop/
INFO: [ app_begin ] --START--
INFO: ReadHtmlCache Behavior ::run [ RunTime:0.001702s ]
INFO: [ app_begin ] --END-- [ RunTime:0.001834s ]
INFO: [ view_parse ] --START--
INFO: ParseTemplate Behavior ::run [ RunTime:0.015147s ]
INFO: [ view_parse ] --END-- [ RunTime:0.015297s ]
INFO: [ view_filter ] --START--
INFO: ContentReplace Behavior ::run [ RunTime:0.001244s ]
INFO: TokenBuild Behavior ::run [ RunTime:0.001140s ]
INFO: WriteHtmlCache Behavior ::run [ RunTime:0.000996s ]
INFO: ShowRuntime Behavior ::run [ RunTime:0.001241s ]
INFO: [ view_filter ] --END-- [ RunTime:0.004927s ]
INFO: [ view_end ] --START--
INFO: ShowPageTrace Behavior ::run [ RunTime:0.001332s ]
INFO: [ view_end ] --END-- [ RunTime:0.001451s ]

[ 2013-10-19T11:25:34+08:00 ] 127.0.0.1 /myshop/
INFO: [ app_begin ] --START--
INFO: ReadHtmlCache Behavior ::run [ RunTime:0.001268s ]
INFO: [ app_begin ] --END-- [ RunTime:0.001367s ]
INFO: [ view_parse ] --START--
INFO: ParseTemplate Behavior ::run [ RunTime:0.013102s ]
INFO: [ view_parse ] --END-- [ RunTime:0.013387s ]
INFO: [ view_filter ] --START--
INFO: ContentReplace Behavior ::run [ RunTime:0.003498s ]
INFO: TokenBuild Behavior ::run [ RunTime:0.003636s ]
INFO: WriteHtmlCache Behavior ::run [ RunTime:0.002861s ]
INFO: ShowRuntime Behavior ::run [ RunTime:0.004097s ]
INFO: [ view_filter ] --END-- [ RunTime:0.015092s ]
INFO: [ view_end ] --START--
INFO: ShowPageTrace Behavior ::run [ RunTime:0.003884s ]
INFO: [ view_end ] --END-- [ RunTime:0.004212s ]

[ 2013-10-19T11:26:15+08:00 ] 127.0.0.1 /myshop/
INFO: [ app_begin ] --START--
INFO: ReadHtmlCache Behavior ::run [ RunTime:0.000753s ]
INFO: [ app_begin ] --END-- [ RunTime:0.000854s ]
INFO: [ view_parse ] --START--
INFO: ParseTemplate Behavior ::run [ RunTime:0.008724s ]
INFO: [ view_parse ] --END-- [ RunTime:0.008994s ]
INFO: [ view_filter ] --START--
INFO: ContentReplace Behavior ::run [ RunTime:0.002357s ]
INFO: TokenBuild Behavior ::run [ RunTime:0.002468s ]
INFO: WriteHtmlCache Behavior ::run [ RunTime:0.001696s ]
INFO: ShowRuntime Behavior ::run [ RunTime:0.003712s ]
INFO: [ view_filter ] --END-- [ RunTime:0.011160s ]
INFO: [ view_end ] --START--
INFO: ShowPageTrace Behavior ::run [ RunTime:0.003538s ]
INFO: [ view_end ] --END-- [ RunTime:0.003988s ]

[ 2013-10-19T11:27:26+08:00 ] 127.0.0.1 /myshop/
INFO: [ app_begin ] --START--
INFO: ReadHtmlCache Behavior ::run [ RunTime:0.004747s ]
INFO: [ app_begin ] --END-- [ RunTime:0.005008s ]
INFO: [ view_parse ] --START--
INFO: ParseTemplate Behavior ::run [ RunTime:0.032836s ]
INFO: [ view_parse ] --END-- [ RunTime:0.033002s ]
INFO: [ view_filter ] --START--
INFO: ContentReplace Behavior ::run [ RunTime:0.001099s ]
INFO: TokenBuild Behavior ::run [ RunTime:0.000884s ]
INFO: WriteHtmlCache Behavior ::run [ RunTime:0.000725s ]
INFO: ShowRuntime Behavior ::run [ RunTime:0.000942s ]
INFO: [ view_filter ] --END-- [ RunTime:0.003916s ]
INFO: [ view_end ] --START--
INFO: ShowPageTrace Behavior ::run [ RunTime:0.001432s ]
INFO: [ view_end ] --END-- [ RunTime:0.001530s ]

[ 2013-10-19T11:28:19+08:00 ] 127.0.0.1 /myshop/
INFO: [ app_begin ] --START--
INFO: ReadHtmlCache Behavior ::run [ RunTime:0.001115s ]
INFO: [ app_begin ] --END-- [ RunTime:0.001257s ]
INFO: [ view_parse ] --START--
INFO: ParseTemplate Behavior ::run [ RunTime:0.022461s ]
INFO: [ view_parse ] --END-- [ RunTime:0.022811s ]
INFO: [ view_filter ] --START--
INFO: ContentReplace Behavior ::run [ RunTime:0.002466s ]
INFO: TokenBuild Behavior ::run [ RunTime:0.002477s ]
INFO: WriteHtmlCache Behavior ::run [ RunTime:0.002038s ]
INFO: ShowRuntime Behavior ::run [ RunTime:0.002180s ]
INFO: [ view_filter ] --END-- [ RunTime:0.010198s ]
INFO: [ view_end ] --START--
INFO: ShowPageTrace Behavior ::run [ RunTime:0.003382s ]
INFO: [ view_end ] --END-- [ RunTime:0.003774s ]

[ 2013-10-19T11:28:34+08:00 ] 127.0.0.1 /myshop/
INFO: [ app_begin ] --START--
INFO: ReadHtmlCache Behavior ::run [ RunTime:0.003880s ]
INFO: [ app_begin ] --END-- [ RunTime:0.004128s ]
INFO: [ view_parse ] --START--
INFO: ParseTemplate Behavior ::run [ RunTime:0.034517s ]
INFO: [ view_parse ] --END-- [ RunTime:0.034797s ]
INFO: [ view_filter ] --START--
INFO: ContentReplace Behavior ::run [ RunTime:0.001169s ]
INFO: TokenBuild Behavior ::run [ RunTime:0.000982s ]
INFO: WriteHtmlCache Behavior ::run [ RunTime:0.000905s ]
INFO: ShowRuntime Behavior ::run [ RunTime:0.001103s ]
INFO: [ view_filter ] --END-- [ RunTime:0.004427s ]
INFO: [ view_end ] --START--
INFO: ShowPageTrace Behavior ::run [ RunTime:0.001206s ]
INFO: [ view_end ] --END-- [ RunTime:0.001309s ]

[ 2013-10-19T11:28:42+08:00 ] 127.0.0.1 /myshop/
INFO: [ app_begin ] --START--
INFO: ReadHtmlCache Behavior ::run [ RunTime:0.000791s ]
INFO: [ app_begin ] --END-- [ RunTime:0.000890s ]
INFO: [ view_parse ] --START--
INFO: ParseTemplate Behavior ::run [ RunTime:0.009413s ]
INFO: [ view_parse ] --END-- [ RunTime:0.009525s ]
INFO: [ view_filter ] --START--
INFO: ContentReplace Behavior ::run [ RunTime:0.000636s ]
INFO: TokenBuild Behavior ::run [ RunTime:0.000636s ]
INFO: WriteHtmlCache Behavior ::run [ RunTime:0.000511s ]
INFO: ShowRuntime Behavior ::run [ RunTime:0.000690s ]
INFO: [ view_filter ] --END-- [ RunTime:0.002706s ]
INFO: [ view_end ] --START--
INFO: ShowPageTrace Behavior ::run [ RunTime:0.000735s ]
INFO: [ view_end ] --END-- [ RunTime:0.000830s ]

[ 2013-10-19T11:29:06+08:00 ] 127.0.0.1 /myshop/
INFO: [ app_begin ] --START--
INFO: ReadHtmlCache Behavior ::run [ RunTime:0.001585s ]
INFO: [ app_begin ] --END-- [ RunTime:0.001708s ]
INFO: [ view_parse ] --START--
INFO: ParseTemplate Behavior ::run [ RunTime:0.028207s ]
INFO: [ view_parse ] --END-- [ RunTime:0.028493s ]
INFO: [ view_filter ] --START--
INFO: ContentReplace Behavior ::run [ RunTime:0.003417s ]
INFO: TokenBuild Behavior ::run [ RunTime:0.003559s ]
INFO: WriteHtmlCache Behavior ::run [ RunTime:0.003363s ]
INFO: ShowRuntime Behavior ::run [ RunTime:0.003767s ]
INFO: [ view_filter ] --END-- [ RunTime:0.015094s ]
INFO: [ view_end ] --START--
INFO: ShowPageTrace Behavior ::run [ RunTime:0.004105s ]
INFO: [ view_end ] --END-- [ RunTime:0.004443s ]

[ 2013-10-19T11:29:15+08:00 ] 127.0.0.1 /myshop/
INFO: [ app_begin ] --START--
INFO: ReadHtmlCache Behavior ::run [ RunTime:0.001748s ]
INFO: [ app_begin ] --END-- [ RunTime:0.001984s ]
INFO: [ view_parse ] --START--
INFO: ParseTemplate Behavior ::run [ RunTime:0.012306s ]
INFO: [ view_parse ] --END-- [ RunTime:0.012441s ]
INFO: [ view_filter ] --START--
INFO: ContentReplace Behavior ::run [ RunTime:0.000629s ]
INFO: TokenBuild Behavior ::run [ RunTime:0.000627s ]
INFO: WriteHtmlCache Behavior ::run [ RunTime:0.000540s ]
INFO: ShowRuntime Behavior ::run [ RunTime:0.000706s ]
INFO: [ view_filter ] --END-- [ RunTime:0.002746s ]
INFO: [ view_end ] --START--
INFO: ShowPageTrace Behavior ::run [ RunTime:0.000720s ]
INFO: [ view_end ] --END-- [ RunTime:0.000798s ]

[ 2013-10-19T11:29:46+08:00 ] 127.0.0.1 /myshop/
INFO: [ app_begin ] --START--
INFO: ReadHtmlCache Behavior ::run [ RunTime:0.005895s ]
INFO: [ app_begin ] --END-- [ RunTime:0.006019s ]
INFO: [ view_parse ] --START--
INFO: ParseTemplate Behavior ::run [ RunTime:0.042152s ]
INFO: [ view_parse ] --END-- [ RunTime:0.042396s ]
INFO: [ view_filter ] --START--
INFO: ContentReplace Behavior ::run [ RunTime:0.000921s ]
INFO: TokenBuild Behavior ::run [ RunTime:0.000885s ]
INFO: WriteHtmlCache Behavior ::run [ RunTime:0.000734s ]
INFO: ShowRuntime Behavior ::run [ RunTime:0.000925s ]
INFO: [ view_filter ] --END-- [ RunTime:0.003696s ]
INFO: [ view_end ] --START--
INFO: ShowPageTrace Behavior ::run [ RunTime:0.000986s ]
INFO: [ view_end ] --END-- [ RunTime:0.001066s ]

[ 2013-10-19T11:30:13+08:00 ] 127.0.0.1 /myshop/
INFO: [ app_begin ] --START--
INFO: ReadHtmlCache Behavior ::run [ RunTime:0.003144s ]
INFO: [ app_begin ] --END-- [ RunTime:0.003533s ]
INFO: [ view_parse ] --START--
INFO: ParseTemplate Behavior ::run [ RunTime:0.016208s ]
INFO: [ view_parse ] --END-- [ RunTime:0.016329s ]
INFO: [ view_filter ] --START--
INFO: ContentReplace Behavior ::run [ RunTime:0.000641s ]
INFO: TokenBuild Behavior ::run [ RunTime:0.000634s ]
INFO: WriteHtmlCache Behavior ::run [ RunTime:0.000502s ]
INFO: ShowRuntime Behavior ::run [ RunTime:0.000706s ]
INFO: [ view_filter ] --END-- [ RunTime:0.002727s ]
INFO: [ view_end ] --START--
INFO: ShowPageTrace Behavior ::run [ RunTime:0.000781s ]
INFO: [ view_end ] --END-- [ RunTime:0.000865s ]

[ 2013-10-19T11:30:36+08:00 ] 127.0.0.1 /myshop/
INFO: [ app_begin ] --START--
INFO: ReadHtmlCache Behavior ::run [ RunTime:0.001305s ]
INFO: [ app_begin ] --END-- [ RunTime:0.001406s ]
INFO: [ view_parse ] --START--
INFO: ParseTemplate Behavior ::run [ RunTime:0.011866s ]
INFO: [ view_parse ] --END-- [ RunTime:0.012147s ]
INFO: [ view_filter ] --START--
INFO: ContentReplace Behavior ::run [ RunTime:0.003436s ]
INFO: TokenBuild Behavior ::run [ RunTime:0.003514s ]
INFO: WriteHtmlCache Behavior ::run [ RunTime:0.002922s ]
INFO: ShowRuntime Behavior ::run [ RunTime:0.003809s ]
INFO: [ view_filter ] --END-- [ RunTime:0.014520s ]
INFO: [ view_end ] --START--
INFO: ShowPageTrace Behavior ::run [ RunTime:0.003482s ]
INFO: [ view_end ] --END-- [ RunTime:0.003807s ]

[ 2013-10-19T11:30:47+08:00 ] 127.0.0.1 /myshop/
INFO: [ app_begin ] --START--
INFO: ReadHtmlCache Behavior ::run [ RunTime:0.002929s ]
INFO: [ app_begin ] --END-- [ RunTime:0.003312s ]
INFO: [ view_parse ] --START--
INFO: ParseTemplate Behavior ::run [ RunTime:0.029211s ]
INFO: [ view_parse ] --END-- [ RunTime:0.029458s ]
INFO: [ view_filter ] --START--
INFO: ContentReplace Behavior ::run [ RunTime:0.000711s ]
INFO: TokenBuild Behavior ::run [ RunTime:0.000592s ]
INFO: WriteHtmlCache Behavior ::run [ RunTime:0.000496s ]
INFO: ShowRuntime Behavior ::run [ RunTime:0.000683s ]
INFO: [ view_filter ] --END-- [ RunTime:0.002716s ]
INFO: [ view_end ] --START--
INFO: ShowPageTrace Behavior ::run [ RunTime:0.000753s ]
INFO: [ view_end ] --END-- [ RunTime:0.000848s ]

[ 2013-10-19T11:30:59+08:00 ] 127.0.0.1 /myshop/
INFO: [ app_begin ] --START--
INFO: ReadHtmlCache Behavior ::run [ RunTime:0.003077s ]
INFO: [ app_begin ] --END-- [ RunTime:0.003458s ]
INFO: [ view_parse ] --START--
INFO: ParseTemplate Behavior ::run [ RunTime:0.036578s ]
INFO: [ view_parse ] --END-- [ RunTime:0.037947s ]
INFO: [ view_filter ] --START--
INFO: ContentReplace Behavior ::run [ RunTime:0.002421s ]
INFO: TokenBuild Behavior ::run [ RunTime:0.002513s ]
INFO: WriteHtmlCache Behavior ::run [ RunTime:0.001897s ]
INFO: ShowRuntime Behavior ::run [ RunTime:0.004755s ]
INFO: [ view_filter ] --END-- [ RunTime:0.012607s ]
INFO: [ view_end ] --START--
INFO: ShowPageTrace Behavior ::run [ RunTime:0.003163s ]
INFO: [ view_end ] --END-- [ RunTime:0.003602s ]

[ 2013-10-19T11:33:25+08:00 ] 127.0.0.1 /myshop/
INFO: [ app_begin ] --START--
INFO: ReadHtmlCache Behavior ::run [ RunTime:0.001579s ]
INFO: [ app_begin ] --END-- [ RunTime:0.001702s ]
INFO: [ view_parse ] --START--
INFO: ParseTemplate Behavior ::run [ RunTime:0.013407s ]
INFO: [ view_parse ] --END-- [ RunTime:0.013559s ]
INFO: [ view_filter ] --START--
INFO: ContentReplace Behavior ::run [ RunTime:0.003270s ]
INFO: TokenBuild Behavior ::run [ RunTime:0.002975s ]
INFO: WriteHtmlCache Behavior ::run [ RunTime:0.003026s ]
INFO: ShowRuntime Behavior ::run [ RunTime:0.003822s ]
INFO: [ view_filter ] --END-- [ RunTime:0.014113s ]
INFO: [ view_end ] --START--
INFO: ShowPageTrace Behavior ::run [ RunTime:0.003067s ]
INFO: [ view_end ] --END-- [ RunTime:0.003297s ]

[ 2013-10-19T11:35:58+08:00 ] 127.0.0.1 /myshop/
INFO: [ app_begin ] --START--
INFO: ReadHtmlCache Behavior ::run [ RunTime:0.005938s ]
INFO: [ app_begin ] --END-- [ RunTime:0.006351s ]
INFO: [ view_parse ] --START--
INFO: ParseTemplate Behavior ::run [ RunTime:0.020993s ]
INFO: [ view_parse ] --END-- [ RunTime:0.021234s ]
INFO: [ view_filter ] --START--
INFO: ContentReplace Behavior ::run [ RunTime:0.001017s ]
INFO: TokenBuild Behavior ::run [ RunTime:0.002021s ]
INFO: WriteHtmlCache Behavior ::run [ RunTime:0.003714s ]
INFO: ShowRuntime Behavior ::run [ RunTime:0.003888s ]
INFO: [ view_filter ] --END-- [ RunTime:0.011473s ]
INFO: [ view_end ] --START--
INFO: ShowPageTrace Behavior ::run [ RunTime:0.002731s ]
INFO: [ view_end ] --END-- [ RunTime:0.003003s ]

[ 2013-10-19T11:36:38+08:00 ] 127.0.0.1 /myshop/
INFO: [ app_begin ] --START--
INFO: ReadHtmlCache Behavior ::run [ RunTime:0.004889s ]
INFO: [ app_begin ] --END-- [ RunTime:0.005218s ]
INFO: [ view_parse ] --START--
INFO: ParseTemplate Behavior ::run [ RunTime:0.023476s ]
INFO: [ view_parse ] --END-- [ RunTime:0.023708s ]
INFO: [ view_filter ] --START--
INFO: ContentReplace Behavior ::run [ RunTime:0.000918s ]
INFO: TokenBuild Behavior ::run [ RunTime:0.000900s ]
INFO: WriteHtmlCache Behavior ::run [ RunTime:0.000771s ]
INFO: ShowRuntime Behavior ::run [ RunTime:0.000981s ]
INFO: [ view_filter ] --END-- [ RunTime:0.003804s ]
INFO: [ view_end ] --START--
INFO: ShowPageTrace Behavior ::run [ RunTime:0.000988s ]
INFO: [ view_end ] --END-- [ RunTime:0.001067s ]

[ 2013-10-19T11:36:53+08:00 ] 127.0.0.1 /myshop/
INFO: [ app_begin ] --START--
INFO: ReadHtmlCache Behavior ::run [ RunTime:0.001285s ]
INFO: [ app_begin ] --END-- [ RunTime:0.001386s ]
INFO: [ view_parse ] --START--
INFO: ParseTemplate Behavior ::run [ RunTime:0.013837s ]
INFO: [ view_parse ] --END-- [ RunTime:0.014119s ]
INFO: [ view_filter ] --START--
INFO: ContentReplace Behavior ::run [ RunTime:0.002168s ]
INFO: TokenBuild Behavior ::run [ RunTime:0.001273s ]
INFO: WriteHtmlCache Behavior ::run [ RunTime:0.002855s ]
INFO: ShowRuntime Behavior ::run [ RunTime:0.003769s ]
INFO: [ view_filter ] --END-- [ RunTime:0.010698s ]
INFO: [ view_end ] --START--
INFO: ShowPageTrace Behavior ::run [ RunTime:0.004017s ]
INFO: [ view_end ] --END-- [ RunTime:0.004362s ]

[ 2013-10-19T11:37:11+08:00 ] 127.0.0.1 /myshop/
INFO: [ app_begin ] --START--
INFO: ReadHtmlCache Behavior ::run [ RunTime:0.000709s ]
INFO: [ app_begin ] --END-- [ RunTime:0.000808s ]
INFO: [ view_parse ] --START--
INFO: ParseTemplate Behavior ::run [ RunTime:0.020081s ]
INFO: [ view_parse ] --END-- [ RunTime:0.020227s ]
INFO: [ view_filter ] --START--
INFO: ContentReplace Behavior ::run [ RunTime:0.000738s ]
INFO: TokenBuild Behavior ::run [ RunTime:0.000684s ]
INFO: WriteHtmlCache Behavior ::run [ RunTime:0.000568s ]
INFO: ShowRuntime Behavior ::run [ RunTime:0.000778s ]
INFO: [ view_filter ] --END-- [ RunTime:0.003048s ]
INFO: [ view_end ] --START--
INFO: ShowPageTrace Behavior ::run [ RunTime:0.000858s ]
INFO: [ view_end ] --END-- [ RunTime:0.000956s ]

[ 2013-10-19T11:37:56+08:00 ] 127.0.0.1 /myshop/
INFO: [ app_begin ] --START--
INFO: ReadHtmlCache Behavior ::run [ RunTime:0.000773s ]
INFO: [ app_begin ] --END-- [ RunTime:0.000877s ]
INFO: [ view_parse ] --START--
INFO: ParseTemplate Behavior ::run [ RunTime:0.009165s ]
INFO: [ view_parse ] --END-- [ RunTime:0.009445s ]
INFO: [ view_filter ] --START--
INFO: ContentReplace Behavior ::run [ RunTime:0.002442s ]
INFO: TokenBuild Behavior ::run [ RunTime:0.002159s ]
INFO: WriteHtmlCache Behavior ::run [ RunTime:0.002166s ]
INFO: ShowRuntime Behavior ::run [ RunTime:0.002786s ]
INFO: [ view_filter ] --END-- [ RunTime:0.010515s ]
INFO: [ view_end ] --START--
INFO: ShowPageTrace Behavior ::run [ RunTime:0.002504s ]
INFO: [ view_end ] --END-- [ RunTime:0.002703s ]

[ 2013-10-19T11:38:17+08:00 ] 127.0.0.1 /myshop/
INFO: [ app_begin ] --START--
INFO: ReadHtmlCache Behavior ::run [ RunTime:0.003042s ]
INFO: [ app_begin ] --END-- [ RunTime:0.003433s ]
INFO: [ view_parse ] --START--
INFO: ParseTemplate Behavior ::run [ RunTime:0.013277s ]
INFO: [ view_parse ] --END-- [ RunTime:0.013614s ]
INFO: [ view_filter ] --START--
INFO: ContentReplace Behavior ::run [ RunTime:0.002329s ]
INFO: TokenBuild Behavior ::run [ RunTime:0.002578s ]
INFO: WriteHtmlCache Behavior ::run [ RunTime:0.001105s ]
INFO: ShowRuntime Behavior ::run [ RunTime:0.001932s ]
INFO: [ view_filter ] --END-- [ RunTime:0.008746s ]
INFO: [ view_end ] --START--
INFO: ShowPageTrace Behavior ::run [ RunTime:0.003823s ]
INFO: [ view_end ] --END-- [ RunTime:0.004257s ]

[ 2013-10-19T11:39:10+08:00 ] 127.0.0.1 /myshop/
INFO: [ app_begin ] --START--
INFO: ReadHtmlCache Behavior ::run [ RunTime:0.001268s ]
INFO: [ app_begin ] --END-- [ RunTime:0.001384s ]
INFO: [ view_parse ] --START--
INFO: ParseTemplate Behavior ::run [ RunTime:0.014945s ]
INFO: [ view_parse ] --END-- [ RunTime:0.015070s ]
INFO: [ view_filter ] --START--
INFO: ContentReplace Behavior ::run [ RunTime:0.000990s ]
INFO: TokenBuild Behavior ::run [ RunTime:0.000995s ]
INFO: WriteHtmlCache Behavior ::run [ RunTime:0.000762s ]
INFO: ShowRuntime Behavior ::run [ RunTime:0.000949s ]
INFO: [ view_filter ] --END-- [ RunTime:0.003962s ]
INFO: [ view_end ] --START--
INFO: ShowPageTrace Behavior ::run [ RunTime:0.000991s ]
INFO: [ view_end ] --END-- [ RunTime:0.001070s ]

[ 2013-10-19T11:40:12+08:00 ] 127.0.0.1 /myshop/
INFO: [ app_begin ] --START--
INFO: ReadHtmlCache Behavior ::run [ RunTime:0.001662s ]
INFO: [ app_begin ] --END-- [ RunTime:0.001787s ]
INFO: [ view_parse ] --START--
INFO: ParseTemplate Behavior ::run [ RunTime:0.017086s ]
INFO: [ view_parse ] --END-- [ RunTime:0.017367s ]
INFO: [ view_filter ] --START--
INFO: ContentReplace Behavior ::run [ RunTime:0.003524s ]
INFO: TokenBuild Behavior ::run [ RunTime:0.001532s ]
INFO: WriteHtmlCache Behavior ::run [ RunTime:0.000966s ]
INFO: ShowRuntime Behavior ::run [ RunTime:0.001227s ]
INFO: [ view_filter ] --END-- [ RunTime:0.007798s ]
INFO: [ view_end ] --START--
INFO: ShowPageTrace Behavior ::run [ RunTime:0.001245s ]
INFO: [ view_end ] --END-- [ RunTime:0.001349s ]

[ 2013-10-19T11:43:54+08:00 ] 127.0.0.1 /myshop/
INFO: [ app_begin ] --START--
INFO: ReadHtmlCache Behavior ::run [ RunTime:0.005202s ]
INFO: [ app_begin ] --END-- [ RunTime:0.005490s ]
INFO: [ view_parse ] --START--
INFO: ParseTemplate Behavior ::run [ RunTime:0.026564s ]
INFO: [ view_parse ] --END-- [ RunTime:0.026702s ]
INFO: [ view_filter ] --START--
INFO: ContentReplace Behavior ::run [ RunTime:0.003888s ]
INFO: TokenBuild Behavior ::run [ RunTime:0.003719s ]
INFO: WriteHtmlCache Behavior ::run [ RunTime:0.003379s ]
INFO: ShowRuntime Behavior ::run [ RunTime:0.003882s ]
INFO: [ view_filter ] --END-- [ RunTime:0.017451s ]
INFO: [ view_end ] --START--
INFO: ShowPageTrace Behavior ::run [ RunTime:0.003352s ]
INFO: [ view_end ] --END-- [ RunTime:0.003657s ]

[ 2013-10-19T11:45:24+08:00 ] 127.0.0.1 /myshop/
INFO: [ app_begin ] --START--
INFO: ReadHtmlCache Behavior ::run [ RunTime:0.001757s ]
INFO: [ app_begin ] --END-- [ RunTime:0.001891s ]
INFO: [ view_parse ] --START--
INFO: ParseTemplate Behavior ::run [ RunTime:0.019283s ]
INFO: [ view_parse ] --END-- [ RunTime:0.019430s ]
INFO: [ view_filter ] --START--
INFO: ContentReplace Behavior ::run [ RunTime:0.001194s ]
INFO: TokenBuild Behavior ::run [ RunTime:0.001168s ]
INFO: WriteHtmlCache Behavior ::run [ RunTime:0.000994s ]
INFO: ShowRuntime Behavior ::run [ RunTime:0.001250s ]
INFO: [ view_filter ] --END-- [ RunTime:0.004911s ]
INFO: [ view_end ] --START--
INFO: ShowPageTrace Behavior ::run [ RunTime:0.001394s ]
INFO: [ view_end ] --END-- [ RunTime:0.001504s ]

[ 2013-10-19T11:45:38+08:00 ] 127.0.0.1 /myshop/
INFO: [ app_begin ] --START--
INFO: ReadHtmlCache Behavior ::run [ RunTime:0.001304s ]
INFO: [ app_begin ] --END-- [ RunTime:0.001618s ]
INFO: [ view_parse ] --START--
INFO: ParseTemplate Behavior ::run [ RunTime:0.031702s ]
INFO: [ view_parse ] --END-- [ RunTime:0.032102s ]
INFO: [ view_filter ] --START--
INFO: ContentReplace Behavior ::run [ RunTime:0.002495s ]
INFO: TokenBuild Behavior ::run [ RunTime:0.002123s ]
INFO: WriteHtmlCache Behavior ::run [ RunTime:0.001326s ]
INFO: ShowRuntime Behavior ::run [ RunTime:0.002809s ]
INFO: [ view_filter ] --END-- [ RunTime:0.009400s ]
INFO: [ view_end ] --START--
INFO: ShowPageTrace Behavior ::run [ RunTime:0.000826s ]
INFO: [ view_end ] --END-- [ RunTime:0.000909s ]

[ 2013-10-19T11:47:14+08:00 ] 127.0.0.1 /myshop/
INFO: [ app_begin ] --START--
INFO: ReadHtmlCache Behavior ::run [ RunTime:0.001352s ]
INFO: [ app_begin ] --END-- [ RunTime:0.001481s ]
INFO: [ view_parse ] --START--
INFO: ParseTemplate Behavior ::run [ RunTime:0.014187s ]
INFO: [ view_parse ] --END-- [ RunTime:0.014305s ]
INFO: [ view_filter ] --START--
INFO: ContentReplace Behavior ::run [ RunTime:0.000980s ]
INFO: TokenBuild Behavior ::run [ RunTime:0.000895s ]
INFO: WriteHtmlCache Behavior ::run [ RunTime:0.000766s ]
INFO: ShowRuntime Behavior ::run [ RunTime:0.001152s ]
INFO: [ view_filter ] --END-- [ RunTime:0.004040s ]
INFO: [ view_end ] --START--
INFO: ShowPageTrace Behavior ::run [ RunTime:0.001130s ]
INFO: [ view_end ] --END-- [ RunTime:0.001223s ]

[ 2013-10-19T11:47:45+08:00 ] 127.0.0.1 /myshop/
INFO: [ app_begin ] --START--
INFO: ReadHtmlCache Behavior ::run [ RunTime:0.001599s ]
INFO: [ app_begin ] --END-- [ RunTime:0.001732s ]
INFO: [ view_parse ] --START--
INFO: ParseTemplate Behavior ::run [ RunTime:0.029225s ]
INFO: [ view_parse ] --END-- [ RunTime:0.029405s ]
INFO: [ view_filter ] --START--
INFO: ContentReplace Behavior ::run [ RunTime:0.003555s ]
INFO: TokenBuild Behavior ::run [ RunTime:0.003682s ]
INFO: WriteHtmlCache Behavior ::run [ RunTime:0.003128s ]
INFO: ShowRuntime Behavior ::run [ RunTime:0.003935s ]
INFO: [ view_filter ] --END-- [ RunTime:0.015146s ]
INFO: [ view_end ] --START--
INFO: ShowPageTrace Behavior ::run [ RunTime:0.003630s ]
INFO: [ view_end ] --END-- [ RunTime:0.003971s ]

[ 2013-10-19T11:49:36+08:00 ] 127.0.0.1 /myshop/
INFO: [ app_begin ] --START--
INFO: ReadHtmlCache Behavior ::run [ RunTime:0.005460s ]
INFO: [ app_begin ] --END-- [ RunTime:0.005952s ]
INFO: [ view_parse ] --START--
INFO: ParseTemplate Behavior ::run [ RunTime:0.038696s ]
INFO: [ view_parse ] --END-- [ RunTime:0.038939s ]
INFO: [ view_filter ] --START--
INFO: ContentReplace Behavior ::run [ RunTime:0.000920s ]
INFO: TokenBuild Behavior ::run [ RunTime:0.000893s ]
INFO: WriteHtmlCache Behavior ::run [ RunTime:0.000769s ]
INFO: ShowRuntime Behavior ::run [ RunTime:0.000972s ]
INFO: [ view_filter ] --END-- [ RunTime:0.003792s ]
INFO: [ view_end ] --START--
INFO: ShowPageTrace Behavior ::run [ RunTime:0.001028s ]
INFO: [ view_end ] --END-- [ RunTime:0.001109s ]

[ 2013-10-19T11:50:49+08:00 ] 127.0.0.1 /myshop/
INFO: [ app_begin ] --START--
INFO: ReadHtmlCache Behavior ::run [ RunTime:0.003007s ]
INFO: [ app_begin ] --END-- [ RunTime:0.003385s ]
INFO: [ view_parse ] --START--
INFO: ParseTemplate Behavior ::run [ RunTime:0.028452s ]
INFO: [ view_parse ] --END-- [ RunTime:0.028856s ]
INFO: [ view_filter ] --START--
INFO: ContentReplace Behavior ::run [ RunTime:0.002645s ]
INFO: TokenBuild Behavior ::run [ RunTime:0.002555s ]
INFO: WriteHtmlCache Behavior ::run [ RunTime:0.002009s ]
INFO: ShowRuntime Behavior ::run [ RunTime:0.002662s ]
INFO: [ view_filter ] --END-- [ RunTime:0.010789s ]
INFO: [ view_end ] --START--
INFO: ShowPageTrace Behavior ::run [ RunTime:0.002285s ]
INFO: [ view_end ] --END-- [ RunTime:0.002494s ]

[ 2013-10-19T11:51:18+08:00 ] 127.0.0.1 /myshop/
INFO: [ app_begin ] --START--
INFO: ReadHtmlCache Behavior ::run [ RunTime:0.001330s ]
INFO: [ app_begin ] --END-- [ RunTime:0.001439s ]
INFO: [ view_parse ] --START--
INFO: ParseTemplate Behavior ::run [ RunTime:0.018434s ]
INFO: [ view_parse ] --END-- [ RunTime:0.018552s ]
INFO: [ view_filter ] --START--
INFO: ContentReplace Behavior ::run [ RunTime:0.001024s ]
INFO: TokenBuild Behavior ::run [ RunTime:0.002493s ]
INFO: WriteHtmlCache Behavior ::run [ RunTime:0.001890s ]
INFO: ShowRuntime Behavior ::run [ RunTime:0.001629s ]
INFO: [ view_filter ] --END-- [ RunTime:0.007652s ]
INFO: [ view_end ] --START--
INFO: ShowPageTrace Behavior ::run [ RunTime:0.001653s ]
INFO: [ view_end ] --END-- [ RunTime:0.001781s ]

[ 2013-10-19T11:51:49+08:00 ] 127.0.0.1 /myshop/
INFO: [ app_begin ] --START--
INFO: ReadHtmlCache Behavior ::run [ RunTime:0.001641s ]
INFO: [ app_begin ] --END-- [ RunTime:0.001762s ]
INFO: [ view_parse ] --START--
INFO: ParseTemplate Behavior ::run [ RunTime:0.015328s ]
INFO: [ view_parse ] --END-- [ RunTime:0.015450s ]
INFO: [ view_filter ] --START--
INFO: ContentReplace Behavior ::run [ RunTime:0.000932s ]
INFO: TokenBuild Behavior ::run [ RunTime:0.000826s ]
INFO: WriteHtmlCache Behavior ::run [ RunTime:0.000719s ]
INFO: ShowRuntime Behavior ::run [ RunTime:0.003405s ]
INFO: [ view_filter ] --END-- [ RunTime:0.006135s ]
INFO: [ view_end ] --START--
INFO: ShowPageTrace Behavior ::run [ RunTime:0.004503s ]
INFO: [ view_end ] --END-- [ RunTime:0.004833s ]

[ 2013-10-19T11:52:49+08:00 ] 127.0.0.1 /myshop/
INFO: [ app_begin ] --START--
INFO: ReadHtmlCache Behavior ::run [ RunTime:0.003101s ]
INFO: [ app_begin ] --END-- [ RunTime:0.003381s ]
INFO: [ view_parse ] --START--
INFO: ParseTemplate Behavior ::run [ RunTime:0.028403s ]
INFO: [ view_parse ] --END-- [ RunTime:0.028659s ]
INFO: [ view_filter ] --START--
INFO: ContentReplace Behavior ::run [ RunTime:0.002323s ]
INFO: TokenBuild Behavior ::run [ RunTime:0.002511s ]
INFO: WriteHtmlCache Behavior ::run [ RunTime:0.001499s ]
INFO: ShowRuntime Behavior ::run [ RunTime:0.000724s ]
INFO: [ view_filter ] --END-- [ RunTime:0.007705s ]
INFO: [ view_end ] --START--
INFO: ShowPageTrace Behavior ::run [ RunTime:0.000755s ]
INFO: [ view_end ] --END-- [ RunTime:0.000835s ]

[ 2013-10-19T11:53:09+08:00 ] 127.0.0.1 /myshop/
INFO: [ app_begin ] --START--
INFO: ReadHtmlCache Behavior ::run [ RunTime:0.001461s ]
INFO: [ app_begin ] --END-- [ RunTime:0.001585s ]
INFO: [ view_parse ] --START--
INFO: ParseTemplate Behavior ::run [ RunTime:0.015024s ]
INFO: [ view_parse ] --END-- [ RunTime:0.015183s ]
INFO: [ view_filter ] --START--
INFO: ContentReplace Behavior ::run [ RunTime:0.001402s ]
INFO: TokenBuild Behavior ::run [ RunTime:0.001277s ]
INFO: WriteHtmlCache Behavior ::run [ RunTime:0.000996s ]
INFO: ShowRuntime Behavior ::run [ RunTime:0.001576s ]
INFO: [ view_filter ] --END-- [ RunTime:0.005583s ]
INFO: [ view_end ] --START--
INFO: ShowPageTrace Behavior ::run [ RunTime:0.001440s ]
INFO: [ view_end ] --END-- [ RunTime:0.001573s ]

[ 2013-10-19T11:54:13+08:00 ] 127.0.0.1 /myshop/
INFO: [ app_begin ] --START--
INFO: ReadHtmlCache Behavior ::run [ RunTime:0.001253s ]
INFO: [ app_begin ] --END-- [ RunTime:0.001352s ]
INFO: [ view_parse ] --START--
INFO: ParseTemplate Behavior ::run [ RunTime:0.011548s ]
INFO: [ view_parse ] --END-- [ RunTime:0.011670s ]
INFO: [ view_filter ] --START--
INFO: ContentReplace Behavior ::run [ RunTime:0.000982s ]
INFO: TokenBuild Behavior ::run [ RunTime:0.001723s ]
INFO: WriteHtmlCache Behavior ::run [ RunTime:0.003045s ]
INFO: ShowRuntime Behavior ::run [ RunTime:0.005052s ]
INFO: [ view_filter ] --END-- [ RunTime:0.011403s ]
INFO: [ view_end ] --START--
INFO: ShowPageTrace Behavior ::run [ RunTime:0.004797s ]
INFO: [ view_end ] --END-- [ RunTime:0.005163s ]

[ 2013-10-19T11:54:18+08:00 ] 127.0.0.1 /myshop/
INFO: [ app_begin ] --START--
INFO: ReadHtmlCache Behavior ::run [ RunTime:0.005296s ]
INFO: [ app_begin ] --END-- [ RunTime:0.005749s ]
INFO: [ view_parse ] --START--
INFO: ParseTemplate Behavior ::run [ RunTime:0.046121s ]
INFO: [ view_parse ] --END-- [ RunTime:0.046362s ]
INFO: [ view_filter ] --START--
INFO: ContentReplace Behavior ::run [ RunTime:0.000928s ]
INFO: TokenBuild Behavior ::run [ RunTime:0.000973s ]
INFO: WriteHtmlCache Behavior ::run [ RunTime:0.000757s ]
INFO: ShowRuntime Behavior ::run [ RunTime:0.000922s ]
INFO: [ view_filter ] --END-- [ RunTime:0.003809s ]
INFO: [ view_end ] --START--
INFO: ShowPageTrace Behavior ::run [ RunTime:0.000991s ]
INFO: [ view_end ] --END-- [ RunTime:0.001069s ]

[ 2013-10-19T11:54:51+08:00 ] 127.0.0.1 /myshop/
INFO: [ app_begin ] --START--
INFO: ReadHtmlCache Behavior ::run [ RunTime:0.001268s ]
INFO: [ app_begin ] --END-- [ RunTime:0.001367s ]
INFO: [ view_parse ] --START--
INFO: ParseTemplate Behavior ::run [ RunTime:0.011264s ]
INFO: [ view_parse ] --END-- [ RunTime:0.011412s ]
INFO: [ view_filter ] --START--
INFO: ContentReplace Behavior ::run [ RunTime:0.001463s ]
INFO: TokenBuild Behavior ::run [ RunTime:0.000985s ]
INFO: WriteHtmlCache Behavior ::run [ RunTime:0.000876s ]
INFO: ShowRuntime Behavior ::run [ RunTime:0.001036s ]
INFO: [ view_filter ] --END-- [ RunTime:0.004663s ]
INFO: [ view_end ] --START--
INFO: ShowPageTrace Behavior ::run [ RunTime:0.001166s ]
INFO: [ view_end ] --END-- [ RunTime:0.001257s ]

[ 2013-10-19T11:54:57+08:00 ] 127.0.0.1 /myshop/
INFO: [ app_begin ] --START--
INFO: ReadHtmlCache Behavior ::run [ RunTime:0.001266s ]
INFO: [ app_begin ] --END-- [ RunTime:0.001376s ]
INFO: [ view_parse ] --START--
INFO: ParseTemplate Behavior ::run [ RunTime:0.011298s ]
INFO: [ view_parse ] --END-- [ RunTime:0.011413s ]
INFO: [ view_filter ] --START--
INFO: ContentReplace Behavior ::run [ RunTime:0.001118s ]
INFO: TokenBuild Behavior ::run [ RunTime:0.001317s ]
INFO: WriteHtmlCache Behavior ::run [ RunTime:0.001228s ]
INFO: ShowRuntime Behavior ::run [ RunTime:0.001297s ]
INFO: [ view_filter ] --END-- [ RunTime:0.005328s ]
INFO: [ view_end ] --START--
INFO: ShowPageTrace Behavior ::run [ RunTime:0.001787s ]
INFO: [ view_end ] --END-- [ RunTime:0.001885s ]

[ 2013-10-19T11:55:36+08:00 ] 127.0.0.1 /myshop/
INFO: [ app_begin ] --START--
INFO: ReadHtmlCache Behavior ::run [ RunTime:0.001283s ]
INFO: [ app_begin ] --END-- [ RunTime:0.001382s ]
INFO: [ view_parse ] --START--
INFO: ParseTemplate Behavior ::run [ RunTime:0.021299s ]
INFO: [ view_parse ] --END-- [ RunTime:0.021585s ]
INFO: [ view_filter ] --START--
INFO: ContentReplace Behavior ::run [ RunTime:0.003498s ]
INFO: TokenBuild Behavior ::run [ RunTime:0.000913s ]
INFO: WriteHtmlCache Behavior ::run [ RunTime:0.000743s ]
INFO: ShowRuntime Behavior ::run [ RunTime:0.000928s ]
INFO: [ view_filter ] --END-- [ RunTime:0.006435s ]
INFO: [ view_end ] --START--
INFO: ShowPageTrace Behavior ::run [ RunTime:0.001009s ]
INFO: [ view_end ] --END-- [ RunTime:0.001088s ]

[ 2013-10-19T11:56:01+08:00 ] 127.0.0.1 /myshop/
INFO: [ app_begin ] --START--
INFO: ReadHtmlCache Behavior ::run [ RunTime:0.002715s ]
INFO: [ app_begin ] --END-- [ RunTime:0.003020s ]
INFO: [ view_parse ] --START--
INFO: ParseTemplate Behavior ::run [ RunTime:0.028514s ]
INFO: [ view_parse ] --END-- [ RunTime:0.028817s ]
INFO: [ view_filter ] --START--
INFO: ContentReplace Behavior ::run [ RunTime:0.002691s ]
INFO: TokenBuild Behavior ::run [ RunTime:0.002251s ]
INFO: WriteHtmlCache Behavior ::run [ RunTime:0.003127s ]
INFO: ShowRuntime Behavior ::run [ RunTime:0.004308s ]
INFO: [ view_filter ] --END-- [ RunTime:0.013231s ]
INFO: [ view_end ] --START--
INFO: ShowPageTrace Behavior ::run [ RunTime:0.004579s ]
INFO: [ view_end ] --END-- [ RunTime:0.004910s ]

[ 2013-10-19T11:56:05+08:00 ] 127.0.0.1 /myshop/
INFO: [ app_begin ] --START--
INFO: ReadHtmlCache Behavior ::run [ RunTime:0.001345s ]
INFO: [ app_begin ] --END-- [ RunTime:0.001451s ]
INFO: [ view_parse ] --START--
INFO: ParseTemplate Behavior ::run [ RunTime:0.012860s ]
INFO: [ view_parse ] --END-- [ RunTime:0.012969s ]
INFO: [ view_filter ] --START--
INFO: ContentReplace Behavior ::run [ RunTime:0.001292s ]
INFO: TokenBuild Behavior ::run [ RunTime:0.000883s ]
INFO: WriteHtmlCache Behavior ::run [ RunTime:0.000810s ]
INFO: ShowRuntime Behavior ::run [ RunTime:0.001085s ]
INFO: [ view_filter ] --END-- [ RunTime:0.004341s ]
INFO: [ view_end ] --START--
INFO: ShowPageTrace Behavior ::run [ RunTime:0.001033s ]
INFO: [ view_end ] --END-- [ RunTime:0.001119s ]

[ 2013-10-19T11:57:43+08:00 ] 127.0.0.1 /myshop/
INFO: [ app_begin ] --START--
INFO: ReadHtmlCache Behavior ::run [ RunTime:0.001615s ]
INFO: [ app_begin ] --END-- [ RunTime:0.001770s ]
INFO: [ view_parse ] --START--
INFO: ParseTemplate Behavior ::run [ RunTime:0.011348s ]
INFO: [ view_parse ] --END-- [ RunTime:0.011469s ]
INFO: [ view_filter ] --START--
INFO: ContentReplace Behavior ::run [ RunTime:0.000991s ]
INFO: TokenBuild Behavior ::run [ RunTime:0.000914s ]
INFO: WriteHtmlCache Behavior ::run [ RunTime:0.000764s ]
INFO: ShowRuntime Behavior ::run [ RunTime:0.000924s ]
INFO: [ view_filter ] --END-- [ RunTime:0.003849s ]
INFO: [ view_end ] --START--
INFO: ShowPageTrace Behavior ::run [ RunTime:0.000993s ]
INFO: [ view_end ] --END-- [ RunTime:0.001095s ]

[ 2013-10-19T11:58:15+08:00 ] 127.0.0.1 /myshop/
INFO: [ app_begin ] --START--
INFO: ReadHtmlCache Behavior ::run [ RunTime:0.000794s ]
INFO: [ app_begin ] --END-- [ RunTime:0.000904s ]
INFO: [ view_parse ] --START--
INFO: ParseTemplate Behavior ::run [ RunTime:0.026906s ]
INFO: [ view_parse ] --END-- [ RunTime:0.027265s ]
INFO: [ view_filter ] --START--
INFO: ContentReplace Behavior ::run [ RunTime:0.002551s ]
INFO: TokenBuild Behavior ::run [ RunTime:0.001193s ]
INFO: WriteHtmlCache Behavior ::run [ RunTime:0.000537s ]
INFO: ShowRuntime Behavior ::run [ RunTime:0.000716s ]
INFO: [ view_filter ] --END-- [ RunTime:0.005591s ]
INFO: [ view_end ] --START--
INFO: ShowPageTrace Behavior ::run [ RunTime:0.000777s ]
INFO: [ view_end ] --END-- [ RunTime:0.000864s ]

[ 2013-10-19T12:13:52+08:00 ] 127.0.0.1 /myshop/
INFO: [ app_begin ] --START--
INFO: ReadHtmlCache Behavior ::run [ RunTime:0.004740s ]
INFO: [ app_begin ] --END-- [ RunTime:0.005123s ]
INFO: [ view_parse ] --START--
INFO: ParseTemplate Behavior ::run [ RunTime:0.040892s ]
INFO: [ view_parse ] --END-- [ RunTime:0.041281s ]
INFO: [ view_filter ] --START--
INFO: ContentReplace Behavior ::run [ RunTime:0.003232s ]
INFO: TokenBuild Behavior ::run [ RunTime:0.003417s ]
INFO: WriteHtmlCache Behavior ::run [ RunTime:0.002999s ]
INFO: ShowRuntime Behavior ::run [ RunTime:0.003137s ]
INFO: [ view_filter ] --END-- [ RunTime:0.013618s ]
INFO: [ view_end ] --START--
INFO: ShowPageTrace Behavior ::run [ RunTime:0.003519s ]
INFO: [ view_end ] --END-- [ RunTime:0.003738s ]

[ 2013-10-19T12:14:43+08:00 ] 127.0.0.1 /myshop/
INFO: [ app_begin ] --START--
INFO: ReadHtmlCache Behavior ::run [ RunTime:0.001735s ]
INFO: [ app_begin ] --END-- [ RunTime:0.001868s ]
INFO: [ view_parse ] --START--
INFO: ParseTemplate Behavior ::run [ RunTime:0.017556s ]
INFO: [ view_parse ] --END-- [ RunTime:0.017706s ]
INFO: [ view_filter ] --START--
INFO: ContentReplace Behavior ::run [ RunTime:0.001213s ]
INFO: TokenBuild Behavior ::run [ RunTime:0.001148s ]
INFO: WriteHtmlCache Behavior ::run [ RunTime:0.000975s ]
INFO: ShowRuntime Behavior ::run [ RunTime:0.001257s ]
INFO: [ view_filter ] --END-- [ RunTime:0.004917s ]
INFO: [ view_end ] --START--
INFO: ShowPageTrace Behavior ::run [ RunTime:0.001337s ]
INFO: [ view_end ] --END-- [ RunTime:0.001444s ]

[ 2013-10-19T12:15:07+08:00 ] 127.0.0.1 /myshop/
INFO: [ app_begin ] --START--
INFO: ReadHtmlCache Behavior ::run [ RunTime:0.002926s ]
INFO: [ app_begin ] --END-- [ RunTime:0.003304s ]
INFO: [ view_parse ] --START--
INFO: ParseTemplate Behavior ::run [ RunTime:0.021596s ]
INFO: [ view_parse ] --END-- [ RunTime:0.021828s ]
INFO: [ view_filter ] --START--
INFO: ContentReplace Behavior ::run [ RunTime:0.000635s ]
INFO: TokenBuild Behavior ::run [ RunTime:0.000585s ]
INFO: WriteHtmlCache Behavior ::run [ RunTime:0.000505s ]
INFO: ShowRuntime Behavior ::run [ RunTime:0.000693s ]
INFO: [ view_filter ] --END-- [ RunTime:0.002641s ]
INFO: [ view_end ] --START--
INFO: ShowPageTrace Behavior ::run [ RunTime:0.000750s ]
INFO: [ view_end ] --END-- [ RunTime:0.000828s ]

[ 2013-10-19T12:16:43+08:00 ] 127.0.0.1 /myshop/
INFO: [ app_begin ] --START--
INFO: ReadHtmlCache Behavior ::run [ RunTime:0.001243s ]
INFO: [ app_begin ] --END-- [ RunTime:0.001343s ]
INFO: [ view_parse ] --START--
INFO: ParseTemplate Behavior ::run [ RunTime:0.014395s ]
INFO: [ view_parse ] --END-- [ RunTime:0.014504s ]
INFO: [ view_filter ] --START--
INFO: ContentReplace Behavior ::run [ RunTime:0.000918s ]
INFO: TokenBuild Behavior ::run [ RunTime:0.000906s ]
INFO: WriteHtmlCache Behavior ::run [ RunTime:0.000738s ]
INFO: ShowRuntime Behavior ::run [ RunTime:0.000918s ]
INFO: [ view_filter ] --END-- [ RunTime:0.003707s ]
INFO: [ view_end ] --START--
INFO: ShowPageTrace Behavior ::run [ RunTime:0.000988s ]
INFO: [ view_end ] --END-- [ RunTime:0.001066s ]

[ 2013-10-19T12:47:07+08:00 ] 127.0.0.1 /myshop/
INFO: [ app_begin ] --START--
INFO: ReadHtmlCache Behavior ::run [ RunTime:0.004647s ]
INFO: [ app_begin ] --END-- [ RunTime:0.005030s ]
INFO: [ view_parse ] --START--
INFO: ParseTemplate Behavior ::run [ RunTime:0.040392s ]
INFO: [ view_parse ] --END-- [ RunTime:0.040634s ]
INFO: [ view_filter ] --START--
INFO: ContentReplace Behavior ::run [ RunTime:0.000938s ]
INFO: TokenBuild Behavior ::run [ RunTime:0.000891s ]
INFO: WriteHtmlCache Behavior ::run [ RunTime:0.000805s ]
INFO: ShowRuntime Behavior ::run [ RunTime:0.000996s ]
INFO: [ view_filter ] --END-- [ RunTime:0.003872s ]
INFO: [ view_end ] --START--
INFO: ShowPageTrace Behavior ::run [ RunTime:0.000993s ]
INFO: [ view_end ] --END-- [ RunTime:0.001072s ]

[ 2013-10-19T12:50:36+08:00 ] 127.0.0.1 /myshop/
INFO: [ app_begin ] --START--
INFO: ReadHtmlCache Behavior ::run [ RunTime:0.005713s ]
INFO: [ app_begin ] --END-- [ RunTime:0.005832s ]
INFO: [ view_parse ] --START--
INFO: ParseTemplate Behavior ::run [ RunTime:0.017259s ]
INFO: [ view_parse ] --END-- [ RunTime:0.017545s ]
INFO: [ view_filter ] --START--
INFO: ContentReplace Behavior ::run [ RunTime:0.003400s ]
INFO: TokenBuild Behavior ::run [ RunTime:0.003575s ]
INFO: WriteHtmlCache Behavior ::run [ RunTime:0.002086s ]
INFO: ShowRuntime Behavior ::run [ RunTime:0.004779s ]
INFO: [ view_filter ] --END-- [ RunTime:0.014889s ]
INFO: [ view_end ] --START--
INFO: ShowPageTrace Behavior ::run [ RunTime:0.004154s ]
INFO: [ view_end ] --END-- [ RunTime:0.004509s ]

[ 2013-10-19T12:50:58+08:00 ] 127.0.0.1 /myshop/
INFO: [ app_begin ] --START--
INFO: ReadHtmlCache Behavior ::run [ RunTime:0.001291s ]
INFO: [ app_begin ] --END-- [ RunTime:0.001395s ]
INFO: [ view_parse ] --START--
INFO: ParseTemplate Behavior ::run [ RunTime:0.030229s ]
INFO: [ view_parse ] --END-- [ RunTime:0.030345s ]
INFO: [ view_filter ] --START--
INFO: ContentReplace Behavior ::run [ RunTime:0.000970s ]
INFO: TokenBuild Behavior ::run [ RunTime:0.000963s ]
INFO: WriteHtmlCache Behavior ::run [ RunTime:0.000875s ]
INFO: ShowRuntime Behavior ::run [ RunTime:0.001044s ]
INFO: [ view_filter ] --END-- [ RunTime:0.004102s ]
INFO: [ view_end ] --START--
INFO: ShowPageTrace Behavior ::run [ RunTime:0.001008s ]
INFO: [ view_end ] --END-- [ RunTime:0.001089s ]

[ 2013-10-19T12:51:14+08:00 ] 127.0.0.1 /myshop/
INFO: [ app_begin ] --START--
INFO: ReadHtmlCache Behavior ::run [ RunTime:0.000855s ]
INFO: [ app_begin ] --END-- [ RunTime:0.000964s ]
INFO: [ view_parse ] --START--
INFO: ParseTemplate Behavior ::run [ RunTime:0.011814s ]
INFO: [ view_parse ] --END-- [ RunTime:0.011928s ]
INFO: [ view_filter ] --START--
INFO: ContentReplace Behavior ::run [ RunTime:0.001005s ]
INFO: TokenBuild Behavior ::run [ RunTime:0.001085s ]
INFO: WriteHtmlCache Behavior ::run [ RunTime:0.000646s ]
INFO: ShowRuntime Behavior ::run [ RunTime:0.001089s ]
INFO: [ view_filter ] --END-- [ RunTime:0.004185s ]
INFO: [ view_end ] --START--
INFO: ShowPageTrace Behavior ::run [ RunTime:0.001246s ]
INFO: [ view_end ] --END-- [ RunTime:0.001382s ]

[ 2013-10-19T12:54:53+08:00 ] 127.0.0.1 /myshop/
INFO: [ app_begin ] --START--
INFO: ReadHtmlCache Behavior ::run [ RunTime:0.001306s ]
INFO: [ app_begin ] --END-- [ RunTime:0.001405s ]
INFO: [ view_parse ] --START--
INFO: ParseTemplate Behavior ::run [ RunTime:0.028771s ]
INFO: [ view_parse ] --END-- [ RunTime:0.028916s ]
INFO: [ view_filter ] --START--
INFO: ContentReplace Behavior ::run [ RunTime:0.000976s ]
INFO: TokenBuild Behavior ::run [ RunTime:0.000831s ]
INFO: WriteHtmlCache Behavior ::run [ RunTime:0.000766s ]
INFO: ShowRuntime Behavior ::run [ RunTime:0.001220s ]
INFO: [ view_filter ] --END-- [ RunTime:0.004054s ]
INFO: [ view_end ] --START--
INFO: ShowPageTrace Behavior ::run [ RunTime:0.001043s ]
INFO: [ view_end ] --END-- [ RunTime:0.001128s ]

[ 2013-10-19T12:54:57+08:00 ] 127.0.0.1 /myshop/
INFO: [ app_begin ] --START--
INFO: ReadHtmlCache Behavior ::run [ RunTime:0.000811s ]
INFO: [ app_begin ] --END-- [ RunTime:0.000910s ]
INFO: [ view_parse ] --START--
INFO: ParseTemplate Behavior ::run [ RunTime:0.011811s ]
INFO: [ view_parse ] --END-- [ RunTime:0.011926s ]
INFO: [ view_filter ] --START--
INFO: ContentReplace Behavior ::run [ RunTime:0.000647s ]
INFO: TokenBuild Behavior ::run [ RunTime:0.001269s ]
INFO: WriteHtmlCache Behavior ::run [ RunTime:0.002288s ]
INFO: ShowRuntime Behavior ::run [ RunTime:0.002381s ]
INFO: [ view_filter ] --END-- [ RunTime:0.007341s ]
INFO: [ view_end ] --START--
INFO: ShowPageTrace Behavior ::run [ RunTime:0.003079s ]
INFO: [ view_end ] --END-- [ RunTime:0.003408s ]

[ 2013-10-19T12:55:52+08:00 ] 127.0.0.1 /myshop/
INFO: [ app_begin ] --START--
INFO: ReadHtmlCache Behavior ::run [ RunTime:0.000744s ]
INFO: [ app_begin ] --END-- [ RunTime:0.000844s ]
INFO: [ view_parse ] --START--
INFO: ParseTemplate Behavior ::run [ RunTime:0.017620s ]
INFO: [ view_parse ] --END-- [ RunTime:0.017731s ]
INFO: [ view_filter ] --START--
INFO: ContentReplace Behavior ::run [ RunTime:0.000668s ]
INFO: TokenBuild Behavior ::run [ RunTime:0.000634s ]
INFO: WriteHtmlCache Behavior ::run [ RunTime:0.000515s ]
INFO: ShowRuntime Behavior ::run [ RunTime:0.000957s ]
INFO: [ view_filter ] --END-- [ RunTime:0.003045s ]
INFO: [ view_end ] --START--
INFO: ShowPageTrace Behavior ::run [ RunTime:0.000837s ]
INFO: [ view_end ] --END-- [ RunTime:0.000953s ]

[ 2013-10-19T13:07:18+08:00 ] 127.0.0.1 /myshop/
INFO: [ app_begin ] --START--
INFO: ReadHtmlCache Behavior ::run [ RunTime:0.004657s ]
INFO: [ app_begin ] --END-- [ RunTime:0.004941s ]
INFO: [ view_parse ] --START--
INFO: ParseTemplate Behavior ::run [ RunTime:0.028648s ]
INFO: [ view_parse ] --END-- [ RunTime:0.028884s ]
INFO: [ view_filter ] --START--
INFO: ContentReplace Behavior ::run [ RunTime:0.000922s ]
INFO: TokenBuild Behavior ::run [ RunTime:0.000887s ]
INFO: WriteHtmlCache Behavior ::run [ RunTime:0.000806s ]
INFO: ShowRuntime Behavior ::run [ RunTime:0.000971s ]
INFO: [ view_filter ] --END-- [ RunTime:0.003871s ]
INFO: [ view_end ] --START--
INFO: ShowPageTrace Behavior ::run [ RunTime:0.000988s ]
INFO: [ view_end ] --END-- [ RunTime:0.001068s ]

